\BOOKMARK [0][-]{section*.1}{Contents}{}% 1
\BOOKMARK [-1][-]{part.1}{Introduction}{}% 2
\BOOKMARK [0][-]{chapter.1}{Research themes}{part.1}% 3
\BOOKMARK [1][-]{section.1.1}{Programming language design}{chapter.1}% 4
\BOOKMARK [0][-]{chapter.2}{Language Design concepts}{part.1}% 5
\BOOKMARK [1][-]{section.2.1}{Chapter Scope}{chapter.2}% 6
\BOOKMARK [1][-]{section.2.2}{Syntax}{chapter.2}% 7
\BOOKMARK [2][-]{subsection.2.2.1}{Literals}{section.2.2}% 8
\BOOKMARK [2][-]{subsection.2.2.2}{Identifiers}{section.2.2}% 9
\BOOKMARK [3][-]{subsubsection.2.2.2.1}{Overloading}{subsection.2.2.2}% 10
\BOOKMARK [3][-]{subsubsection.2.2.2.2}{Scope}{subsection.2.2.2}% 11
\BOOKMARK [3][-]{subsubsection.2.2.2.3}{Implicit scope}{subsection.2.2.2}% 12
\BOOKMARK [2][-]{subsection.2.2.3}{Expression evaluation}{section.2.2}% 13
\BOOKMARK [3][-]{subsubsection.2.2.3.1}{Lazy vs eager evaluation}{subsection.2.2.3}% 14
\BOOKMARK [2][-]{subsection.2.2.4}{Syntactic sugar}{section.2.2}% 15
\BOOKMARK [3][-]{subsubsection.2.2.4.1}{Macros}{subsection.2.2.4}% 16
\BOOKMARK [1][-]{section.2.3}{Abstraction from hardware}{chapter.2}% 17
\BOOKMARK [2][-]{subsection.2.3.1}{View of memory}{section.2.3}% 18
\BOOKMARK [2][-]{subsection.2.3.2}{Portability}{section.2.3}% 19
\BOOKMARK [2][-]{subsection.2.3.3}{Programming discipline}{section.2.3}% 20
\BOOKMARK [2][-]{subsection.2.3.4}{Type system}{section.2.3}% 21
\BOOKMARK [3][-]{subsubsection.2.3.4.1}{Implementing abstract data-types}{subsection.2.3.4}% 22
\BOOKMARK [3][-]{subsubsection.2.3.4.2}{Compile time vs run-time}{subsection.2.3.4}% 23
\BOOKMARK [3][-]{subsubsection.2.3.4.3}{Strong vs weak}{subsection.2.3.4}% 24
\BOOKMARK [1][-]{section.2.4}{Procedures}{chapter.2}% 25
\BOOKMARK [2][-]{subsection.2.4.1}{Mathematical functions}{section.2.4}% 26
\BOOKMARK [2][-]{subsection.2.4.2}{Passing arguments to procedures}{section.2.4}% 27
\BOOKMARK [2][-]{subsection.2.4.3}{Operators}{section.2.4}% 28
\BOOKMARK [1][-]{section.2.5}{Object creation and manipulation}{chapter.2}% 29
\BOOKMARK [2][-]{subsection.2.5.1}{Object manipulation}{section.2.5}% 30
\BOOKMARK [2][-]{subsection.2.5.2}{Encapsulation and locality}{section.2.5}% 31
\BOOKMARK [3][-]{subsubsection.2.5.2.1}{Methods}{subsection.2.5.2}% 32
\BOOKMARK [2][-]{subsection.2.5.3}{Object construction and destruction}{section.2.5}% 33
\BOOKMARK [3][-]{subsubsection.2.5.3.1}{Classes}{subsection.2.5.3}% 34
\BOOKMARK [3][-]{subsubsection.2.5.3.2}{Cloning prototypes}{subsection.2.5.3}% 35
\BOOKMARK [3][-]{subsubsection.2.5.3.3}{Deep copy}{subsection.2.5.3}% 36
\BOOKMARK [3][-]{subsubsection.2.5.3.4}{Factory methods}{subsection.2.5.3}% 37
\BOOKMARK [2][-]{subsection.2.5.4}{Inheritance}{section.2.5}% 38
\BOOKMARK [3][-]{subsubsection.2.5.4.1}{Benefits}{subsection.2.5.4}% 39
\BOOKMARK [3][-]{subsubsection.2.5.4.2}{Abstract class/ interface}{subsection.2.5.4}% 40
\BOOKMARK [3][-]{subsubsection.2.5.4.3}{Dynamic dispatch}{subsection.2.5.4}% 41
\BOOKMARK [3][-]{subsubsection.2.5.4.4}{Multiple inheritance}{subsection.2.5.4}% 42
\BOOKMARK [2][-]{subsection.2.5.5}{Prototyping-based languages}{section.2.5}% 43
\BOOKMARK [2][-]{subsection.2.5.6}{Mutability}{section.2.5}% 44
\BOOKMARK [2][-]{subsection.2.5.7}{Class with optional members}{section.2.5}% 45
\BOOKMARK [3][-]{subsubsection.2.5.7.1}{As inheritance tree}{subsection.2.5.7}% 46
\BOOKMARK [3][-]{subsubsection.2.5.7.2}{Use with pattern matching}{subsection.2.5.7}% 47
\BOOKMARK [1][-]{section.2.6}{Functions as objects}{chapter.2}% 48
\BOOKMARK [2][-]{subsubsection.2.6.0.3}{Functions acting on functions}{section.2.6}% 49
\BOOKMARK [3][-]{subsubsection.2.6.0.4}{Event driven programming}{subsubsection.2.6.0.3}% 50
\BOOKMARK [2][-]{subsection.2.6.1}{Functions with non-local references}{section.2.6}% 51
\BOOKMARK [3][-]{subsubsection.2.6.1.1}{Extended function definition using decorator}{subsection.2.6.1}% 52
\BOOKMARK [2][-]{subsection.2.6.2}{Partial application}{section.2.6}% 53
\BOOKMARK [2][-]{subsection.2.6.3}{Currying}{section.2.6}% 54
\BOOKMARK [3][-]{subsubsection.2.6.3.1}{Lambda calculus}{subsection.2.6.3}% 55
\BOOKMARK [2][-]{subsection.2.6.4}{Iteration aids}{section.2.6}% 56
\BOOKMARK [3][-]{subsubsection.2.6.4.1}{Tail recursion}{subsection.2.6.4}% 57
\BOOKMARK [1][-]{section.2.7}{Functions without side effects}{chapter.2}% 58
\BOOKMARK [2][-]{subsection.2.7.1}{Dependence on non-input values}{section.2.7}% 59
\BOOKMARK [3][-]{subsubsection.2.7.1.1}{Closure restrictions}{subsection.2.7.1}% 60
\BOOKMARK [2][-]{subsection.2.7.2}{Immutability of input}{section.2.7}% 61
\BOOKMARK [1][-]{section.2.8}{Decision structures}{chapter.2}% 62
\BOOKMARK [2][-]{subsection.2.8.1}{Branching}{section.2.8}% 63
\BOOKMARK [3][-]{subsubsection.2.8.1.1}{Matching a value}{subsection.2.8.1}% 64
\BOOKMARK [2][-]{subsection.2.8.2}{Iterative operations}{section.2.8}% 65
\BOOKMARK [3][-]{subsubsection.2.8.2.1}{Imperative loops}{subsection.2.8.2}% 66
\BOOKMARK [3][-]{subsubsection.2.8.2.2}{Recursion}{subsection.2.8.2}% 67
\BOOKMARK [3][-]{subsubsection.2.8.2.3}{Declarative operations on lists}{subsection.2.8.2}% 68
\BOOKMARK [1][-]{section.2.9}{Type-generic definitions}{chapter.2}% 69
\BOOKMARK [1][-]{section.2.10}{Specifying generators}{chapter.2}% 70
\BOOKMARK [2][-]{subsubsection.2.10.0.4}{Set-builder syntax}{section.2.10}% 71
\BOOKMARK [1][-]{section.2.11}{Application programming interface \(API\)}{chapter.2}% 72
\BOOKMARK [2][-]{subsection.2.11.1}{Higher order functions for lists}{section.2.11}% 73
\BOOKMARK [3][-]{subsubsection.2.11.1.1}{Map}{subsection.2.11.1}% 74
\BOOKMARK [3][-]{subsubsection.2.11.1.2}{Filter}{subsection.2.11.1}% 75
\BOOKMARK [3][-]{subsubsection.2.11.1.3}{Transformation-types}{subsection.2.11.1}% 76
\BOOKMARK [3][-]{subsubsection.2.11.1.4}{Fold}{subsection.2.11.1}% 77
\BOOKMARK [1][-]{section.2.12}{Remote procedure call \(RPC\)}{chapter.2}% 78
\BOOKMARK [2][-]{subsection.2.12.1}{Pipeline}{section.2.12}% 79
\BOOKMARK [1][-]{section.2.13}{Exception handling}{chapter.2}% 80
\BOOKMARK [2][-]{subsection.2.13.1}{try catch blocks}{section.2.13}% 81
\BOOKMARK [3][-]{subsubsection.2.13.1.1}{Context handler classes}{subsection.2.13.1}% 82
\BOOKMARK [1][-]{section.2.14}{Test framework}{chapter.2}% 83
\BOOKMARK [0][-]{chapter.3}{Parallel programming programming models}{part.1}% 84
\BOOKMARK [1][-]{section.3.1}{Thread abstraction}{chapter.3}% 85
\BOOKMARK [2][-]{subsection.3.1.1}{Fork and join}{section.3.1}% 86
\BOOKMARK [1][-]{section.3.2}{Mapreduce}{chapter.3}% 87
\BOOKMARK [2][-]{subsection.3.2.1}{Computation flow}{section.3.2}% 88
\BOOKMARK [3][-]{subsubsection.3.2.1.1}{Input preparation}{subsection.3.2.1}% 89
\BOOKMARK [3][-]{subsubsection.3.2.1.2}{General flow per mapper}{subsection.3.2.1}% 90
\BOOKMARK [3][-]{subsubsection.3.2.1.3}{Flow per reducer}{subsection.3.2.1}% 91
\BOOKMARK [3][-]{subsubsection.3.2.1.4}{Output storage}{subsection.3.2.1}% 92
\BOOKMARK [3][-]{subsubsection.3.2.1.5}{Thread safety}{subsection.3.2.1}% 93
\BOOKMARK [0][-]{chapter.4}{Translation to machine code}{part.1}% 94
\BOOKMARK [1][-]{section.4.1}{Machine instructions and their files}{chapter.4}% 95
\BOOKMARK [2][-]{subsection.4.1.1}{Executable files}{section.4.1}% 96
\BOOKMARK [2][-]{subsection.4.1.2}{Object files}{section.4.1}% 97
\BOOKMARK [1][-]{section.4.2}{Translation from High level programming language}{chapter.4}% 98
\BOOKMARK [2][-]{subsection.4.2.1}{Compiled vs interpreted languages}{section.4.2}% 99
\BOOKMARK [3][-]{subsubsection.4.2.1.1}{Freedom from error}{subsection.4.2.1}% 100
\BOOKMARK [2][-]{subsection.4.2.2}{Steps in translation}{section.4.2}% 101
\BOOKMARK [1][-]{section.4.3}{Memory allocation}{chapter.4}% 102
\BOOKMARK [2][-]{subsection.4.3.1}{Compile-time memory allocation}{section.4.3}% 103
\BOOKMARK [2][-]{subsection.4.3.2}{Run-time memory allocation}{section.4.3}% 104
\BOOKMARK [0][-]{chapter.5}{Character encoding}{part.1}% 105
\BOOKMARK [1][-]{section.5.1}{ASCII}{chapter.5}% 106
\BOOKMARK [2][-]{subsection.5.1.1}{Control characters}{section.5.1}% 107
\BOOKMARK [1][-]{section.5.2}{Unicode}{chapter.5}% 108
\BOOKMARK [-1][-]{part.2}{Development tools}{}% 109
\BOOKMARK [0][-]{chapter.6}{Build tool design}{part.2}% 110
\BOOKMARK [1][-]{section.6.1}{Build Targets}{chapter.6}% 111
\BOOKMARK [2][-]{subsection.6.1.1}{Continuous mode}{section.6.1}% 112
\BOOKMARK [2][-]{subsection.6.1.2}{Target Dependencies}{section.6.1}% 113
\BOOKMARK [2][-]{subsection.6.1.3}{Library dependencies}{section.6.1}% 114
\BOOKMARK [1][-]{section.6.2}{Quality metrics}{chapter.6}% 115
\BOOKMARK [0][-]{chapter.7}{Unit test tools}{part.2}% 116
\BOOKMARK [1][-]{section.7.1}{Mox for Python}{chapter.7}% 117
\BOOKMARK [0][-]{chapter.8}{Build tools}{part.2}% 118
\BOOKMARK [1][-]{section.8.1}{Cross-platform makefile generator}{chapter.8}% 119
\BOOKMARK [1][-]{section.8.2}{sbt}{chapter.8}% 120
\BOOKMARK [2][-]{subsection.8.2.1}{Dependencies - automation}{section.8.2}% 121
\BOOKMARK [3][-]{subsubsection.8.2.1.1}{Repository specification}{subsection.8.2.1}% 122
\BOOKMARK [3][-]{subsubsection.8.2.1.2}{Library specification}{subsection.8.2.1}% 123
\BOOKMARK [2][-]{subsection.8.2.2}{Tasks: definition}{section.8.2}% 124
\BOOKMARK [3][-]{subsubsection.8.2.2.1}{File IO tasks}{subsection.8.2.2}% 125
\BOOKMARK [3][-]{subsubsection.8.2.2.2}{Documentation}{subsection.8.2.2}% 126
\BOOKMARK [1][-]{section.8.3}{maven}{chapter.8}% 127
\BOOKMARK [0][-]{chapter.9}{Task management}{part.2}% 128
\BOOKMARK [0][-]{chapter.10}{Version control software}{part.2}% 129
\BOOKMARK [1][-]{section.10.1}{svn}{chapter.10}% 130
\BOOKMARK [1][-]{section.10.2}{git}{chapter.10}% 131
\BOOKMARK [2][-]{subsection.10.2.1}{Architecture}{section.10.2}% 132
\BOOKMARK [3][-]{subsubsection.10.2.1.1}{\(Un\)Ignoring changes}{subsection.10.2.1}% 133
\BOOKMARK [3][-]{subsubsection.10.2.1.2}{Repository commits and logs}{subsection.10.2.1}% 134
\BOOKMARK [2][-]{subsection.10.2.2}{Update Commands}{section.10.2}% 135
\BOOKMARK [3][-]{subsubsection.10.2.2.1}{Merges and stashes}{subsection.10.2.2}% 136
\BOOKMARK [3][-]{subsubsection.10.2.2.2}{Checking differences, tool configuration}{subsection.10.2.2}% 137
\BOOKMARK [2][-]{subsection.10.2.3}{UI}{section.10.2}% 138
\BOOKMARK [1][-]{section.10.3}{hg / mercurial}{chapter.10}% 139
\BOOKMARK [1][-]{section.10.4}{Version control websites}{chapter.10}% 140
\BOOKMARK [0][-]{chapter.11}{Visualization toools}{part.2}% 141
\BOOKMARK [1][-]{section.11.1}{Graph}{chapter.11}% 142
\BOOKMARK [0][-]{chapter.12}{Integrated Development Environment \(IDE\)}{part.2}% 143
\BOOKMARK [1][-]{section.12.1}{Eclipse}{chapter.12}% 144
\BOOKMARK [2][-]{subsection.12.1.1}{Startup configuration}{section.12.1}% 145
\BOOKMARK [2][-]{subsection.12.1.2}{Installing and updating components}{section.12.1}% 146
\BOOKMARK [2][-]{subsection.12.1.3}{Views and perspectives}{section.12.1}% 147
\BOOKMARK [2][-]{subsection.12.1.4}{Common operations and shortcuts}{section.12.1}% 148
\BOOKMARK [2][-]{subsection.12.1.5}{Functionalities}{section.12.1}% 149
\BOOKMARK [3][-]{subsubsection.12.1.5.1}{Java}{subsection.12.1.5}% 150
\BOOKMARK [-1][-]{part.3}{General purpose programming}{}% 151
\BOOKMARK [0][-]{chapter.13}{C}{part.3}% 152
\BOOKMARK [1][-]{subsection.13.0.6}{Debugging with gdb}{chapter.13}% 153
\BOOKMARK [2][-]{subsubsection.13.0.6.1}{Setting breakpoints}{subsection.13.0.6}% 154
\BOOKMARK [3][-]{subsubsection.13.0.6.2}{Debugging after stopping}{subsubsection.13.0.6.1}% 155
\BOOKMARK [3][-]{subsubsection.13.0.6.3}{Memory allocation}{subsubsection.13.0.6.1}% 156
\BOOKMARK [3][-]{subsubsection.13.0.6.4}{Segmentation faults}{subsubsection.13.0.6.1}% 157
\BOOKMARK [0][-]{chapter.14}{Simplified wrapper, interface generator \(SWIG\)}{part.3}% 158
\BOOKMARK [1][-]{section.14.1}{Purpose and mechanism}{chapter.14}% 159
\BOOKMARK [2][-]{subsection.14.1.1}{Persistence and memory}{section.14.1}% 160
\BOOKMARK [0][-]{chapter.15}{Python}{part.3}% 161
\BOOKMARK [1][-]{subsubsection.15.0.1.1}{Syntax conciseness}{chapter.15}% 162
\BOOKMARK [2][-]{subsection.15.0.2}{Speed}{subsubsection.15.0.1.1}% 163
\BOOKMARK [2][-]{subsection.15.0.3}{Linting}{subsubsection.15.0.1.1}% 164
\BOOKMARK [3][-]{subsubsection.15.0.3.1}{Pylint commands}{subsection.15.0.3}% 165
\BOOKMARK [1][-]{section.15.1}{Writing, Building and executing code}{chapter.15}% 166
\BOOKMARK [2][-]{subsection.15.1.1}{Important env variables}{section.15.1}% 167
\BOOKMARK [2][-]{subsection.15.1.2}{Good IDE's}{section.15.1}% 168
\BOOKMARK [2][-]{subsection.15.1.3}{Point of entry}{section.15.1}% 169
\BOOKMARK [3][-]{subsubsection.15.1.3.1}{Arguments}{subsection.15.1.3}% 170
\BOOKMARK [2][-]{subsection.15.1.4}{Installing External libraries}{section.15.1}% 171
\BOOKMARK [1][-]{section.15.2}{Help}{chapter.15}% 172
\BOOKMARK [1][-]{section.15.3}{Variables and data types}{chapter.15}% 173
\BOOKMARK [2][-]{subsubsection.15.3.0.1}{Matlab format}{section.15.3}% 174
\BOOKMARK [1][-]{section.15.4}{Interfacing with other languages, the OS}{chapter.15}% 175
\BOOKMARK [2][-]{subsection.15.4.1}{Numeric programming}{section.15.4}% 176
\BOOKMARK [2][-]{subsection.15.4.2}{RPy or RPy2 for R}{section.15.4}% 177
\BOOKMARK [2][-]{subsection.15.4.3}{With Matlab}{section.15.4}% 178
\BOOKMARK [1][-]{section.15.5}{Other libraries}{chapter.15}% 179
\BOOKMARK [0][-]{chapter.16}{Java}{part.3}% 180
\BOOKMARK [1][-]{section.16.1}{Classes}{chapter.16}% 181
\BOOKMARK [2][-]{subsection.16.1.1}{Important Superclasses, interfaces}{section.16.1}% 182
\BOOKMARK [3][-]{subsubsection.16.1.1.1}{Serializable}{subsection.16.1.1}% 183
\BOOKMARK [3][-]{subsubsection.16.1.1.2}{Clonable}{subsection.16.1.1}% 184
\BOOKMARK [1][-]{section.16.2}{IO}{chapter.16}% 185
\BOOKMARK [2][-]{subsection.16.2.1}{Stream}{section.16.2}% 186
\BOOKMARK [3][-]{subsubsection.16.2.1.1}{OutputStream}{subsection.16.2.1}% 187
\BOOKMARK [3][-]{subsubsection.16.2.1.2}{Output to files}{subsection.16.2.1}% 188
\BOOKMARK [3][-]{subsubsection.16.2.1.3}{Standard output}{subsection.16.2.1}% 189
\BOOKMARK [2][-]{subsection.16.2.2}{File listing}{section.16.2}% 190
\BOOKMARK [2][-]{subsection.16.2.3}{Read configuration files}{section.16.2}% 191
\BOOKMARK [1][-]{section.16.3}{CGI programming}{chapter.16}% 192
\BOOKMARK [2][-]{subsection.16.3.1}{Writing servlets}{section.16.3}% 193
\BOOKMARK [3][-]{subsubsection.16.3.1.1}{Reading input}{subsection.16.3.1}% 194
\BOOKMARK [3][-]{subsubsection.16.3.1.2}{Output}{subsection.16.3.1}% 195
\BOOKMARK [2][-]{subsection.16.3.2}{Mapping to URL}{section.16.3}% 196
\BOOKMARK [0][-]{chapter.17}{Lua}{part.3}% 197
\BOOKMARK [1][-]{section.17.1}{Paradigms and extensibility}{chapter.17}% 198
\BOOKMARK [2][-]{subsection.17.1.1}{Building}{section.17.1}% 199
\BOOKMARK [2][-]{subsection.17.1.2}{Metatable}{section.17.1}% 200
\BOOKMARK [0][-]{chapter.18}{Perl}{part.3}% 201
\BOOKMARK [1][-]{section.18.1}{Distinctive features}{chapter.18}% 202
\BOOKMARK [2][-]{subsection.18.1.1}{Richness of syntax}{section.18.1}% 203
\BOOKMARK [1][-]{section.18.2}{Running, building}{chapter.18}% 204
\BOOKMARK [2][-]{subsection.18.2.1}{Running}{section.18.2}% 205
\BOOKMARK [2][-]{subsection.18.2.2}{Getting help}{section.18.2}% 206
\BOOKMARK [-1][-]{part.4}{Mathematical programming}{}% 207
\BOOKMARK [0][-]{chapter.19}{Fundamental concerns}{part.4}% 208
\BOOKMARK [0][-]{chapter.20}{Special libraries}{part.4}% 209
\BOOKMARK [1][-]{section.20.1}{Linear algebra libraries}{chapter.20}% 210
\BOOKMARK [2][-]{subsection.20.1.1}{Tuning to fit memory, processor}{section.20.1}% 211
\BOOKMARK [2][-]{subsection.20.1.2}{Dense linear algebra}{section.20.1}% 212
\BOOKMARK [2][-]{subsection.20.1.3}{Sparse linear algebra}{section.20.1}% 213
\BOOKMARK [0][-]{chapter.21}{Matlab/ Octave}{part.4}% 214
\BOOKMARK [1][-]{section.21.1}{Introduction}{chapter.21}% 215
\BOOKMARK [2][-]{subsection.21.1.1}{Distinctive features of the language}{section.21.1}% 216
\BOOKMARK [3][-]{subsubsection.21.1.1.1}{Purpose of design}{subsection.21.1.1}% 217
\BOOKMARK [3][-]{subsubsection.21.1.1.2}{Versions}{subsection.21.1.1}% 218
\BOOKMARK [2][-]{subsection.21.1.2}{Speed}{section.21.1}% 219
\BOOKMARK [3][-]{subsubsection.21.1.2.1}{Speeding up loops}{subsection.21.1.2}% 220
\BOOKMARK [2][-]{subsection.21.1.3}{Using External libraries}{section.21.1}% 221
\BOOKMARK [3][-]{subsubsection.21.1.3.1}{Locating libraries}{subsection.21.1.3}% 222
\BOOKMARK [3][-]{subsubsection.21.1.3.2}{Installing and using}{subsection.21.1.3}% 223
\BOOKMARK [2][-]{subsection.21.1.4}{Building and executing code}{section.21.1}% 224
\BOOKMARK [3][-]{subsubsection.21.1.4.1}{Useful options}{subsection.21.1.4}% 225
\BOOKMARK [3][-]{subsubsection.21.1.4.2}{Good IDE's}{subsection.21.1.4}% 226
\BOOKMARK [2][-]{subsection.21.1.5}{Debugging}{section.21.1}% 227
\BOOKMARK [3][-]{subsubsection.21.1.5.1}{Profiling code for bottlenecks}{subsection.21.1.5}% 228
\BOOKMARK [2][-]{subsection.21.1.6}{Help}{section.21.1}% 229
\BOOKMARK [1][-]{section.21.2}{Constants and data types}{chapter.21}% 230
\BOOKMARK [2][-]{subsection.21.2.1}{Data types of constants}{section.21.2}% 231
\BOOKMARK [2][-]{subsection.21.2.2}{Important constants}{section.21.2}% 232
\BOOKMARK [2][-]{subsection.21.2.3}{Arrays}{section.21.2}% 233
\BOOKMARK [3][-]{subsubsection.21.2.3.1}{Matrix}{subsection.21.2.3}% 234
\BOOKMARK [3][-]{subsubsection.21.2.3.2}{Data generation functions}{subsection.21.2.3}% 235
\BOOKMARK [3][-]{subsubsection.21.2.3.3}{Array indexing}{subsection.21.2.3}% 236
\BOOKMARK [2][-]{subsection.21.2.4}{Cell array}{section.21.2}% 237
\BOOKMARK [3][-]{subsubsection.21.2.4.1}{Cell elements: indexing, altering}{subsection.21.2.4}% 238
\BOOKMARK [3][-]{subsubsection.21.2.4.2}{Cell values}{subsection.21.2.4}% 239
\BOOKMARK [2][-]{subsection.21.2.5}{Data-type conversion}{section.21.2}% 240
\BOOKMARK [2][-]{subsection.21.2.6}{Structures}{section.21.2}% 241
\BOOKMARK [3][-]{subsubsection.21.2.6.1}{struct}{subsection.21.2.6}% 242
\BOOKMARK [3][-]{subsubsection.21.2.6.2}{Use Java objects}{subsection.21.2.6}% 243
\BOOKMARK [2][-]{subsection.21.2.7}{Function handles}{section.21.2}% 244
\BOOKMARK [3][-]{subsubsection.21.2.7.1}{Reparametrization}{subsection.21.2.7}% 245
\BOOKMARK [3][-]{subsubsection.21.2.7.2}{Anonymous functions}{subsection.21.2.7}% 246
\BOOKMARK [3][-]{subsubsection.21.2.7.3}{Clearing memory}{subsection.21.2.7}% 247
\BOOKMARK [2][-]{subsection.21.2.8}{Objects}{section.21.2}% 248
\BOOKMARK [3][-]{subsubsection.21.2.8.1}{Object creation}{subsection.21.2.8}% 249
\BOOKMARK [3][-]{subsubsection.21.2.8.2}{Access/ manipulate objects}{subsection.21.2.8}% 250
\BOOKMARK [1][-]{section.21.3}{Memory, variable management}{chapter.21}% 251
\BOOKMARK [2][-]{subsection.21.3.1}{Clearing, recompiling}{section.21.3}% 252
\BOOKMARK [1][-]{section.21.4}{Data manipulation}{chapter.21}% 253
\BOOKMARK [2][-]{subsection.21.4.1}{Operators}{section.21.4}% 254
\BOOKMARK [3][-]{subsubsection.21.4.1.1}{Unary}{subsection.21.4.1}% 255
\BOOKMARK [3][-]{subsubsection.21.4.1.2}{Boolean valued operators}{subsection.21.4.1}% 256
\BOOKMARK [3][-]{subsubsection.21.4.1.3}{Boolean operations on matrices}{subsection.21.4.1}% 257
\BOOKMARK [3][-]{subsubsection.21.4.1.4}{Arithmatic operators}{subsection.21.4.1}% 258
\BOOKMARK [3][-]{subsubsection.21.4.1.5}{Multi-ary}{subsection.21.4.1}% 259
\BOOKMARK [3][-]{subsubsection.21.4.1.6}{Component-wise operations}{subsection.21.4.1}% 260
\BOOKMARK [3][-]{subsubsection.21.4.1.7}{Matrix operators}{subsection.21.4.1}% 261
\BOOKMARK [2][-]{subsection.21.4.2}{Operation with constant arrays: shortcuts}{section.21.4}% 262
\BOOKMARK [2][-]{subsection.21.4.3}{Array processing functions}{section.21.4}% 263
\BOOKMARK [3][-]{subsubsection.21.4.3.1}{Array statistics}{subsection.21.4.3}% 264
\BOOKMARK [3][-]{subsubsection.21.4.3.2}{Reshape array}{subsection.21.4.3}% 265
\BOOKMARK [3][-]{subsubsection.21.4.3.3}{Alter matrix}{subsection.21.4.3}% 266
\BOOKMARK [2][-]{subsection.21.4.4}{Vector processing functions}{section.21.4}% 267
\BOOKMARK [3][-]{subsubsection.21.4.4.1}{String manipulation}{subsection.21.4.4}% 268
\BOOKMARK [2][-]{subsection.21.4.5}{Matrix functionals}{section.21.4}% 269
\BOOKMARK [3][-]{subsubsection.21.4.5.1}{svd and eig}{subsection.21.4.5}% 270
\BOOKMARK [1][-]{section.21.5}{Code structure}{chapter.21}% 271
\BOOKMARK [2][-]{subsection.21.5.1}{Sentence syntax}{section.21.5}% 272
\BOOKMARK [3][-]{subsubsection.21.5.1.1}{Commenting}{subsection.21.5.1}% 273
\BOOKMARK [2][-]{subsection.21.5.2}{Functions and commands}{section.21.5}% 274
\BOOKMARK [3][-]{subsubsection.21.5.2.1}{Commands}{subsection.21.5.2}% 275
\BOOKMARK [3][-]{subsubsection.21.5.2.2}{Functions without side-effects}{subsection.21.5.2}% 276
\BOOKMARK [3][-]{subsubsection.21.5.2.3}{Syntax of function defn}{subsection.21.5.2}% 277
\BOOKMARK [3][-]{subsubsection.21.5.2.4}{Anonymous / temporary functions}{subsection.21.5.2}% 278
\BOOKMARK [3][-]{subsubsection.21.5.2.5}{Nested functions}{subsection.21.5.2}% 279
\BOOKMARK [3][-]{subsubsection.21.5.2.6}{Checking input and output structure}{subsection.21.5.2}% 280
\BOOKMARK [3][-]{subsubsection.21.5.2.7}{Invocation}{subsection.21.5.2}% 281
\BOOKMARK [2][-]{subsection.21.5.3}{Define classes, packages}{section.21.5}% 282
\BOOKMARK [3][-]{subsubsection.21.5.3.1}{Modifiers}{subsection.21.5.3}% 283
\BOOKMARK [3][-]{subsubsection.21.5.3.2}{Directory structure}{subsection.21.5.3}% 284
\BOOKMARK [3][-]{subsubsection.21.5.3.3}{Ceveat about 2007 version}{subsection.21.5.3}% 285
\BOOKMARK [3][-]{subsubsection.21.5.3.4}{Check errors in definition}{subsection.21.5.3}% 286
\BOOKMARK [3][-]{subsubsection.21.5.3.5}{Specifying events}{subsection.21.5.3}% 287
\BOOKMARK [2][-]{subsection.21.5.4}{Branching structures}{section.21.5}% 288
\BOOKMARK [2][-]{subsection.21.5.5}{Loop structures}{section.21.5}% 289
\BOOKMARK [3][-]{subsubsection.21.5.5.1}{break and continue}{subsection.21.5.5}% 290
\BOOKMARK [3][-]{subsubsection.21.5.5.2}{Avoiding loops in place of matrix ops}{subsection.21.5.5}% 291
\BOOKMARK [2][-]{subsection.21.5.6}{Error handling}{section.21.5}% 292
\BOOKMARK [3][-]{subsubsection.21.5.6.1}{Throwing errors}{subsection.21.5.6}% 293
\BOOKMARK [3][-]{subsubsection.21.5.6.2}{Throwing warnings}{subsection.21.5.6}% 294
\BOOKMARK [3][-]{subsubsection.21.5.6.3}{Assertions about input}{subsection.21.5.6}% 295
\BOOKMARK [1][-]{section.21.6}{Visualization}{chapter.21}% 296
\BOOKMARK [2][-]{subsection.21.6.1}{Creating a figure}{section.21.6}% 297
\BOOKMARK [2][-]{subsection.21.6.2}{Plotting data}{section.21.6}% 298
\BOOKMARK [3][-]{subsubsection.21.6.2.1}{Line specifications}{subsection.21.6.2}% 299
\BOOKMARK [2][-]{subsection.21.6.3}{Plot properties}{section.21.6}% 300
\BOOKMARK [2][-]{subsection.21.6.4}{Visualize matrix}{section.21.6}% 301
\BOOKMARK [2][-]{subsection.21.6.5}{Visualize matrices}{section.21.6}% 302
\BOOKMARK [1][-]{section.21.7}{Prallel programming}{chapter.21}% 303
\BOOKMARK [2][-]{subsection.21.7.1}{Multi-threaded programming}{section.21.7}% 304
\BOOKMARK [2][-]{subsection.21.7.2}{With matlab toolbox}{section.21.7}% 305
\BOOKMARK [3][-]{subsubsection.21.7.2.1}{Processor pool}{subsection.21.7.2}% 306
\BOOKMARK [3][-]{subsubsection.21.7.2.2}{parfor loop}{subsection.21.7.2}% 307
\BOOKMARK [3][-]{subsubsection.21.7.2.3}{Other tools}{subsection.21.7.2}% 308
\BOOKMARK [1][-]{section.21.8}{System IO}{chapter.21}% 309
\BOOKMARK [1][-]{section.21.9}{Other library functions}{chapter.21}% 310
\BOOKMARK [2][-]{subsection.21.9.1}{Useful external toolboxes/ packages}{section.21.9}% 311
\BOOKMARK [2][-]{subsection.21.9.2}{Solving Matrix problems}{section.21.9}% 312
\BOOKMARK [2][-]{subsection.21.9.3}{File I/O}{section.21.9}% 313
\BOOKMARK [3][-]{subsubsection.21.9.3.1}{Log files}{subsection.21.9.3}% 314
\BOOKMARK [3][-]{subsubsection.21.9.3.2}{Loading formatted data}{subsection.21.9.3}% 315
\BOOKMARK [3][-]{subsubsection.21.9.3.3}{C like functions}{subsection.21.9.3}% 316
\BOOKMARK [2][-]{subsection.21.9.4}{User interaction I/O}{section.21.9}% 317
\BOOKMARK [2][-]{subsection.21.9.5}{Solve general optimization problem}{section.21.9}% 318
\BOOKMARK [2][-]{subsection.21.9.6}{Algebra}{section.21.9}% 319
\BOOKMARK [2][-]{subsection.21.9.7}{Measure time}{section.21.9}% 320
\BOOKMARK [1][-]{section.21.10}{mex: Using C functions}{chapter.21}% 321
\BOOKMARK [2][-]{subsection.21.10.1}{Interface}{section.21.10}% 322
\BOOKMARK [3][-]{subsubsection.21.10.1.1}{Debugging}{subsection.21.10.1}% 323
\BOOKMARK [2][-]{subsection.21.10.2}{mxarray datatype}{section.21.10}% 324
\BOOKMARK [3][-]{subsubsection.21.10.2.1}{Creation}{subsection.21.10.2}% 325
\BOOKMARK [3][-]{subsubsection.21.10.2.2}{Array access}{subsection.21.10.2}% 326
\BOOKMARK [3][-]{subsubsection.21.10.2.3}{Array modification}{subsection.21.10.2}% 327
\BOOKMARK [3][-]{subsubsection.21.10.2.4}{Memory management}{subsection.21.10.2}% 328
\BOOKMARK [2][-]{subsection.21.10.3}{Executing matlab commands}{section.21.10}% 329
\BOOKMARK [2][-]{subsection.21.10.4}{User IO}{section.21.10}% 330
\BOOKMARK [2][-]{subsection.21.10.5}{Input validation}{section.21.10}% 331
\BOOKMARK [1][-]{section.21.11}{Java}{chapter.21}% 332
\BOOKMARK [2][-]{subsection.21.11.1}{Advantages}{section.21.11}% 333
\BOOKMARK [2][-]{subsection.21.11.2}{Classpath}{section.21.11}% 334
\BOOKMARK [0][-]{chapter.22}{Optimization software}{part.4}% 335
\BOOKMARK [1][-]{section.22.1}{cvx}{chapter.22}% 336
\BOOKMARK [2][-]{subsection.22.1.1}{Distinctive features}{section.22.1}% 337
\BOOKMARK [3][-]{subsubsection.22.1.1.1}{Disciplined convex programming framework}{subsection.22.1.1}% 338
\BOOKMARK [3][-]{subsubsection.22.1.1.2}{Defects}{subsection.22.1.1}% 339
\BOOKMARK [3][-]{subsubsection.22.1.1.3}{Other features}{subsection.22.1.1}% 340
\BOOKMARK [2][-]{subsection.22.1.2}{Help}{section.22.1}% 341
\BOOKMARK [2][-]{subsection.22.1.3}{Specification structure}{section.22.1}% 342
\BOOKMARK [3][-]{subsubsection.22.1.3.1}{Matrix variables and constraints}{subsection.22.1.3}% 343
\BOOKMARK [2][-]{subsection.22.1.4}{Error reporting and dimensions}{section.22.1}% 344
\BOOKMARK [3][-]{subsubsection.22.1.4.1}{Scalars and 1*1 matrix}{subsection.22.1.4}% 345
\BOOKMARK [2][-]{subsection.22.1.5}{Solution, program variable}{section.22.1}% 346
\BOOKMARK [3][-]{subsubsection.22.1.5.1}{Datatype of the program variable}{subsection.22.1.5}% 347
\BOOKMARK [3][-]{subsubsection.22.1.5.2}{Solution variables}{subsection.22.1.5}% 348
\BOOKMARK [1][-]{section.22.2}{Matlab optimization toolbox}{chapter.22}% 349
\BOOKMARK [2][-]{subsection.22.2.1}{Unconstrained minimization}{section.22.2}% 350
\BOOKMARK [3][-]{subsubsection.22.2.1.1}{fminsearch}{subsection.22.2.1}% 351
\BOOKMARK [3][-]{subsubsection.22.2.1.2}{fminunc}{subsection.22.2.1}% 352
\BOOKMARK [2][-]{subsection.22.2.2}{fmincon}{section.22.2}% 353
\BOOKMARK [2][-]{subsection.22.2.3}{Other functions}{section.22.2}% 354
\BOOKMARK [2][-]{subsection.22.2.4}{Options}{section.22.2}% 355
\BOOKMARK [0][-]{chapter.23}{R}{part.4}% 356
\BOOKMARK [1][-]{section.23.1}{Introduction and use}{chapter.23}% 357
\BOOKMARK [2][-]{subsection.23.1.1}{When to use}{section.23.1}% 358
\BOOKMARK [2][-]{subsection.23.1.2}{When not to use}{section.23.1}% 359
\BOOKMARK [2][-]{subsection.23.1.3}{Writing, Building and executing code}{section.23.1}% 360
\BOOKMARK [3][-]{subsubsection.23.1.3.1}{Script execution}{subsection.23.1.3}% 361
\BOOKMARK [3][-]{subsubsection.23.1.3.2}{Reloading changed code}{subsection.23.1.3}% 362
\BOOKMARK [3][-]{subsubsection.23.1.3.3}{Important environment variables}{subsection.23.1.3}% 363
\BOOKMARK [3][-]{subsubsection.23.1.3.4}{Working environment}{subsection.23.1.3}% 364
\BOOKMARK [3][-]{subsubsection.23.1.3.5}{Command history}{subsection.23.1.3}% 365
\BOOKMARK [3][-]{subsubsection.23.1.3.6}{Good IDE's}{subsection.23.1.3}% 366
\BOOKMARK [2][-]{subsection.23.1.4}{Listing and memory}{section.23.1}% 367
\BOOKMARK [2][-]{subsection.23.1.5}{Development environment}{section.23.1}% 368
\BOOKMARK [2][-]{subsection.23.1.6}{Debugging}{section.23.1}% 369
\BOOKMARK [2][-]{subsection.23.1.7}{Help}{section.23.1}% 370
\BOOKMARK [2][-]{subsection.23.1.8}{libraries}{section.23.1}% 371
\BOOKMARK [3][-]{subsubsection.23.1.8.1}{Seeking}{subsection.23.1.8}% 372
\BOOKMARK [3][-]{subsubsection.23.1.8.2}{Using}{subsection.23.1.8}% 373
\BOOKMARK [3][-]{subsubsection.23.1.8.3}{Installing}{subsection.23.1.8}% 374
\BOOKMARK [1][-]{section.23.2}{Data: types, values, variables}{chapter.23}% 375
\BOOKMARK [2][-]{subsection.23.2.1}{Names and namespace}{section.23.2}% 376
\BOOKMARK [3][-]{subsubsection.23.2.1.1}{Valid names}{subsection.23.2.1}% 377
\BOOKMARK [3][-]{subsubsection.23.2.1.2}{Namespace}{subsection.23.2.1}% 378
\BOOKMARK [3][-]{subsubsection.23.2.1.3}{Accessing list members directly}{subsection.23.2.1}% 379
\BOOKMARK [2][-]{subsection.23.2.2}{Object}{section.23.2}% 380
\BOOKMARK [3][-]{subsubsection.23.2.2.1}{Accessing attributes}{subsection.23.2.2}% 381
\BOOKMARK [3][-]{subsubsection.23.2.2.2}{Setting attributes}{subsection.23.2.2}% 382
\BOOKMARK [3][-]{subsubsection.23.2.2.3}{Important attributes}{subsection.23.2.2}% 383
\BOOKMARK [2][-]{subsection.23.2.3}{Modes and type}{section.23.2}% 384
\BOOKMARK [3][-]{subsubsection.23.2.3.1}{Basic modes}{subsection.23.2.3}% 385
\BOOKMARK [2][-]{subsection.23.2.4}{Scalar values and operations}{section.23.2}% 386
\BOOKMARK [3][-]{subsubsection.23.2.4.1}{Special values}{subsection.23.2.4}% 387
\BOOKMARK [2][-]{subsection.23.2.5}{Data conversion}{section.23.2}% 388
\BOOKMARK [2][-]{subsection.23.2.6}{Vectors}{section.23.2}% 389
\BOOKMARK [3][-]{subsubsection.23.2.6.1}{The basic math object}{subsection.23.2.6}% 390
\BOOKMARK [3][-]{subsubsection.23.2.6.2}{Homegeneity}{subsection.23.2.6}% 391
\BOOKMARK [3][-]{subsubsection.23.2.6.3}{Named entries}{subsection.23.2.6}% 392
\BOOKMARK [3][-]{subsubsection.23.2.6.4}{Indexing}{subsection.23.2.6}% 393
\BOOKMARK [3][-]{subsubsection.23.2.6.5}{Creating vectors}{subsection.23.2.6}% 394
\BOOKMARK [3][-]{subsubsection.23.2.6.6}{Vector statistics functions}{subsection.23.2.6}% 395
\BOOKMARK [3][-]{subsubsection.23.2.6.7}{Apply scalar functions}{subsection.23.2.6}% 396
\BOOKMARK [2][-]{subsection.23.2.7}{Factor}{section.23.2}% 397
\BOOKMARK [2][-]{subsection.23.2.8}{Strings}{section.23.2}% 398
\BOOKMARK [3][-]{subsubsection.23.2.8.1}{String manipulation}{subsection.23.2.8}% 399
\BOOKMARK [2][-]{subsection.23.2.9}{Dates}{section.23.2}% 400
\BOOKMARK [3][-]{subsubsection.23.2.9.1}{String connection}{subsection.23.2.9}% 401
\BOOKMARK [3][-]{subsubsection.23.2.9.2}{Arithmetic operations}{subsection.23.2.9}% 402
\BOOKMARK [2][-]{subsection.23.2.10}{Arrays/ matrices}{section.23.2}% 403
\BOOKMARK [3][-]{subsubsection.23.2.10.1}{As special vectors}{subsection.23.2.10}% 404
\BOOKMARK [3][-]{subsubsection.23.2.10.2}{Indexing}{subsection.23.2.10}% 405
\BOOKMARK [3][-]{subsubsection.23.2.10.3}{Data creation}{subsection.23.2.10}% 406
\BOOKMARK [3][-]{subsubsection.23.2.10.4}{Dimension-wise oeprations}{subsection.23.2.10}% 407
\BOOKMARK [3][-]{subsubsection.23.2.10.5}{Matrix functions}{subsection.23.2.10}% 408
\BOOKMARK [2][-]{subsection.23.2.11}{Lists}{section.23.2}% 409
\BOOKMARK [3][-]{subsubsection.23.2.11.1}{List creation}{subsection.23.2.11}% 410
\BOOKMARK [3][-]{subsubsection.23.2.11.2}{Accessing list items}{subsection.23.2.11}% 411
\BOOKMARK [3][-]{subsubsection.23.2.11.3}{Concatenation}{subsection.23.2.11}% 412
\BOOKMARK [2][-]{subsection.23.2.12}{Data frame}{section.23.2}% 413
\BOOKMARK [3][-]{subsubsection.23.2.12.1}{Creation}{subsection.23.2.12}% 414
\BOOKMARK [3][-]{subsubsection.23.2.12.2}{Conversion}{subsection.23.2.12}% 415
\BOOKMARK [3][-]{subsubsection.23.2.12.3}{Indexing}{subsection.23.2.12}% 416
\BOOKMARK [3][-]{subsubsection.23.2.12.4}{Searching}{subsection.23.2.12}% 417
\BOOKMARK [3][-]{subsubsection.23.2.12.5}{Concatenation}{subsection.23.2.12}% 418
\BOOKMARK [2][-]{subsection.23.2.13}{Model Formulae}{section.23.2}% 419
\BOOKMARK [2][-]{subsection.23.2.14}{Functions}{section.23.2}% 420
\BOOKMARK [3][-]{subsubsection.23.2.14.1}{Definition}{subsection.23.2.14}% 421
\BOOKMARK [3][-]{subsubsection.23.2.14.2}{Variables used}{subsection.23.2.14}% 422
\BOOKMARK [3][-]{subsubsection.23.2.14.3}{Operator defintions}{subsection.23.2.14}% 423
\BOOKMARK [3][-]{subsubsection.23.2.14.4}{Invocation}{subsection.23.2.14}% 424
\BOOKMARK [1][-]{section.23.3}{Operator}{chapter.23}% 425
\BOOKMARK [2][-]{subsection.23.3.1}{Assignment}{section.23.3}% 426
\BOOKMARK [2][-]{subsection.23.3.2}{Scalar operators}{section.23.3}% 427
\BOOKMARK [3][-]{subsubsection.23.3.2.1}{Arithmetic operators}{subsection.23.3.2}% 428
\BOOKMARK [3][-]{subsubsection.23.3.2.2}{Operators on booleans}{subsection.23.3.2}% 429
\BOOKMARK [3][-]{subsubsection.23.3.2.3}{Operators which produce booleans}{subsection.23.3.2}% 430
\BOOKMARK [2][-]{subsection.23.3.3}{General Vector operators}{section.23.3}% 431
\BOOKMARK [3][-]{subsubsection.23.3.3.1}{Mapping over elements}{subsection.23.3.3}% 432
\BOOKMARK [3][-]{subsubsection.23.3.3.2}{Arithmetic and boolean ops}{subsection.23.3.3}% 433
\BOOKMARK [3][-]{subsubsection.23.3.3.3}{Lengthening of arguments}{subsection.23.3.3}% 434
\BOOKMARK [3][-]{subsubsection.23.3.3.4}{ifelse op}{subsection.23.3.3}% 435
\BOOKMARK [3][-]{subsubsection.23.3.3.5}{Set membership}{subsection.23.3.3}% 436
\BOOKMARK [3][-]{subsubsection.23.3.3.6}{Missing value identification}{subsection.23.3.3}% 437
\BOOKMARK [1][-]{section.23.4}{Code structure}{chapter.23}% 438
\BOOKMARK [2][-]{subsection.23.4.1}{Code blocks}{section.23.4}% 439
\BOOKMARK [2][-]{subsection.23.4.2}{Sentence syntax}{section.23.4}% 440
\BOOKMARK [2][-]{subsection.23.4.3}{Decision structures}{section.23.4}% 441
\BOOKMARK [2][-]{subsection.23.4.4}{Packages}{section.23.4}% 442
\BOOKMARK [2][-]{subsection.23.4.5}{Organization with lists}{section.23.4}% 443
\BOOKMARK [1][-]{section.23.5}{IO}{chapter.23}% 444
\BOOKMARK [2][-]{subsection.23.5.1}{File I/O}{section.23.5}% 445
\BOOKMARK [2][-]{subsection.23.5.2}{User interaction I/O}{section.23.5}% 446
\BOOKMARK [3][-]{subsubsection.23.5.2.1}{output}{subsection.23.5.2}% 447
\BOOKMARK [3][-]{subsubsection.23.5.2.2}{Input}{subsection.23.5.2}% 448
\BOOKMARK [2][-]{subsection.23.5.3}{Plotting and tables}{section.23.5}% 449
\BOOKMARK [1][-]{section.23.6}{Data preparation and exploration}{chapter.23}% 450
\BOOKMARK [1][-]{section.23.7}{Modeling}{chapter.23}% 451
\BOOKMARK [2][-]{subsection.23.7.1}{Classification}{section.23.7}% 452
\BOOKMARK [3][-]{subsubsection.23.7.1.1}{Logistic regression}{subsection.23.7.1}% 453
\BOOKMARK [3][-]{subsubsection.23.7.1.2}{Logistic regression with l1/l2 regularization}{subsection.23.7.1}% 454
\BOOKMARK [3][-]{subsubsection.23.7.1.3}{Decision tree: rpart and tree}{subsection.23.7.1}% 455
\BOOKMARK [1][-]{section.23.8}{Other library functions}{chapter.23}% 456
\BOOKMARK [2][-]{subsection.23.8.1}{Random sampling}{section.23.8}% 457
\BOOKMARK [1][-]{section.23.9}{Write C extensions}{chapter.23}% 458
\BOOKMARK [2][-]{subsection.23.9.1}{Write C code}{section.23.9}% 459
\BOOKMARK [2][-]{subsection.23.9.2}{Calling C code}{section.23.9}% 460
\BOOKMARK [0][-]{chapter.24}{Rapidminer}{part.4}% 461
\BOOKMARK [1][-]{section.24.1}{Introduction}{chapter.24}% 462
\BOOKMARK [2][-]{subsection.24.1.1}{Purpose}{section.24.1}% 463
\BOOKMARK [2][-]{subsection.24.1.2}{UI and API}{section.24.1}% 464
\BOOKMARK [2][-]{subsection.24.1.3}{Data types}{section.24.1}% 465
\BOOKMARK [1][-]{section.24.2}{Processes}{chapter.24}% 466
\BOOKMARK [2][-]{subsection.24.2.1}{Operators}{section.24.2}% 467
\BOOKMARK [1][-]{section.24.3}{Data view}{chapter.24}% 468
\BOOKMARK [0][-]{chapter.25}{Spreadsheet programs}{part.4}% 469
\BOOKMARK [1][-]{section.25.1}{Google docs}{chapter.25}% 470
\BOOKMARK [2][-]{subsection.25.1.1}{Cell referencing}{section.25.1}% 471
\BOOKMARK [2][-]{subsection.25.1.2}{Range specification}{section.25.1}% 472
\BOOKMARK [2][-]{subsection.25.1.3}{Filtering}{section.25.1}% 473
\BOOKMARK [3][-]{subsubsection.25.1.3.1}{Condition specification}{subsection.25.1.3}% 474
\BOOKMARK [2][-]{subsection.25.1.4}{Counting}{section.25.1}% 475
\BOOKMARK [2][-]{subsection.25.1.5}{Summation}{section.25.1}% 476
\BOOKMARK [2][-]{subsection.25.1.6}{Averaging}{section.25.1}% 477
\BOOKMARK [2][-]{subsection.25.1.7}{Looking up values}{section.25.1}% 478
\BOOKMARK [-1][-]{part.5}{Shell Scripting and OS work}{}% 479
\BOOKMARK [0][-]{chapter.26}{General tasks}{part.5}% 480
\BOOKMARK [1][-]{section.26.1}{Scanning documents with camera}{chapter.26}% 481
\BOOKMARK [2][-]{subsection.26.1.1}{Cropping}{section.26.1}% 482
\BOOKMARK [2][-]{subsection.26.1.2}{Enhancement}{section.26.1}% 483
\BOOKMARK [2][-]{subsection.26.1.3}{Compression}{section.26.1}% 484
\BOOKMARK [1][-]{section.26.2}{File synchronization}{chapter.26}% 485
\BOOKMARK [1][-]{section.26.3}{VOIP}{chapter.26}% 486
\BOOKMARK [1][-]{section.26.4}{Booting to special modes}{chapter.26}% 487
\BOOKMARK [2][-]{subsection.26.4.1}{Atrix boot modes}{section.26.4}% 488
\BOOKMARK [3][-]{subsubsection.26.4.1.1}{Fastboot}{subsection.26.4.1}% 489
\BOOKMARK [3][-]{subsubsection.26.4.1.2}{Recovery}{subsection.26.4.1}% 490
\BOOKMARK [1][-]{section.26.5}{Virtual machines, emulators}{chapter.26}% 491
\BOOKMARK [2][-]{subsection.26.5.1}{Emulators on linux}{section.26.5}% 492
\BOOKMARK [3][-]{subsubsection.26.5.1.1}{Java virtual machines}{subsection.26.5.1}% 493
\BOOKMARK [0][-]{chapter.27}{Pocket computer OS usage}{part.5}% 494
\BOOKMARK [1][-]{section.27.1}{Special tasks}{chapter.27}% 495
\BOOKMARK [2][-]{subsection.27.1.1}{Syncing media}{section.27.1}% 496
\BOOKMARK [2][-]{subsection.27.1.2}{Podcasts}{section.27.1}% 497
\BOOKMARK [2][-]{subsection.27.1.3}{Scanning}{section.27.1}% 498
\BOOKMARK [2][-]{subsection.27.1.4}{Offline navigation}{section.27.1}% 499
\BOOKMARK [2][-]{subsection.27.1.5}{Ebook conversion}{section.27.1}% 500
\BOOKMARK [3][-]{subsubsection.27.1.5.1}{Calibre}{subsection.27.1.5}% 501
\BOOKMARK [2][-]{subsection.27.1.6}{Keypad commands}{section.27.1}% 502
\BOOKMARK [3][-]{subsubsection.27.1.6.1}{Android}{subsection.27.1.6}% 503
\BOOKMARK [2][-]{subsection.27.1.7}{Unlock bootloader}{section.27.1}% 504
\BOOKMARK [3][-]{subsubsection.27.1.7.1}{Atrix running Gingerbread}{subsection.27.1.7}% 505
\BOOKMARK [2][-]{subsection.27.1.8}{Exploring files from a computer}{section.27.1}% 506
\BOOKMARK [3][-]{subsubsection.27.1.8.1}{Android}{subsection.27.1.8}% 507
\BOOKMARK [2][-]{subsection.27.1.9}{Enable and use root access}{section.27.1}% 508
\BOOKMARK [3][-]{subsubsection.27.1.9.1}{Atrix running gingerbread}{subsection.27.1.9}% 509
\BOOKMARK [2][-]{subsection.27.1.10}{File transfer: Android}{section.27.1}% 510
\BOOKMARK [3][-]{subsubsection.27.1.10.1}{Enable Writeability}{subsection.27.1.10}% 511
\BOOKMARK [1][-]{section.27.2}{Kindle keyboard}{chapter.27}% 512
\BOOKMARK [2][-]{subsection.27.2.1}{Diagnostic pages}{section.27.2}% 513
\BOOKMARK [2][-]{subsection.27.2.2}{Shortcuts}{section.27.2}% 514
\BOOKMARK [0][-]{chapter.28}{Linux OS}{part.5}% 515
\BOOKMARK [1][-]{subsubsection.28.0.2.1}{perl}{chapter.28}% 516
\BOOKMARK [1][-]{section.28.1}{Graphical user interface}{chapter.28}% 517
\BOOKMARK [2][-]{subsection.28.1.1}{Common settings}{section.28.1}% 518
\BOOKMARK [2][-]{subsection.28.1.2}{Gnome}{section.28.1}% 519
\BOOKMARK [3][-]{subsubsection.28.1.2.1}{Editing configuration}{subsection.28.1.2}% 520
\BOOKMARK [2][-]{subsection.28.1.3}{KDE}{section.28.1}% 521
\BOOKMARK [1][-]{section.28.2}{Others}{chapter.28}% 522
\BOOKMARK [1][-]{section.28.3}{Editing}{chapter.28}% 523
\BOOKMARK [2][-]{subsection.28.3.1}{Editors}{section.28.3}% 524
\BOOKMARK [2][-]{subsection.28.3.2}{Programmatic editing}{section.28.3}% 525
\BOOKMARK [2][-]{subsection.28.3.3}{vi}{section.28.3}% 526
\BOOKMARK [3][-]{subsubsection.28.3.3.1}{Modes}{subsection.28.3.3}% 527
\BOOKMARK [3][-]{subsubsection.28.3.3.2}{Commands and pattern matching}{subsection.28.3.3}% 528
\BOOKMARK [1][-]{section.28.4}{Resource check}{chapter.28}% 529
\BOOKMARK [1][-]{section.28.5}{Image processing}{chapter.28}% 530
\BOOKMARK [1][-]{section.28.6}{Installation}{chapter.28}% 531
\BOOKMARK [0][-]{chapter.29}{BASH scripting}{part.5}% 532
\BOOKMARK [1][-]{section.29.1}{Characteristic features}{chapter.29}% 533
\BOOKMARK [2][-]{subsection.29.1.1}{Command construction, execution}{section.29.1}% 534
\BOOKMARK [2][-]{subsection.29.1.2}{Logic limitations}{section.29.1}% 535
\BOOKMARK [1][-]{section.29.2}{Writing and executing code}{chapter.29}% 536
\BOOKMARK [2][-]{subsection.29.2.1}{Context}{section.29.2}% 537
\BOOKMARK [3][-]{subsubsection.29.2.1.1}{Current context}{subsection.29.2.1}% 538
\BOOKMARK [3][-]{subsubsection.29.2.1.2}{New context}{subsection.29.2.1}% 539
\BOOKMARK [2][-]{subsection.29.2.2}{Environment variables}{section.29.2}% 540
\BOOKMARK [3][-]{subsubsection.29.2.2.1}{Setting}{subsection.29.2.2}% 541
\BOOKMARK [1][-]{section.29.3}{Variables and data}{chapter.29}% 542
\BOOKMARK [2][-]{subsection.29.3.1}{Assignment}{section.29.3}% 543
\BOOKMARK [2][-]{subsection.29.3.2}{Reference}{section.29.3}% 544
\BOOKMARK [0][-]{chapter.30}{Android development}{part.5}% 545
\BOOKMARK [1][-]{section.30.1}{Java SDK}{chapter.30}% 546
\BOOKMARK [2][-]{subsection.30.1.1}{C++ compiler}{section.30.1}% 547
\BOOKMARK [2][-]{subsection.30.1.2}{Logging}{section.30.1}% 548
\BOOKMARK [2][-]{subsection.30.1.3}{Command line access to device}{section.30.1}% 549
\BOOKMARK [1][-]{section.30.2}{Eclipse-plugin}{chapter.30}% 550
\BOOKMARK [2][-]{subsection.30.2.1}{Debugging}{section.30.2}% 551
\BOOKMARK [1][-]{section.30.3}{Application architecture}{chapter.30}% 552
\BOOKMARK [2][-]{subsection.30.3.1}{Components}{section.30.3}% 553
\BOOKMARK [3][-]{subsubsection.30.3.1.1}{Communication with components}{subsection.30.3.1}% 554
\BOOKMARK [2][-]{subsection.30.3.2}{Security and isolation}{section.30.3}% 555
\BOOKMARK [2][-]{subsection.30.3.3}{Threading}{section.30.3}% 556
\BOOKMARK [2][-]{subsection.30.3.4}{Resources}{section.30.3}% 557
\BOOKMARK [3][-]{subsubsection.30.3.4.1}{UI design}{subsection.30.3.4}% 558
\BOOKMARK [-1][-]{part.6}{Distributed computing}{}% 559
\BOOKMARK [0][-]{chapter.31}{Parallel computing paradigms}{part.6}% 560
\BOOKMARK [0][-]{chapter.32}{Condor}{part.6}% 561
\BOOKMARK [1][-]{section.32.1}{Priority and restarts}{chapter.32}% 562
\BOOKMARK [0][-]{chapter.33}{ORC}{part.6}% 563
\BOOKMARK [1][-]{section.33.1}{Distinctive features of the language}{chapter.33}% 564
\BOOKMARK [2][-]{subsection.33.1.1}{Purpose of design}{section.33.1}% 565
\BOOKMARK [2][-]{subsection.33.1.2}{Sites}{section.33.1}% 566
\BOOKMARK [2][-]{subsection.33.1.3}{Functions}{section.33.1}% 567
\BOOKMARK [2][-]{subsection.33.1.4}{Parallelism}{section.33.1}% 568
\BOOKMARK [2][-]{subsection.33.1.5}{Speed}{section.33.1}% 569
\BOOKMARK [1][-]{section.33.2}{Writing, Building and executing code}{chapter.33}% 570
\BOOKMARK [2][-]{subsection.33.2.1}{Debugging}{section.33.2}% 571
\BOOKMARK [1][-]{section.33.3}{Help}{chapter.33}% 572
\BOOKMARK [1][-]{section.33.4}{Pre-compilation processing}{chapter.33}% 573
\BOOKMARK [1][-]{section.33.5}{Variable and data types}{chapter.33}% 574
\BOOKMARK [2][-]{subsection.33.5.1}{Data types}{section.33.5}% 575
\BOOKMARK [2][-]{subsection.33.5.2}{Declaration syntax}{section.33.5}% 576
\BOOKMARK [1][-]{section.33.6}{Data manipulation}{chapter.33}% 577
\BOOKMARK [2][-]{subsection.33.6.1}{Operators}{section.33.6}% 578
\BOOKMARK [2][-]{subsection.33.6.2}{Accessing object methods}{section.33.6}% 579
\BOOKMARK [1][-]{section.33.7}{Code structure}{chapter.33}% 580
\BOOKMARK [2][-]{subsection.33.7.1}{Sentence syntax}{section.33.7}% 581
\BOOKMARK [3][-]{subsubsection.33.7.1.1}{Commenting}{subsection.33.7.1}% 582
\BOOKMARK [2][-]{subsection.33.7.2}{Combinators}{section.33.7}% 583
\BOOKMARK [2][-]{subsection.33.7.3}{Syntax of functions}{section.33.7}% 584
\BOOKMARK [2][-]{subsection.33.7.4}{Decision, timing sites}{section.33.7}% 585
\BOOKMARK [2][-]{subsection.33.7.5}{Function invocation}{section.33.7}% 586
\BOOKMARK [1][-]{section.33.8}{Error handling}{chapter.33}% 587
\BOOKMARK [1][-]{section.33.9}{Other library functions}{chapter.33}% 588
\BOOKMARK [2][-]{subsection.33.9.1}{User interaction I/O sites}{section.33.9}% 589
\BOOKMARK [-1][-]{part.7}{Serving web-pages}{}% 590
\BOOKMARK [0][-]{chapter.34}{Common Gateway Interface \(CGI\)}{part.7}% 591
\BOOKMARK [1][-]{section.34.1}{HTTP server and dynamic content}{chapter.34}% 592
\BOOKMARK [1][-]{section.34.2}{Scripting mixed with html}{chapter.34}% 593
\BOOKMARK [0][-]{chapter.35}{Client side scripting}{part.7}% 594
\BOOKMARK [0][-]{chapter.36}{Yahoo pipes}{part.7}% 595
\BOOKMARK [1][-]{section.36.1}{Interface}{chapter.36}% 596
\BOOKMARK [1][-]{section.36.2}{Looping}{chapter.36}% 597
\BOOKMARK [0][-]{chapter.37}{Web API}{part.7}% 598
\BOOKMARK [1][-]{section.37.1}{Request/ response format}{chapter.37}% 599
\BOOKMARK [1][-]{section.37.2}{Underlying Protocol}{chapter.37}% 600
\BOOKMARK [1][-]{section.37.3}{Web interface Protocols}{chapter.37}% 601
\BOOKMARK [2][-]{subsection.37.3.1}{Simple Object access protocol \(SOAP\)}{section.37.3}% 602
\BOOKMARK [0][-]{chapter.38}{Particular Web Api's}{part.7}% 603
\BOOKMARK [1][-]{section.38.1}{Wikimedia}{chapter.38}% 604
\BOOKMARK [2][-]{subsection.38.1.1}{Java wrappers}{section.38.1}% 605
\BOOKMARK [0][-]{chapter.39}{Flash}{part.7}% 606
\BOOKMARK [-1][-]{part.8}{Programming within browsers}{}% 607
\BOOKMARK [0][-]{chapter.40}{Web Browsers}{part.8}% 608
\BOOKMARK [1][-]{section.40.1}{Extensions/ plugins}{chapter.40}% 609
\BOOKMARK [1][-]{section.40.2}{User scripting}{chapter.40}% 610
\BOOKMARK [2][-]{subsection.40.2.1}{Interoperability}{section.40.2}% 611
\BOOKMARK [1][-]{section.40.3}{Enhancements by websites}{chapter.40}% 612
\BOOKMARK [1][-]{section.40.4}{Observe browser activity}{chapter.40}% 613
\BOOKMARK [0][-]{chapter.41}{User scripts}{part.8}% 614
\BOOKMARK [1][-]{section.41.1}{Motivation}{chapter.41}% 615
\BOOKMARK [1][-]{section.41.2}{Header format}{chapter.41}% 616
\BOOKMARK [-1][-]{part.9}{Databases}{}% 617
\BOOKMARK [0][-]{chapter.42}{Database management systems}{part.9}% 618
\BOOKMARK [1][-]{section.42.1}{Relational Database management system \(RDBMS\)}{chapter.42}% 619
\BOOKMARK [2][-]{subsection.42.1.1}{Relational algebra}{section.42.1}% 620
\BOOKMARK [2][-]{subsection.42.1.2}{Database normalization}{section.42.1}% 621
\BOOKMARK [1][-]{section.42.2}{Sharding}{chapter.42}% 622
\BOOKMARK [1][-]{section.42.3}{Pooling writes}{chapter.42}% 623
\BOOKMARK [0][-]{chapter.43}{Structured query language \(SQL\)}{part.9}% 624
\BOOKMARK [1][-]{section.43.1}{Help and tutorials}{chapter.43}% 625
\BOOKMARK [1][-]{section.43.2}{Values}{chapter.43}% 626
\BOOKMARK [1][-]{section.43.3}{Query language}{chapter.43}% 627
\BOOKMARK [2][-]{subsection.43.3.1}{Query table}{section.43.3}% 628
\BOOKMARK [2][-]{subsection.43.3.2}{Post selection processing}{section.43.3}% 629
\BOOKMARK [2][-]{subsection.43.3.3}{Temporary tables}{section.43.3}% 630
\BOOKMARK [3][-]{subsubsection.43.3.3.1}{Storage}{subsection.43.3.3}% 631
\BOOKMARK [1][-]{section.43.4}{Stored procedures}{chapter.43}% 632
\BOOKMARK [0][-]{chapter.44}{Flat file DB}{part.9}% 633
\BOOKMARK [1][-]{section.44.1}{sqlite}{chapter.44}% 634
\BOOKMARK [2][-]{subsection.44.1.1}{GUI}{section.44.1}% 635
\BOOKMARK [2][-]{subsection.44.1.2}{Shell}{section.44.1}% 636
\BOOKMARK [3][-]{subsubsection.44.1.2.1}{Importing}{subsection.44.1.2}% 637
\BOOKMARK [0][-]{chapter.45}{MySql}{part.9}% 638
\BOOKMARK [1][-]{section.45.1}{Server}{chapter.45}% 639
\BOOKMARK [1][-]{section.45.2}{Clients}{chapter.45}% 640
\BOOKMARK [2][-]{subsection.45.2.1}{mysql shell}{section.45.2}% 641
\BOOKMARK [3][-]{subsubsection.45.2.1.1}{Invocation}{subsection.45.2.1}% 642
\BOOKMARK [3][-]{subsubsection.45.2.1.2}{General commands}{subsection.45.2.1}% 643
\BOOKMARK [3][-]{subsubsection.45.2.1.3}{Meta-commands}{subsection.45.2.1}% 644
\BOOKMARK [3][-]{subsubsection.45.2.1.4}{Administration}{subsection.45.2.1}% 645
\BOOKMARK [2][-]{subsection.45.2.2}{Ancilliary commandline tools}{section.45.2}% 646
\BOOKMARK [2][-]{subsection.45.2.3}{GUI}{section.45.2}% 647
\BOOKMARK [1][-]{section.45.3}{Past experience}{chapter.45}% 648
\BOOKMARK [-1][-]{part.10}{Remote procedure call and serialization}{}% 649
\BOOKMARK [-1][-]{part.11}{Document typesetting}{}% 650
\BOOKMARK [0][-]{chapter.46}{Declarative vs imperative features}{part.11}% 651
\BOOKMARK [0][-]{chapter.47}{latex}{part.11}% 652
\BOOKMARK [1][-]{section.47.1}{Common commands, environments}{chapter.47}% 653
\BOOKMARK [2][-]{subsection.47.1.1}{Templates}{section.47.1}% 654
\BOOKMARK [2][-]{subsection.47.1.2}{Packages}{section.47.1}% 655
\BOOKMARK [3][-]{subsubsection.47.1.2.1}{Page setup}{subsection.47.1.2}% 656
\BOOKMARK [3][-]{subsubsection.47.1.2.2}{List compaction}{subsection.47.1.2}% 657
\BOOKMARK [1][-]{section.47.2}{Bibliography}{chapter.47}% 658
\BOOKMARK [2][-]{subsection.47.2.1}{Packages}{section.47.2}% 659
\BOOKMARK [1][-]{section.47.3}{\(Re\)definition}{chapter.47}% 660
\BOOKMARK [1][-]{section.47.4}{Imperative display commands}{chapter.47}% 661
\BOOKMARK [2][-]{subsection.47.4.1}{Font size}{section.47.4}% 662
\BOOKMARK [2][-]{subsection.47.4.2}{Display parameters}{section.47.4}% 663
\BOOKMARK [2][-]{subsection.47.4.3}{Space management}{section.47.4}% 664
\BOOKMARK [1][-]{section.47.5}{Drawing figures}{chapter.47}% 665
\BOOKMARK [0][-]{chapter.48}{html}{part.11}% 666
