\BOOKMARK [0][-]{section*.1}{Contents}{}
\BOOKMARK [-1][-]{part.1}{Probability Theory}{}
\BOOKMARK [0][-]{chapter.1}{Sample space and Events}{part.1}
\BOOKMARK [1][-]{section.1.1}{Sample/ state space}{chapter.1}
\BOOKMARK [2][-]{subsection.1.1.1}{States/ sample points}{section.1.1}
\BOOKMARK [2][-]{subsection.1.1.2}{Specification with state variables}{section.1.1}
\BOOKMARK [2][-]{subsection.1.1.3}{Sample space notation}{section.1.1}
\BOOKMARK [1][-]{section.1.2}{Events and Sigma algebra}{chapter.1}
\BOOKMARK [2][-]{subsection.1.2.1}{Events}{section.1.2}
\BOOKMARK [2][-]{subsection.1.2.2}{Sigma algebra}{section.1.2}
\BOOKMARK [1][-]{section.1.3}{Space of events}{chapter.1}
\BOOKMARK [2][-]{subsection.1.3.1}{Product probability space}{section.1.3}
\BOOKMARK [3][-]{subsubsection.1.3.1.1}{Over the same sample space S}{subsection.1.3.1}
\BOOKMARK [1][-]{section.1.4}{Counting}{chapter.1}
\BOOKMARK [2][-]{subsection.1.4.1}{Count action sequence}{section.1.4}
\BOOKMARK [2][-]{subsection.1.4.2}{'Picking' phenomena: varieties}{section.1.4}
\BOOKMARK [3][-]{subsubsection.1.4.2.1}{Permutation}{subsection.1.4.2}
\BOOKMARK [3][-]{subsubsection.1.4.2.2}{Combinations without repetition}{subsection.1.4.2}
\BOOKMARK [3][-]{subsubsection.1.4.2.3}{Choosing with repetition}{subsection.1.4.2}
\BOOKMARK [2][-]{subsection.1.4.3}{Combinatorial proofs of equality}{section.1.4}
\BOOKMARK [2][-]{subsection.1.4.4}{Cardinality of sets}{section.1.4}
\BOOKMARK [0][-]{chapter.2}{Probability of events}{part.1}
\BOOKMARK [1][-]{section.2.1}{Probability measure}{chapter.2}
\BOOKMARK [2][-]{subsection.2.1.1}{Importance}{section.2.1}
\BOOKMARK [2][-]{subsection.2.1.2}{Visualization: An area of atomic events}{section.2.1}
\BOOKMARK [2][-]{subsection.2.1.3}{Subscript notation}{section.2.1}
\BOOKMARK [3][-]{subsubsection.2.1.3.1}{Other notations}{subsection.2.1.3}
\BOOKMARK [3][-]{subsubsection.2.1.3.2}{Importance}{subsection.2.1.3}
\BOOKMARK [2][-]{subsection.2.1.4}{Empirical measure}{section.2.1}
\BOOKMARK [1][-]{section.2.2}{Conditional and unconditional probabilities}{chapter.2}
\BOOKMARK [2][-]{subsection.2.2.1}{Common errors}{section.2.2}
\BOOKMARK [3][-]{subsubsection.2.2.1.1}{Equal weight error}{subsection.2.2.1}
\BOOKMARK [3][-]{subsubsection.2.2.1.2}{Misidentified prior error}{subsection.2.2.1}
\BOOKMARK [3][-]{subsubsection.2.2.1.3}{Illustrations}{subsection.2.2.1}
\BOOKMARK [2][-]{subsection.2.2.2}{Independence of events}{section.2.2}
\BOOKMARK [1][-]{section.2.3}{Properties of the measure}{chapter.2}
\BOOKMARK [2][-]{subsection.2.3.1}{Connection with expectation}{section.2.3}
\BOOKMARK [1][-]{section.2.4}{Probability with Multiple variables/ sigma algebras}{chapter.2}
\BOOKMARK [2][-]{subsection.2.4.1}{The product measure}{section.2.4}
\BOOKMARK [3][-]{subsubsection.2.4.1.1}{Marginalization}{subsection.2.4.1}
\BOOKMARK [2][-]{subsection.2.4.2}{Conditional probability inversion}{section.2.4}
\BOOKMARK [3][-]{subsubsection.2.4.2.1}{Likelihood function}{subsection.2.4.2}
\BOOKMARK [1][-]{section.2.5}{Associated quantities}{chapter.2}
\BOOKMARK [2][-]{subsection.2.5.1}{Odds and log odds}{section.2.5}
\BOOKMARK [-1][-]{part.2}{Random variables}{}
\BOOKMARK [0][-]{chapter.3}{Random variable \(RV\) X}{part.2}
\BOOKMARK [1][-]{section.3.1}{Map sample space to measurable space}{chapter.3}
\BOOKMARK [1][-]{section.3.2}{Induced Probability measure Pr}{chapter.3}
\BOOKMARK [2][-]{subsection.3.2.1}{Probability density function \(pdf\) wrt measure m}{section.3.2}
\BOOKMARK [3][-]{subsubsection.3.2.1.1}{Notation}{subsection.3.2.1}
\BOOKMARK [3][-]{subsubsection.3.2.1.2}{Not probability measure}{subsection.3.2.1}
\BOOKMARK [3][-]{subsubsection.3.2.1.3}{Probability mass function \(pmf\)}{subsection.3.2.1}
\BOOKMARK [3][-]{subsubsection.3.2.1.4}{Support}{subsection.3.2.1}
\BOOKMARK [3][-]{subsubsection.3.2.1.5}{Improper densities}{subsection.3.2.1}
\BOOKMARK [3][-]{subsubsection.3.2.1.6}{In terms of cdf}{subsection.3.2.1}
\BOOKMARK [2][-]{subsection.3.2.2}{Cumulative density functions \(CDF\)}{section.3.2}
\BOOKMARK [3][-]{subsubsection.3.2.2.1}{Notation}{subsection.3.2.2}
\BOOKMARK [3][-]{subsubsection.3.2.2.2}{Properties}{subsection.3.2.2}
\BOOKMARK [3][-]{subsubsection.3.2.2.3}{Connection to discreteness}{subsection.3.2.2}
\BOOKMARK [3][-]{subsubsection.3.2.2.4}{Multidimensional case}{subsection.3.2.2}
\BOOKMARK [3][-]{subsubsection.3.2.2.5}{Quantiles}{subsection.3.2.2}
\BOOKMARK [2][-]{subsection.3.2.3}{Entropy}{section.3.2}
\BOOKMARK [1][-]{section.3.3}{Importance}{chapter.3}
\BOOKMARK [1][-]{section.3.4}{Random variable for probability space}{chapter.3}
\BOOKMARK [2][-]{subsection.3.4.1}{Indicator RV}{section.3.4}
\BOOKMARK [1][-]{section.3.5}{RV from a map}{chapter.3}
\BOOKMARK [2][-]{subsection.3.5.1}{Monotonic maps}{section.3.5}
\BOOKMARK [3][-]{subsubsection.3.5.1.1}{CDF}{subsection.3.5.1}
\BOOKMARK [3][-]{subsubsection.3.5.1.2}{pdf}{subsection.3.5.1}
\BOOKMARK [3][-]{subsubsection.3.5.1.3}{Utility}{subsection.3.5.1}
\BOOKMARK [0][-]{chapter.4}{Multiple random variables}{part.2}
\BOOKMARK [1][-]{section.4.1}{Random vector}{chapter.4}
\BOOKMARK [2][-]{subsection.4.1.1}{Marginalization}{section.4.1}
\BOOKMARK [1][-]{section.4.2}{Conditional pdf}{chapter.4}
\BOOKMARK [2][-]{subsection.4.2.1}{Inversion}{section.4.2}
\BOOKMARK [3][-]{subsubsection.4.2.1.1}{Improper densities}{subsection.4.2.1}
\BOOKMARK [1][-]{section.4.3}{Independence}{chapter.4}
\BOOKMARK [1][-]{section.4.4}{Conditional Independence}{chapter.4}
\BOOKMARK [0][-]{chapter.5}{Averaging using the pdf}{part.2}
\BOOKMARK [1][-]{section.5.1}{Mean/ Expectation of real valued RV}{chapter.5}
\BOOKMARK [2][-]{subsection.5.1.1}{Subscript notation}{section.5.1}
\BOOKMARK [2][-]{subsection.5.1.2}{Conditional Expectation}{section.5.1}
\BOOKMARK [1][-]{section.5.2}{Expectation: Properties}{chapter.5}
\BOOKMARK [2][-]{subsection.5.2.1}{Connection to probability measure}{section.5.2}
\BOOKMARK [2][-]{subsection.5.2.2}{Products of independent RV}{section.5.2}
\BOOKMARK [2][-]{subsection.5.2.3}{Linearity properties}{section.5.2}
\BOOKMARK [3][-]{subsubsection.5.2.3.1}{Linearity in X}{subsection.5.2.3}
\BOOKMARK [3][-]{subsubsection.5.2.3.2}{Importance}{subsection.5.2.3}
\BOOKMARK [3][-]{subsubsection.5.2.3.3}{Linearity in pdf}{subsection.5.2.3}
\BOOKMARK [2][-]{subsection.5.2.4}{Convex function of E[] inequality}{section.5.2}
\BOOKMARK [1][-]{section.5.3}{Expectation: Analysis tricks}{chapter.5}
\BOOKMARK [1][-]{section.5.4}{Variance from mean}{chapter.5}
\BOOKMARK [2][-]{subsection.5.4.1}{Concavity in p}{section.5.4}
\BOOKMARK [2][-]{subsection.5.4.2}{Other properties}{section.5.4}
\BOOKMARK [3][-]{subsubsection.5.4.2.1}{Translation invariance}{subsection.5.4.2}
\BOOKMARK [1][-]{section.5.5}{Moments of RV X}{chapter.5}
\BOOKMARK [2][-]{subsection.5.5.1}{kth moment}{section.5.5}
\BOOKMARK [2][-]{subsection.5.5.2}{kth moment about the mean}{section.5.5}
\BOOKMARK [2][-]{subsection.5.5.3}{Important moments}{section.5.5}
\BOOKMARK [2][-]{subsection.5.5.4}{Moment generating function}{section.5.5}
\BOOKMARK [2][-]{subsection.5.5.5}{Characteristic function of X}{section.5.5}
\BOOKMARK [2][-]{subsection.5.5.6}{For Poisson trials}{section.5.5}
\BOOKMARK [0][-]{chapter.6}{Random Vector properties}{part.2}
\BOOKMARK [1][-]{section.6.1}{Mean}{chapter.6}
\BOOKMARK [2][-]{subsection.6.1.1}{Linearity}{section.6.1}
\BOOKMARK [1][-]{section.6.2}{Covariance}{chapter.6}
\BOOKMARK [2][-]{subsection.6.2.1}{Definition}{section.6.2}
\BOOKMARK [3][-]{subsubsection.6.2.1.1}{Extension to vectors}{subsection.6.2.1}
\BOOKMARK [2][-]{subsection.6.2.2}{Correlation}{section.6.2}
\BOOKMARK [3][-]{subsubsection.6.2.2.1}{Correlation vs Independence}{subsection.6.2.2}
\BOOKMARK [1][-]{section.6.3}{Covariance matrix}{chapter.6}
\BOOKMARK [2][-]{subsection.6.3.1}{Effect of linear transformation}{section.6.3}
\BOOKMARK [2][-]{subsection.6.3.2}{Nonnegative definiteness}{section.6.3}
\BOOKMARK [2][-]{subsection.6.3.3}{Precision matrix}{section.6.3}
\BOOKMARK [2][-]{subsection.6.3.4}{Moment generating function}{section.6.3}
\BOOKMARK [0][-]{chapter.7}{Random variable sequence}{part.2}
\BOOKMARK [1][-]{section.7.1}{Convergence in distribution to X}{chapter.7}
\BOOKMARK [1][-]{section.7.2}{Convergence in probability to X}{chapter.7}
\BOOKMARK [1][-]{section.7.3}{Almost sure convergence}{chapter.7}
\BOOKMARK [1][-]{section.7.4}{Sure convergence}{chapter.7}
\BOOKMARK [-1][-]{part.3}{Inference and comparison of distributions}{}
\BOOKMARK [0][-]{chapter.8}{Statistics}{part.3}
\BOOKMARK [1][-]{section.8.1}{Estimating a probability with accuracy ..}{chapter.8}
\BOOKMARK [0][-]{chapter.9}{Distances between distributions}{part.3}
\BOOKMARK [1][-]{section.9.1}{Total variation distance between distributions}{chapter.9}
\BOOKMARK [2][-]{subsection.9.1.1}{Largest deviation in event probability}{section.9.1}
\BOOKMARK [1][-]{section.9.2}{Code-length divergence}{chapter.9}
\BOOKMARK [2][-]{subsection.9.2.1}{Nonnegativity}{section.9.2}
\BOOKMARK [2][-]{subsection.9.2.2}{Other properties}{section.9.2}
\BOOKMARK [2][-]{subsection.9.2.3}{Connection with variation distance}{section.9.2}
\BOOKMARK [0][-]{chapter.10}{Inferences about distributions of function\(RV\)}{part.3}
\BOOKMARK [1][-]{section.10.1}{Using ..}{chapter.10}
\BOOKMARK [2][-]{subsection.10.1.1}{Extension to multidimensional distributions}{section.10.1}
\BOOKMARK [1][-]{section.10.2}{Using moment generating functions}{chapter.10}
\BOOKMARK [0][-]{chapter.11}{Bounds on deviation probability}{part.3}
\BOOKMARK [1][-]{section.11.1}{Expectation based deviation bound}{chapter.11}
\BOOKMARK [1][-]{section.11.2}{Variance based deviation bound}{chapter.11}
\BOOKMARK [2][-]{subsection.11.2.1}{Use in estimation of mean}{section.11.2}
\BOOKMARK [1][-]{section.11.3}{Exponentially small deviation bounds}{chapter.11}
\BOOKMARK [2][-]{subsection.11.3.1}{General technique}{section.11.3}
\BOOKMARK [2][-]{subsection.11.3.2}{For random variable sequences}{section.11.3}
\BOOKMARK [3][-]{subsubsection.11.3.2.1}{Pairwise independent RVs}{subsection.11.3.2}
\BOOKMARK [2][-]{subsection.11.3.3}{Sum of n-wise independent RVs}{section.11.3}
\BOOKMARK [3][-]{subsubsection.11.3.3.1}{Bounds from MGF's.}{subsection.11.3.3}
\BOOKMARK [3][-]{subsubsection.11.3.3.2}{Goodness of empirical mean}{subsection.11.3.3}
\BOOKMARK [3][-]{subsubsection.11.3.3.3}{Code length divergence bound}{subsection.11.3.3}
\BOOKMARK [3][-]{subsubsection.11.3.3.4}{Additive deviation bounds}{subsection.11.3.3}
\BOOKMARK [2][-]{subsection.11.3.4}{iid RV: Tightness of the Chernoff bound}{section.11.3}
\BOOKMARK [-1][-]{part.4}{Probabilistic Analysis Techniques}{}
\BOOKMARK [0][-]{chapter.12}{Existence proofs}{part.4}
\BOOKMARK [1][-]{section.12.1}{For sparse dependency graphs}{chapter.12}
\BOOKMARK [1][-]{section.12.2}{Threshold behavior}{chapter.12}
\BOOKMARK [1][-]{section.12.3}{Explicit constructions}{chapter.12}
\BOOKMARK [1][-]{section.12.4}{Make Existence proofs}{chapter.12}
\BOOKMARK [0][-]{chapter.13}{Extremal combinatorics}{part.4}
\BOOKMARK [0][-]{chapter.14}{Analysis strategies}{part.4}
\BOOKMARK [1][-]{section.14.1}{General strategies}{chapter.14}
\BOOKMARK [1][-]{section.14.2}{Bound probabilities and expectations}{chapter.14}
\BOOKMARK [2][-]{subsection.14.2.1}{Break up big events into smaller cases}{section.14.2}
\BOOKMARK [3][-]{subsubsection.14.2.1.1}{One of many events}{subsection.14.2.1}
\BOOKMARK [3][-]{subsubsection.14.2.1.2}{Co-occurring events}{subsection.14.2.1}
\BOOKMARK [3][-]{subsubsection.14.2.1.3}{Principle of deferred decisions}{subsection.14.2.1}
\BOOKMARK [2][-]{subsection.14.2.2}{Identify independent events}{section.14.2}
\BOOKMARK [2][-]{subsection.14.2.3}{Use super-events}{section.14.2}
\BOOKMARK [2][-]{subsection.14.2.4}{Use concentration of measure around the mean}{section.14.2}
\BOOKMARK [3][-]{subsubsection.14.2.4.1}{Means and variances}{subsection.14.2.4}
\BOOKMARK [3][-]{subsubsection.14.2.4.2}{Dealing with lack of independence}{subsection.14.2.4}
\BOOKMARK [0][-]{chapter.15}{Results}{part.4}
\BOOKMARK [0][-]{section*.11}{Bibliography}{part.4}
