\BOOKMARK [-1][-]{part.1}{परिचयः॥}{}
\BOOKMARK [0][-]{chapter.1}{संस्कृते अद्भुतानि॥}{part.1}
\BOOKMARK [1][-]{section.1.1}{विभागाः।}{chapter.1}
\BOOKMARK [1][-]{section.1.2}{पदे वर्णपरिवर्तनम् ॥}{chapter.1}
\BOOKMARK [-1][-]{part.2}{पदमूलाः॥}{}
\BOOKMARK [0][-]{chapter.2}{क्रिया-पदमूलाः धातवः॥}{part.2}
\BOOKMARK [1][-]{section.2.1}{विशेषाणि अङ्गानि।}{chapter.2}
\BOOKMARK [1][-]{section.2.2}{गणविभक्तिः॥}{chapter.2}
\BOOKMARK [0][-]{chapter.3}{प्रातिपदिकानि च तदुत्पत्तिः॥}{part.2}
\BOOKMARK [1][-]{section.3.1}{समासान्तानि।}{chapter.3}
\BOOKMARK [2][-]{subsection.3.1.1}{पदसन्धानम् ।}{section.3.1}
\BOOKMARK [3][-]{subsubsection.3.1.1.1}{विग्रहवाक्यम् ।}{subsection.3.1.1}
\BOOKMARK [3][-]{subsubsection.3.1.1.2}{क्रम-वचनम् ॥}{subsection.3.1.1}
\BOOKMARK [1][-]{section.3.2}{कृदन्तानि॥}{chapter.3}
\BOOKMARK [2][-]{subsection.3.2.1}{क्त॥}{section.3.2}
\BOOKMARK [3][-]{subsubsection.3.2.1.1}{शब्द-योगः॥}{subsection.3.2.1}
\BOOKMARK [3][-]{subsubsection.3.2.1.2}{उपयोगः॥}{subsection.3.2.1}
\BOOKMARK [3][-]{subsubsection.3.2.1.3}{कर्तृ-विशेषणे उपयोगः॥}{subsection.3.2.1}
\BOOKMARK [2][-]{subsection.3.2.2}{वर्तमति क्रियायाम् कर्तृ-विशेषणम् ॥}{section.3.2}
\BOOKMARK [3][-]{subsubsection.3.2.2.1}{साधारणतः पुंसः॥}{subsection.3.2.2}
\BOOKMARK [2][-]{subsection.3.2.3}{समाप्तायाम् क्रियायाम् ॥}{section.3.2}
\BOOKMARK [3][-]{subsubsection.3.2.3.1}{परोक्षभूते क्रियायाम्॥}{subsection.3.2.3}
\BOOKMARK [2][-]{subsection.3.2.4}{भविष्यति क्रियायाम्॥}{section.3.2}
\BOOKMARK [2][-]{subsection.3.2.5}{कर्म-विशेषणम्॥}{section.3.2}
\BOOKMARK [3][-]{subsubsection.3.2.5.1}{घुञ्-प्रत्ययः॥}{subsection.3.2.5}
\BOOKMARK [2][-]{subsection.3.2.6}{करणे ॥}{section.3.2}
\BOOKMARK [2][-]{subsection.3.2.7}{क्रियायाः भावे एव॥}{section.3.2}
\BOOKMARK [3][-]{subsubsection.3.2.7.1}{भाववचने नपुंसकानि॥}{subsection.3.2.7}
\BOOKMARK [3][-]{subsubsection.3.2.7.2}{युच्॥}{subsection.3.2.7}
\BOOKMARK [3][-]{subsubsection.3.2.7.3}{भाववाचने स्त्र्यः॥}{subsection.3.2.7}
\BOOKMARK [3][-]{subsubsection.3.2.7.4}{योग्यतायां॥}{subsection.3.2.7}
\BOOKMARK [3][-]{subsubsection.3.2.7.5}{उद्देश-वचनं॥}{subsection.3.2.7}
\BOOKMARK [3][-]{subsubsection.3.2.7.6}{क्रिया-उत्तर-काल-वाचकं अव्ययं॥}{subsection.3.2.7}
\BOOKMARK [2][-]{subsection.3.2.8}{प्रवृत्ति-वचने॥}{section.3.2}
\BOOKMARK [2][-]{subsection.3.2.9}{उण्-आदि-प्रत्ययाः॥}{section.3.2}
\BOOKMARK [2][-]{subsection.3.2.10}{अन्याः।}{section.3.2}
\BOOKMARK [1][-]{section.3.3}{अन्तिमाक्षर-विभजनम् अनव्यायानाम्॥}{chapter.3}
\BOOKMARK [2][-]{subsection.3.3.1}{अन्तिमाक्षरत्व-सङ्ख्या॥}{section.3.3}
\BOOKMARK [1][-]{section.3.4}{अन्य-उपासंज्ञाः।}{chapter.3}
\BOOKMARK [2][-]{subsection.3.4.1}{अव्ययम् ॥}{section.3.4}
\BOOKMARK [3][-]{subsubsection.3.4.1.1}{निपाताः॥}{subsection.3.4.1}
\BOOKMARK [3][-]{subsubsection.3.4.1.2}{उपसर्गाः॥}{subsection.3.4.1}
\BOOKMARK [2][-]{subsection.3.4.2}{सर्वनामानि॥}{section.3.4}
\BOOKMARK [0][-]{chapter.4}{तिङ्-अन्त्यं॥}{part.2}
\BOOKMARK [1][-]{section.4.1}{उपगणाः॥}{chapter.4}
\BOOKMARK [1][-]{section.4.2}{काल-वाचकाः लकाराः॥}{chapter.4}
\BOOKMARK [2][-]{subsection.4.2.1}{भूतकाल-वाचनं।}{section.4.2}
\BOOKMARK [-1][-]{part.3}{पाठनम्, पठनम् च ॥}{}
\BOOKMARK [0][-]{chapter.5}{भावनम् ॥}{part.3}
\BOOKMARK [0][-]{chapter.6}{क्रमः।}{part.3}
\BOOKMARK [1][-]{section.6.1}{प्रथमे स्तरे प्रयोग-कौशलम् ।}{chapter.6}
