\BOOKMARK [0][-]{section*.1}{Contents}{}
\BOOKMARK [-1][-]{part.1}{Introduction}{}
\BOOKMARK [0][-]{chapter.1}{Themes}{part.1}
\BOOKMARK [0][-]{chapter.2}{Important Fields}{part.1}
\BOOKMARK [1][-]{section.2.1}{General properties}{chapter.2}
\BOOKMARK [1][-]{section.2.2}{Numbers}{chapter.2}
\BOOKMARK [2][-]{subsection.2.2.1}{Supremum \(GUB\) vs infimum \(GLB\)}{section.2.2}
\BOOKMARK [2][-]{subsection.2.2.2}{The field of Rational numbers}{section.2.2}
\BOOKMARK [3][-]{subsubsection.2.2.2.1}{Absence of least upper bound}{subsection.2.2.2}
\BOOKMARK [1][-]{section.2.3}{The field of Real numbers}{chapter.2}
\BOOKMARK [2][-]{subsection.2.3.1}{Supremum property}{section.2.3}
\BOOKMARK [2][-]{subsection.2.3.2}{As Cuts from Q}{section.2.3}
\BOOKMARK [2][-]{subsection.2.3.3}{Archimedian property of R}{section.2.3}
\BOOKMARK [2][-]{subsection.2.3.4}{Misc Properties}{section.2.3}
\BOOKMARK [2][-]{subsection.2.3.5}{Extended real number system}{section.2.3}
\BOOKMARK [2][-]{subsection.2.3.6}{Irrationals}{section.2.3}
\BOOKMARK [2][-]{subsection.2.3.7}{Topological properties k cell in ..}{section.2.3}
\BOOKMARK [3][-]{subsubsection.2.3.7.1}{Nonemptiness of telescoping intersection of cells}{subsection.2.3.7}
\BOOKMARK [3][-]{subsubsection.2.3.7.2}{Compactness of k-cells in ..}{subsection.2.3.7}
\BOOKMARK [3][-]{subsubsection.2.3.7.3}{Compactness in ..}{subsection.2.3.7}
\BOOKMARK [2][-]{subsection.2.3.8}{Uncountability of R}{section.2.3}
\BOOKMARK [3][-]{subsubsection.2.3.8.1}{Cantor set}{subsection.2.3.8}
\BOOKMARK [3][-]{subsubsection.2.3.8.2}{Cardinality of .. is same as R}{subsection.2.3.8}
\BOOKMARK [1][-]{section.2.4}{The field of Complex numbers C}{chapter.2}
\BOOKMARK [2][-]{subsection.2.4.1}{Spherical form}{section.2.4}
\BOOKMARK [2][-]{subsection.2.4.2}{Powers of z}{section.2.4}
\BOOKMARK [2][-]{subsection.2.4.3}{Other Properties}{section.2.4}
\BOOKMARK [2][-]{subsection.2.4.4}{nth roots of 1}{section.2.4}
\BOOKMARK [1][-]{section.2.5}{Quaternions}{chapter.2}
\BOOKMARK [-1][-]{part.2}{Real valued Functions and their properties}{}
\BOOKMARK [0][-]{chapter.3}{Properties}{part.2}
\BOOKMARK [1][-]{section.3.1}{Topological properties}{chapter.3}
\BOOKMARK [2][-]{subsection.3.1.1}{Limits}{section.3.1}
\BOOKMARK [3][-]{subsubsection.3.1.1.1}{f:F to F: Find limits}{subsection.3.1.1}
\BOOKMARK [3][-]{subsubsection.3.1.1.2}{Closed functional f}{subsection.3.1.1}
\BOOKMARK [2][-]{subsection.3.1.2}{Continuity}{section.3.1}
\BOOKMARK [3][-]{subsubsection.3.1.2.1}{Absolute continuity of f:Rm to Rn}{subsection.3.1.2}
\BOOKMARK [3][-]{subsubsection.3.1.2.2}{Simple discontinuity}{subsection.3.1.2}
\BOOKMARK [3][-]{subsubsection.3.1.2.3}{Extreme value existence, boundedness}{subsection.3.1.2}
\BOOKMARK [3][-]{subsubsection.3.1.2.4}{Intermediate value theorem}{subsection.3.1.2}
\BOOKMARK [0][-]{chapter.4}{Definite-Integral function}{part.2}
\BOOKMARK [1][-]{section.4.1}{Definitions}{chapter.4}
\BOOKMARK [2][-]{subsection.4.1.1}{Integral as least Upper sum, greatest lower sum}{section.4.1}
\BOOKMARK [3][-]{subsubsection.4.1.1.1}{Partitions of [a,b]}{subsection.4.1.1}
\BOOKMARK [3][-]{subsubsection.4.1.1.2}{Upper, lower sums}{subsection.4.1.1}
\BOOKMARK [3][-]{subsubsection.4.1.1.3}{Integrability}{subsection.4.1.1}
\BOOKMARK [3][-]{subsubsection.4.1.1.4}{Limitations}{subsection.4.1.1}
\BOOKMARK [2][-]{subsection.4.1.2}{Min-cover integral of measurable functions}{section.4.1}
\BOOKMARK [3][-]{subsubsection.4.1.2.1}{Importance}{subsection.4.1.2}
\BOOKMARK [2][-]{subsection.4.1.3}{Min-cover integral wrt to non decreasing g}{section.4.1}
\BOOKMARK [3][-]{subsubsection.4.1.3.1}{Upper and lower sums view}{subsection.4.1.3}
\BOOKMARK [3][-]{subsubsection.4.1.3.2}{Advantages}{subsection.4.1.3}
\BOOKMARK [1][-]{section.4.2}{Importance}{chapter.4}
\BOOKMARK [1][-]{section.4.3}{Basic properties}{chapter.4}
\BOOKMARK [2][-]{subsection.4.3.1}{Integral sandwiched between L and U}{section.4.3}
\BOOKMARK [3][-]{subsubsection.4.3.1.1}{Closeness to any sum between L and U}{subsection.4.3.1}
\BOOKMARK [2][-]{subsection.4.3.2}{Continuity implies integrability}{section.4.3}
\BOOKMARK [2][-]{subsection.4.3.3}{Relationship with Uniform convergence}{section.4.3}
\BOOKMARK [2][-]{subsection.4.3.4}{Continuity of semi-definite integral}{section.4.3}
\BOOKMARK [1][-]{section.4.4}{Connection to derivative}{chapter.4}
\BOOKMARK [2][-]{subsection.4.4.1}{Differential of integral over f}{section.4.4}
\BOOKMARK [2][-]{subsection.4.4.2}{Definite integral = difference in antiderivative}{section.4.4}
\BOOKMARK [3][-]{subsubsection.4.4.2.1}{Anti-derivative}{subsection.4.4.2}
\BOOKMARK [3][-]{subsubsection.4.4.2.2}{Fundamental theorem of calculus}{subsection.4.4.2}
\BOOKMARK [2][-]{subsection.4.4.3}{Inter-measure Derivative}{section.4.4}
\BOOKMARK [1][-]{section.4.5}{Integration: evaluating definite integrals}{chapter.4}
\BOOKMARK [2][-]{subsection.4.5.1}{Integration by parts}{section.4.5}
\BOOKMARK [2][-]{subsection.4.5.2}{Sum, product, decomposition rules}{section.4.5}
\BOOKMARK [2][-]{subsection.4.5.3}{Transform the integral}{section.4.5}
\BOOKMARK [2][-]{subsection.4.5.4}{Change of variables}{section.4.5}
\BOOKMARK [3][-]{subsubsection.4.5.4.1}{Function composition: integrability}{subsection.4.5.4}
\BOOKMARK [3][-]{subsubsection.4.5.4.2}{Integration}{subsection.4.5.4}
\BOOKMARK [2][-]{subsection.4.5.5}{Reversing limits}{section.4.5}
\BOOKMARK [1][-]{section.4.6}{Over product measure spaces}{chapter.4}
\BOOKMARK [2][-]{subsection.4.6.1}{Bounds}{section.4.6}
\BOOKMARK [2][-]{subsection.4.6.2}{Use polar coordinates}{section.4.6}
\BOOKMARK [1][-]{section.4.7}{Important integrals}{chapter.4}
\BOOKMARK [2][-]{subsection.4.7.1}{Normal integral}{section.4.7}
\BOOKMARK [3][-]{subsubsection.4.7.1.1}{Importance}{subsection.4.7.1}
\BOOKMARK [-1][-]{part.3}{R to R functions}{}
\BOOKMARK [0][-]{chapter.5}{Superclasses}{part.3}
\BOOKMARK [0][-]{chapter.6}{Functions over N: Sequences, series, convergence}{part.3}
\BOOKMARK [1][-]{section.6.1}{Convergent sequences .. in a field}{chapter.6}
\BOOKMARK [2][-]{subsection.6.1.1}{Boundedness}{section.6.1}
\BOOKMARK [2][-]{subsection.6.1.2}{Montonicity}{section.6.1}
\BOOKMARK [2][-]{subsection.6.1.3}{Upper and lower limits}{section.6.1}
\BOOKMARK [1][-]{section.6.2}{Generating function of a sequence}{chapter.6}
\BOOKMARK [1][-]{section.6.3}{Series}{chapter.6}
\BOOKMARK [2][-]{subsection.6.3.1}{Convergence}{section.6.3}
\BOOKMARK [2][-]{subsection.6.3.2}{Convergence tests}{section.6.3}
\BOOKMARK [3][-]{subsubsection.6.3.2.1}{Ratio test}{subsection.6.3.2}
\BOOKMARK [3][-]{subsubsection.6.3.2.2}{Root test}{subsection.6.3.2}
\BOOKMARK [3][-]{subsubsection.6.3.2.3}{Alternating series test}{subsection.6.3.2}
\BOOKMARK [2][-]{subsection.6.3.3}{Conditional convergence}{section.6.3}
\BOOKMARK [2][-]{subsection.6.3.4}{Absolute convergence}{section.6.3}
\BOOKMARK [2][-]{subsection.6.3.5}{Rearrangement}{section.6.3}
\BOOKMARK [2][-]{subsection.6.3.6}{Series product}{section.6.3}
\BOOKMARK [1][-]{section.6.4}{Special series}{chapter.6}
\BOOKMARK [2][-]{subsection.6.4.1}{Arithmatic series}{section.6.4}
\BOOKMARK [2][-]{subsection.6.4.2}{Geometric-like series}{section.6.4}
\BOOKMARK [2][-]{subsection.6.4.3}{Harmonic-like series}{section.6.4}
\BOOKMARK [2][-]{subsection.6.4.4}{Power series}{section.6.4}
\BOOKMARK [2][-]{subsection.6.4.5}{Binomial theorem}{section.6.4}
\BOOKMARK [2][-]{subsection.6.4.6}{e}{section.6.4}
\BOOKMARK [1][-]{section.6.5}{Summation tricks}{chapter.6}
\BOOKMARK [2][-]{subsection.6.5.1}{Summation by parts}{section.6.5}
\BOOKMARK [2][-]{subsection.6.5.2}{Using binomial summation formula}{section.6.5}
\BOOKMARK [2][-]{subsection.6.5.3}{Derivative to estimate limit of partial sums}{section.6.5}
\BOOKMARK [2][-]{subsection.6.5.4}{Integral to estimate limit of partial sums}{section.6.5}
\BOOKMARK [0][-]{chapter.7}{Differential function}{part.3}
\BOOKMARK [1][-]{section.7.1}{Definition}{chapter.7}
\BOOKMARK [2][-]{subsection.7.1.1}{Rate of change}{section.7.1}
\BOOKMARK [2][-]{subsection.7.1.2}{Linear approximation view}{section.7.1}
\BOOKMARK [2][-]{subsection.7.1.3}{Other views and generalizations}{section.7.1}
\BOOKMARK [1][-]{section.7.2}{Existence: Differentiability}{chapter.7}
\BOOKMARK [2][-]{subsection.7.2.1}{Relationship with continuity}{section.7.2}
\BOOKMARK [2][-]{subsection.7.2.2}{Smoothness}{section.7.2}
\BOOKMARK [1][-]{section.7.3}{Differential operator}{chapter.7}
\BOOKMARK [2][-]{subsection.7.3.1}{Definition}{section.7.3}
\BOOKMARK [3][-]{subsubsection.7.3.1.1}{Notation}{subsection.7.3.1}
\BOOKMARK [3][-]{subsubsection.7.3.1.2}{Higher order differentials}{subsection.7.3.1}
\BOOKMARK [2][-]{subsection.7.3.2}{Inverse}{section.7.3}
\BOOKMARK [2][-]{subsection.7.3.3}{Linearity}{section.7.3}
\BOOKMARK [2][-]{subsection.7.3.4}{Other properties}{section.7.3}
\BOOKMARK [2][-]{subsection.7.3.5}{Composition \(chain rule\)}{section.7.3}
\BOOKMARK [2][-]{subsection.7.3.6}{Parametrically defined functions}{section.7.3}
\BOOKMARK [1][-]{section.7.4}{Differentiation}{chapter.7}
\BOOKMARK [2][-]{subsection.7.4.1}{Differentiation tricks}{section.7.4}
\BOOKMARK [2][-]{subsection.7.4.2}{Differentials of important functions}{section.7.4}
\BOOKMARK [3][-]{subsubsection.7.4.2.1}{Differentiation of powers and exponents}{subsection.7.4.2}
\BOOKMARK [1][-]{section.7.5}{Other properties}{chapter.7}
\BOOKMARK [2][-]{subsection.7.5.1}{Geometry}{section.7.5}
\BOOKMARK [2][-]{subsection.7.5.2}{Connection with extrema}{section.7.5}
\BOOKMARK [2][-]{subsection.7.5.3}{Effect of uniform convergence}{section.7.5}
\BOOKMARK [1][-]{section.7.6}{Polynomial approximation of f}{chapter.7}
\BOOKMARK [2][-]{subsection.7.6.1}{f\(x\): Mean change and the gradient}{section.7.6}
\BOOKMARK [3][-]{subsubsection.7.6.1.1}{Interior extremum existance}{subsection.7.6.1}
\BOOKMARK [3][-]{subsubsection.7.6.1.2}{Mean value theorem}{subsection.7.6.1}
\BOOKMARK [3][-]{subsubsection.7.6.1.3}{Relative to another function}{subsection.7.6.1}
\BOOKMARK [3][-]{subsubsection.7.6.1.4}{Definite integral view and the mean}{subsection.7.6.1}
\BOOKMARK [2][-]{subsection.7.6.2}{Polynomial approximation}{section.7.6}
\BOOKMARK [2][-]{subsection.7.6.3}{Associated series}{section.7.6}
\BOOKMARK [2][-]{subsection.7.6.4}{Importance}{section.7.6}
\BOOKMARK [1][-]{section.7.7}{Extensions}{chapter.7}
\BOOKMARK [2][-]{subsection.7.7.1}{Extension to functionals}{section.7.7}
\BOOKMARK [0][-]{chapter.8}{Important functions}{part.3}
\BOOKMARK [1][-]{section.8.1}{Classification by dependence on parameters}{chapter.8}
\BOOKMARK [1][-]{section.8.2}{Recurrance equations}{chapter.8}
\BOOKMARK [1][-]{section.8.3}{Polynomial P over field K}{chapter.8}
\BOOKMARK [2][-]{subsection.8.3.1}{Multivariate polynomials}{section.8.3}
\BOOKMARK [2][-]{subsection.8.3.2}{Symmetric polynomials}{section.8.3}
\BOOKMARK [3][-]{subsubsection.8.3.2.1}{Probability of multivariate polynomials becoming 0}{subsection.8.3.2}
\BOOKMARK [2][-]{subsection.8.3.3}{Roots of polynomial P over R}{section.8.3}
\BOOKMARK [3][-]{subsubsection.8.3.3.1}{Quadratic eqn}{subsection.8.3.3}
\BOOKMARK [1][-]{section.8.4}{Important functions over R and C}{chapter.8}
\BOOKMARK [2][-]{subsection.8.4.1}{Extrema}{section.8.4}
\BOOKMARK [2][-]{subsection.8.4.2}{Unit step function I\(x\)}{section.8.4}
\BOOKMARK [2][-]{subsection.8.4.3}{Logarithm and exponential}{section.8.4}
\BOOKMARK [2][-]{subsection.8.4.4}{Generalized binomial coefficient}{section.8.4}
\BOOKMARK [3][-]{subsubsection.8.4.4.1}{Polynomial interpolation argument}{subsection.8.4.4}
\BOOKMARK [2][-]{subsection.8.4.5}{Logistic sigmoid function}{section.8.4}
\BOOKMARK [2][-]{subsection.8.4.6}{Normal function}{section.8.4}
\BOOKMARK [2][-]{subsection.8.4.7}{Gamma function}{section.8.4}
\BOOKMARK [-1][-]{part.4}{Bounding techniques}{}
\BOOKMARK [0][-]{chapter.9}{Important limits and bounds}{part.4}
\BOOKMARK [1][-]{section.9.1}{Bounds on combinatorial quantities}{chapter.9}
\BOOKMARK [2][-]{subsection.9.1.1}{Bounds on n!}{section.9.1}
\BOOKMARK [2][-]{subsection.9.1.2}{Bounds on \(a choose b\)}{section.9.1}
\BOOKMARK [1][-]{section.9.2}{Bounds on powers and exponents}{chapter.9}
\BOOKMARK [2][-]{subsection.9.2.1}{Bounds on exponentials}{section.9.2}
\BOOKMARK [2][-]{subsection.9.2.2}{Bounds on log x}{section.9.2}
\BOOKMARK [1][-]{section.9.3}{Inequalities among means}{chapter.9}
\BOOKMARK [2][-]{subsection.9.3.1}{Bound ab with a convex combination of powers}{section.9.3}
\BOOKMARK [2][-]{subsection.9.3.2}{AM GM HM inequality}{section.9.3}
\BOOKMARK [0][-]{chapter.10}{Analysis/ bounding techniques}{part.4}
\BOOKMARK [1][-]{section.10.1}{General ideas}{chapter.10}
\BOOKMARK [2][-]{subsection.10.1.1}{Bound f over [a, b] with a constant c}{section.10.1}
\BOOKMARK [1][-]{section.10.2}{Asymptotics}{chapter.10}
\BOOKMARK [2][-]{subsection.10.2.1}{Hierarchy of growth of functions}{section.10.2}
\BOOKMARK [2][-]{subsection.10.2.2}{Iterative logarithm}{section.10.2}
\BOOKMARK [0][-]{section*.10}{Bibliography}{part.4}
