\BOOKMARK [0][-]{chapter.1}{Architecture of a computer}{}
\BOOKMARK [1][-]{section.1.1}{Gross view}{chapter.1}
\BOOKMARK [1][-]{section.1.2}{Motherboard}{chapter.1}
\BOOKMARK [2][-]{subsection.1.2.1}{System Bus}{section.1.2}
\BOOKMARK [2][-]{subsection.1.2.2}{Quality}{section.1.2}
\BOOKMARK [1][-]{section.1.3}{Processor}{chapter.1}
\BOOKMARK [2][-]{subsection.1.3.1}{Components}{section.1.3}
\BOOKMARK [2][-]{subsection.1.3.2}{Tight knit Parallelism}{section.1.3}
\BOOKMARK [3][-]{subsubsection.1.3.2.1}{Multiple cores}{subsection.1.3.2}
\BOOKMARK [3][-]{subsubsection.1.3.2.2}{Pipelines}{subsection.1.3.2}
\BOOKMARK [2][-]{subsection.1.3.3}{Memory cache}{section.1.3}
\BOOKMARK [2][-]{subsection.1.3.4}{Quality}{section.1.3}
\BOOKMARK [3][-]{subsubsection.1.3.4.1}{Best and economical}{subsection.1.3.4}
\BOOKMARK [3][-]{subsubsection.1.3.4.2}{Trends}{subsection.1.3.4}
\BOOKMARK [1][-]{section.1.4}{Working Memory}{chapter.1}
\BOOKMARK [2][-]{subsection.1.4.1}{DDR SDRAM}{section.1.4}
\BOOKMARK [3][-]{subsubsection.1.4.1.1}{Quality}{subsection.1.4.1}
\BOOKMARK [3][-]{subsubsection.1.4.1.2}{Interface}{subsection.1.4.1}
\BOOKMARK [2][-]{subsection.1.4.2}{Memory hierarchy}{section.1.4}
\BOOKMARK [1][-]{section.1.5}{Graphics processing \(GPU\)}{chapter.1}
\BOOKMARK [2][-]{subsection.1.5.1}{High data parallelism}{section.1.5}
\BOOKMARK [2][-]{subsection.1.5.2}{For general computing}{section.1.5}
\BOOKMARK [0][-]{chapter.2}{Storage devices}{}
\BOOKMARK [1][-]{section.2.1}{Magnetic storage}{chapter.2}
\BOOKMARK [2][-]{subsection.2.1.1}{Bus interface}{section.2.1}
\BOOKMARK [2][-]{subsection.2.1.2}{Quality}{section.2.1}
\BOOKMARK [3][-]{subsubsection.2.1.2.1}{Best and economical}{subsection.2.1.2}
\BOOKMARK [1][-]{section.2.2}{Optical storage}{chapter.2}
\BOOKMARK [2][-]{subsection.2.2.1}{Quality}{section.2.2}
\BOOKMARK [3][-]{subsubsection.2.2.1.1}{Best and economical}{subsection.2.2.1}
\BOOKMARK [1][-]{section.2.3}{Flash memory}{chapter.2}
\BOOKMARK [2][-]{subsection.2.3.1}{SD cards}{section.2.3}
\BOOKMARK [3][-]{subsubsection.2.3.1.1}{Size}{subsection.2.3.1}
\BOOKMARK [3][-]{subsubsection.2.3.1.2}{Speed}{subsection.2.3.1}
\BOOKMARK [0][-]{chapter.3}{Display}{}
\BOOKMARK [1][-]{section.3.1}{Display screens}{chapter.3}
\BOOKMARK [2][-]{subsection.3.1.1}{Quality}{section.3.1}
\BOOKMARK [3][-]{subsubsection.3.1.1.1}{Image quality}{subsection.3.1.1}
\BOOKMARK [3][-]{subsubsection.3.1.1.2}{LCD screens}{subsection.3.1.1}
\BOOKMARK [3][-]{subsubsection.3.1.1.3}{Best and economical}{subsection.3.1.1}
\BOOKMARK [1][-]{section.3.2}{Projectors}{chapter.3}
\BOOKMARK [2][-]{subsection.3.2.1}{Quality}{section.3.2}
\BOOKMARK [2][-]{subsection.3.2.2}{Best and economical}{section.3.2}
\BOOKMARK [0][-]{chapter.4}{Input}{}
\BOOKMARK [1][-]{section.4.1}{Gaming input}{chapter.4}
\BOOKMARK [2][-]{subsection.4.1.1}{Motion detection}{section.4.1}
\BOOKMARK [1][-]{section.4.2}{Containment/ Size}{chapter.4}
\BOOKMARK [2][-]{subsection.4.2.1}{Computer case}{section.4.2}
\BOOKMARK [2][-]{subsection.4.2.2}{Size}{section.4.2}
\BOOKMARK [3][-]{subsubsection.4.2.2.1}{Best and economical}{subsection.4.2.2}
\BOOKMARK [0][-]{chapter.5}{Interfaces and networking}{}
\BOOKMARK [1][-]{section.5.1}{Device interfaces}{chapter.5}
\BOOKMARK [2][-]{subsection.5.1.1}{Universal serial bus}{section.5.1}
\BOOKMARK [2][-]{subsection.5.1.2}{USB Plugs}{section.5.1}
\BOOKMARK [1][-]{section.5.2}{Modems}{chapter.5}
\BOOKMARK [2][-]{subsection.5.2.1}{Mobile Wifi \(MiFi\)}{section.5.2}
\BOOKMARK [0][-]{chapter.6}{Special computers}{}
\BOOKMARK [1][-]{section.6.1}{Pocket computers}{chapter.6}
\BOOKMARK [2][-]{subsection.6.1.1}{Components}{section.6.1}
\BOOKMARK [2][-]{subsection.6.1.2}{Customizability}{section.6.1}
\BOOKMARK [2][-]{subsection.6.1.3}{OS}{section.6.1}
\BOOKMARK [2][-]{subsection.6.1.4}{Quality}{section.6.1}
\BOOKMARK [3][-]{subsubsection.6.1.4.1}{Best and economical \(2011\)}{subsection.6.1.4}
\BOOKMARK [0][-]{chapter.7}{Procurement and maintenance}{}
\BOOKMARK [1][-]{section.7.1}{Maintenance}{chapter.7}
\BOOKMARK [2][-]{subsection.7.1.1}{Fan vent cleaning}{section.7.1}
\BOOKMARK [2][-]{subsection.7.1.2}{Battery}{section.7.1}
\BOOKMARK [2][-]{subsection.7.1.3}{Vostro 1000 disassembly procedure}{section.7.1}
\BOOKMARK [1][-]{section.7.2}{Upgrades}{chapter.7}
\BOOKMARK [2][-]{subsection.7.2.1}{Understand needs}{section.7.2}
\BOOKMARK [0][-]{chapter.8}{Parallel computers}{}
\BOOKMARK [1][-]{section.8.1}{Architecture}{chapter.8}
\BOOKMARK [1][-]{section.8.2}{Communication}{chapter.8}
\BOOKMARK [0][-]{chapter.9}{Number storage formats}{}
\BOOKMARK [1][-]{section.9.1}{Design factors}{chapter.9}
\BOOKMARK [2][-]{subsection.9.1.1}{Words and bits}{section.9.1}
\BOOKMARK [2][-]{subsection.9.1.2}{Simplicity of computation logic}{section.9.1}
\BOOKMARK [2][-]{subsection.9.1.3}{Special numbers}{section.9.1}
\BOOKMARK [1][-]{section.9.2}{Integers}{chapter.9}
\BOOKMARK [2][-]{subsection.9.2.1}{Unsigned}{section.9.2}
\BOOKMARK [2][-]{subsection.9.2.2}{Signed}{section.9.2}
\BOOKMARK [3][-]{subsubsection.9.2.2.1}{Use sign bit + absolute value}{subsection.9.2.2}
\BOOKMARK [3][-]{subsubsection.9.2.2.2}{Offset/ biased storage}{subsection.9.2.2}
\BOOKMARK [3][-]{subsubsection.9.2.2.3}{1's complement storage}{subsection.9.2.2}
\BOOKMARK [3][-]{subsubsection.9.2.2.4}{2's complement bias}{subsection.9.2.2}
\BOOKMARK [1][-]{section.9.3}{IEEE floating point}{chapter.9}
\BOOKMARK [2][-]{subsection.9.3.1}{Division of bits}{section.9.3}
\BOOKMARK [2][-]{subsection.9.3.2}{Number stored}{section.9.3}
\BOOKMARK [2][-]{subsection.9.3.3}{IEEE standards}{section.9.3}
\BOOKMARK [2][-]{subsection.9.3.4}{Reserved numbers}{section.9.3}
\BOOKMARK [2][-]{subsection.9.3.5}{Range}{section.9.3}
\BOOKMARK [2][-]{subsection.9.3.6}{Increasing gaps in different ranges}{section.9.3}
\BOOKMARK [2][-]{subsection.9.3.7}{Representation Accuracy}{section.9.3}
\BOOKMARK [3][-]{subsubsection.9.3.7.1}{Machine epsilon}{subsection.9.3.7}
\BOOKMARK [3][-]{subsubsection.9.3.7.2}{Error guarantee view!}{subsection.9.3.7}
\BOOKMARK [2][-]{subsection.9.3.8}{Accuracy of arithmetic operations}{section.9.3}
