\BOOKMARK [-1][-]{part.1}{Introduction}{}
\BOOKMARK [0][-]{chapter.1}{Culture/ values}{part.1}
\BOOKMARK [1][-]{section.1.1}{Group psyche}{chapter.1}
\BOOKMARK [2][-]{subsection.1.1.1}{Behavioral role}{section.1.1}
\BOOKMARK [3][-]{subsubsection.1.1.1.1}{Default patterns}{subsection.1.1.1}
\BOOKMARK [3][-]{subsubsection.1.1.1.2}{Support in daily life}{subsection.1.1.1}
\BOOKMARK [2][-]{subsection.1.1.2}{Mechanism and transmission}{section.1.1}
\BOOKMARK [2][-]{subsection.1.1.3}{Choice}{section.1.1}
\BOOKMARK [3][-]{subsubsection.1.1.3.1}{Modifications}{subsection.1.1.3}
\BOOKMARK [1][-]{section.1.2}{Conflicts among cultures}{chapter.1}
\BOOKMARK [2][-]{subsection.1.2.1}{Destruction}{section.1.2}
\BOOKMARK [1][-]{section.1.3}{Persistence}{chapter.1}
\BOOKMARK [2][-]{subsection.1.3.1}{Homogenization: limited}{section.1.3}
\BOOKMARK [0][-]{chapter.2}{Crime}{part.1}
\BOOKMARK [1][-]{section.2.1}{Execution}{chapter.2}
\BOOKMARK [1][-]{section.2.2}{Rate and statistics}{chapter.2}
\BOOKMARK [1][-]{section.2.3}{Law enforcement}{chapter.2}
\BOOKMARK [2][-]{subsection.2.3.1}{Forensics}{section.2.3}
\BOOKMARK [2][-]{subsection.2.3.2}{Arrest}{section.2.3}
\BOOKMARK [3][-]{subsubsection.2.3.2.1}{Entrapment}{subsection.2.3.2}
\BOOKMARK [3][-]{subsubsection.2.3.2.2}{Confession}{subsection.2.3.2}
\BOOKMARK [2][-]{subsection.2.3.3}{Trial}{section.2.3}
\BOOKMARK [3][-]{subsubsection.2.3.3.1}{Bail}{subsection.2.3.3}
\BOOKMARK [3][-]{subsubsection.2.3.3.2}{Plea bargain}{subsection.2.3.3}
\BOOKMARK [3][-]{subsubsection.2.3.3.3}{Jury vs Bench}{subsection.2.3.3}
\BOOKMARK [2][-]{subsection.2.3.4}{Incarceration}{section.2.3}
\BOOKMARK [3][-]{subsubsection.2.3.4.1}{Parole}{subsection.2.3.4}
\BOOKMARK [0][-]{chapter.3}{Organized crime}{part.1}
\BOOKMARK [1][-]{section.3.1}{Administration}{chapter.3}
\BOOKMARK [2][-]{subsection.3.1.1}{Recruitment}{section.3.1}
\BOOKMARK [3][-]{subsubsection.3.1.1.1}{\(De\)Motivations}{subsection.3.1.1}
\BOOKMARK [1][-]{section.3.2}{Code}{chapter.3}
\BOOKMARK [0][-]{chapter.4}{Classes}{part.1}
\BOOKMARK [1][-]{section.4.1}{Intelligentsia}{chapter.4}
\BOOKMARK [2][-]{subsection.4.1.1}{Negative aspects}{section.4.1}
\BOOKMARK [3][-]{subsubsection.4.1.1.1}{Overly liberal attitude}{subsection.4.1.1}
\BOOKMARK [2][-]{subsection.4.1.2}{Spread of education}{section.4.1}
\BOOKMARK [0][-]{chapter.5}{Linguistics}{part.1}
\BOOKMARK [0][-]{chapter.6}{Cities}{part.1}
\BOOKMARK [-1][-]{part.2}{World-views}{}
\BOOKMARK [0][-]{chapter.7}{Introduction}{part.2}
\BOOKMARK [1][-]{section.7.1}{Traditions}{chapter.7}
\BOOKMARK [0][-]{chapter.8}{Hedonism}{part.2}
\BOOKMARK [0][-]{chapter.9}{Materialism/ consumerism}{part.2}
\BOOKMARK [0][-]{chapter.10}{jApAnese culture}{part.2}
\BOOKMARK [1][-]{section.10.1}{Society and values}{chapter.10}
\BOOKMARK [2][-]{subsection.10.1.1}{Conformity, collectivism}{section.10.1}
\BOOKMARK [3][-]{subsubsection.10.1.1.1}{Individual sacrifice}{subsection.10.1.1}
\BOOKMARK [3][-]{subsubsection.10.1.1.2}{Crime}{subsection.10.1.1}
\BOOKMARK [2][-]{subsection.10.1.2}{dharma and saMskAras}{section.10.1}
\BOOKMARK [2][-]{subsection.10.1.3}{Self-mastery}{section.10.1}
\BOOKMARK [2][-]{subsection.10.1.4}{Stickiness of traditional values}{section.10.1}
\BOOKMARK [1][-]{section.10.2}{Politics}{chapter.10}
\BOOKMARK [1][-]{section.10.3}{Economy}{chapter.10}
\BOOKMARK [1][-]{section.10.4}{Xenopohbia}{chapter.10}
\BOOKMARK [1][-]{section.10.5}{Science and technology}{chapter.10}
\BOOKMARK [0][-]{chapter.11}{Buffalo plains native Americans}{part.2}
\BOOKMARK [1][-]{section.11.1}{Economy}{chapter.11}
\BOOKMARK [2][-]{subsection.11.1.1}{Captives}{section.11.1}
\BOOKMARK [1][-]{section.11.2}{War}{chapter.11}
\BOOKMARK [1][-]{section.11.3}{Comanche}{chapter.11}
\BOOKMARK [2][-]{subsection.11.3.1}{Military}{section.11.3}
\BOOKMARK [3][-]{subsubsection.11.3.1.1}{Successes and subdual}{subsection.11.3.1}
\BOOKMARK [0][-]{chapter.12}{Polynesian/ micronesian culture}{part.2}
\BOOKMARK [1][-]{section.12.1}{Roles in society}{chapter.12}
\BOOKMARK [2][-]{subsection.12.1.1}{Navigators}{section.12.1}
\BOOKMARK [-1][-]{part.3}{Non-scientific World-views}{}
\BOOKMARK [0][-]{chapter.13}{Introduction}{part.3}
\BOOKMARK [1][-]{section.13.1}{Beliefs and evidence}{chapter.13}
\BOOKMARK [2][-]{subsection.13.1.1}{Reactions due to science}{section.13.1}
\BOOKMARK [3][-]{subsubsection.13.1.1.1}{Rejection of contrary scientific beliefs}{subsection.13.1.1}
\BOOKMARK [3][-]{subsubsection.13.1.1.2}{Rejection of entire religion}{subsection.13.1.1}
\BOOKMARK [3][-]{subsubsection.13.1.1.3}{Rejection of unscientific beliefs only}{subsection.13.1.1}
\BOOKMARK [2][-]{subsection.13.1.2}{Negative consequences}{section.13.1}
\BOOKMARK [1][-]{section.13.2}{Beliefs: Attractive attributes}{chapter.13}
\BOOKMARK [2][-]{subsection.13.2.1}{Prayer and hope}{section.13.2}
\BOOKMARK [2][-]{subsection.13.2.2}{Justice, continuity after death}{section.13.2}
\BOOKMARK [2][-]{subsection.13.2.3}{Explaining away mysteries}{section.13.2}
\BOOKMARK [3][-]{subsubsection.13.2.3.1}{Support for social rules, values}{subsection.13.2.3}
\BOOKMARK [3][-]{subsubsection.13.2.3.2}{Life's purpose, meaning}{subsection.13.2.3}
\BOOKMARK [2][-]{subsection.13.2.4}{Acceptance of vulnerability}{section.13.2}
\BOOKMARK [3][-]{subsubsection.13.2.4.1}{Increased effectiveness}{subsection.13.2.4}
\BOOKMARK [1][-]{section.13.3}{Dealing with people with contrary beliefs}{chapter.13}
\BOOKMARK [0][-]{chapter.14}{bhArata-darshaNas}{part.3}
\BOOKMARK [1][-]{section.14.1}{Sources}{chapter.14}
\BOOKMARK [2][-]{subsection.14.1.1}{shruti}{section.14.1}
\BOOKMARK [2][-]{subsection.14.1.2}{sUtras}{section.14.1}
\BOOKMARK [2][-]{subsection.14.1.3}{purANa}{section.14.1}
\BOOKMARK [3][-]{subsubsection.14.1.3.1}{Accuracy}{subsection.14.1.3}
\BOOKMARK [3][-]{subsubsection.14.1.3.2}{Importance}{subsection.14.1.3}
\BOOKMARK [2][-]{subsection.14.1.4}{nAstika works}{section.14.1}
\BOOKMARK [1][-]{section.14.2}{Epistemology}{chapter.14}
\BOOKMARK [1][-]{section.14.3}{Premodern Metaphysics}{chapter.14}
\BOOKMARK [1][-]{section.14.4}{Social conventions of jAti and varNa}{chapter.14}
\BOOKMARK [2][-]{subsection.14.4.1}{varNa and jAti}{section.14.4}
\BOOKMARK [3][-]{subsubsection.14.4.1.1}{varNa}{subsection.14.4.1}
\BOOKMARK [3][-]{subsubsection.14.4.1.2}{jAti}{subsection.14.4.1}
\BOOKMARK [2][-]{subsection.14.4.2}{Division, specialization}{section.14.4}
\BOOKMARK [3][-]{subsubsection.14.4.2.1}{Distribution of power}{subsection.14.4.2}
\BOOKMARK [3][-]{subsubsection.14.4.2.2}{Refinement}{subsection.14.4.2}
\BOOKMARK [2][-]{subsection.14.4.3}{Ritual and spiritual purity, hierarchy}{section.14.4}
\BOOKMARK [3][-]{subsubsection.14.4.3.1}{aspRRishas}{subsection.14.4.3}
\BOOKMARK [3][-]{subsubsection.14.4.3.2}{Enforcement}{subsection.14.4.3}
\BOOKMARK [3][-]{subsubsection.14.4.3.3}{Opposition by dArshaNikas}{subsection.14.4.3}
\BOOKMARK [2][-]{subsection.14.4.4}{Determination of varNa}{section.14.4}
\BOOKMARK [3][-]{subsubsection.14.4.4.1}{Fluidity and Heridity}{subsection.14.4.4}
\BOOKMARK [3][-]{subsubsection.14.4.4.2}{Scriptural examples}{subsection.14.4.4}
\BOOKMARK [2][-]{subsection.14.4.5}{Modern social role of jAti, varNa}{section.14.4}
\BOOKMARK [3][-]{subsubsection.14.4.5.1}{Role in identity formation}{subsection.14.4.5}
\BOOKMARK [3][-]{subsubsection.14.4.5.2}{Local variations}{subsection.14.4.5}
\BOOKMARK [3][-]{subsubsection.14.4.5.3}{Reservation: Job and educational}{subsection.14.4.5}
\BOOKMARK [1][-]{section.14.5}{Traditions \(saMskAras\)}{chapter.14}
\BOOKMARK [2][-]{subsection.14.5.1}{Festivals}{section.14.5}
\BOOKMARK [1][-]{section.14.6}{Human condition and efforts}{chapter.14}
\BOOKMARK [2][-]{subsection.14.6.1}{Pursuit of excellence}{section.14.6}
\BOOKMARK [3][-]{subsubsection.14.6.1.1}{guru-shiShya-parampara}{subsection.14.6.1}
\BOOKMARK [3][-]{subsubsection.14.6.1.2}{Exaltation of scholarship}{subsection.14.6.1}
\BOOKMARK [2][-]{subsection.14.6.2}{Self-discipline}{section.14.6}
\BOOKMARK [3][-]{subsubsection.14.6.2.1}{Understanding the Psyche}{subsection.14.6.2}
\BOOKMARK [3][-]{subsubsection.14.6.2.2}{Modes}{subsection.14.6.2}
\BOOKMARK [2][-]{subsection.14.6.3}{Suffering and liberation}{section.14.6}
\BOOKMARK [3][-]{subsubsection.14.6.3.1}{sA Nkhya and yOga}{subsection.14.6.3}
\BOOKMARK [3][-]{subsubsection.14.6.3.2}{uttaramimAmsa orthodoxy}{subsection.14.6.3}
\BOOKMARK [3][-]{subsubsection.14.6.3.3}{Heterodoxies}{subsection.14.6.3}
\BOOKMARK [1][-]{section.14.7}{Art}{chapter.14}
\BOOKMARK [2][-]{subsection.14.7.1}{rasa, bhAva theory}{section.14.7}
\BOOKMARK [2][-]{subsection.14.7.2}{Performing arts}{section.14.7}
\BOOKMARK [1][-]{section.14.8}{Superstitions and their effects}{chapter.14}
\BOOKMARK [1][-]{section.14.9}{Science and technology}{chapter.14}
\BOOKMARK [2][-]{subsection.14.9.1}{Poetic presentation}{section.14.9}
\BOOKMARK [2][-]{subsection.14.9.2}{Role of proofs}{section.14.9}
\BOOKMARK [1][-]{section.14.10}{brAhmaNa-saMskArasya vaishiShTyaM}{chapter.14}
\BOOKMARK [2][-]{subsection.14.10.1}{Positive aspects}{section.14.10}
\BOOKMARK [2][-]{subsection.14.10.2}{The Nerd culture}{section.14.10}
\BOOKMARK [1][-]{section.14.11}{itihAsa}{chapter.14}
\BOOKMARK [2][-]{subsection.14.11.1}{Aryan invasion}{section.14.11}
\BOOKMARK [2][-]{subsection.14.11.2}{Failures in development}{section.14.11}
\BOOKMARK [2][-]{subsection.14.11.3}{Interaction with islAm}{section.14.11}
\BOOKMARK [3][-]{subsubsection.14.11.3.1}{Treatment of hindu people}{subsection.14.11.3}
\BOOKMARK [3][-]{subsubsection.14.11.3.2}{Destruction of temple, universities}{subsection.14.11.3}
\BOOKMARK [3][-]{subsubsection.14.11.3.3}{Reconstructions}{subsection.14.11.3}
\BOOKMARK [3][-]{subsubsection.14.11.3.4}{Military/ political resistance}{subsection.14.11.3}
\BOOKMARK [3][-]{subsubsection.14.11.3.5}{Philosophical resistance}{subsection.14.11.3}
\BOOKMARK [3][-]{subsubsection.14.11.3.6}{Influence on islAm}{subsection.14.11.3}
\BOOKMARK [1][-]{section.14.12}{Western subversion}{chapter.14}
\BOOKMARK [2][-]{subsection.14.12.1}{Education and media}{section.14.12}
\BOOKMARK [2][-]{subsection.14.12.2}{Development argument}{section.14.12}
\BOOKMARK [2][-]{subsection.14.12.3}{Exploiting divisions}{section.14.12}
\BOOKMARK [2][-]{subsection.14.12.4}{Current strength}{section.14.12}
\BOOKMARK [2][-]{subsection.14.12.5}{Resistance: old institutions}{section.14.12}
\BOOKMARK [2][-]{subsection.14.12.6}{Resistance: spiritual movements}{section.14.12}
\BOOKMARK [2][-]{subsection.14.12.7}{Resistance: cultural movements}{section.14.12}
\BOOKMARK [2][-]{subsection.14.12.8}{Resistence: media, internet and videos}{section.14.12}
\BOOKMARK [0][-]{chapter.15}{abrAhamic religions}{part.3}
\BOOKMARK [1][-]{section.15.1}{Metaphysics}{chapter.15}
\BOOKMARK [2][-]{subsection.15.1.1}{Jealous omnipotent God}{section.15.1}
\BOOKMARK [3][-]{subsubsection.15.1.1.1}{Creation}{subsection.15.1.1}
\BOOKMARK [2][-]{subsection.15.1.2}{His deals}{section.15.1}
\BOOKMARK [3][-]{subsubsection.15.1.2.1}{Intervention in daily-life}{subsection.15.1.2}
\BOOKMARK [3][-]{subsubsection.15.1.2.2}{Heaven and hell}{subsection.15.1.2}
\BOOKMARK [2][-]{subsection.15.1.3}{Devil}{section.15.1}
\BOOKMARK [1][-]{section.15.2}{Basic laws}{chapter.15}
\BOOKMARK [1][-]{section.15.3}{islAm}{chapter.15}
\BOOKMARK [2][-]{subsection.15.3.1}{prophet and saints}{section.15.3}
\BOOKMARK [2][-]{subsection.15.3.2}{Social conventions}{section.15.3}
\BOOKMARK [3][-]{subsubsection.15.3.2.1}{Treatment of unbelievers}{subsection.15.3.2}
\BOOKMARK [3][-]{subsubsection.15.3.2.2}{Role of women}{subsection.15.3.2}
\BOOKMARK [2][-]{subsection.15.3.3}{Self-control}{section.15.3}
\BOOKMARK [3][-]{subsubsection.15.3.3.1}{Admittance of lust}{subsection.15.3.3}
\BOOKMARK [2][-]{subsection.15.3.4}{Muhammad's example: criticism}{section.15.3}
\BOOKMARK [3][-]{subsubsection.15.3.4.1}{Appreciation from others}{subsection.15.3.4}
\BOOKMARK [3][-]{subsubsection.15.3.4.2}{saMbhrAnta-yOgI}{subsection.15.3.4}
\BOOKMARK [2][-]{subsection.15.3.5}{History}{section.15.3}
\BOOKMARK [1][-]{section.15.4}{Christianity}{chapter.15}
\BOOKMARK [2][-]{subsection.15.4.1}{Savior and saints}{section.15.4}
