\BOOKMARK [0][-]{section*.1}{Contents}{}
\BOOKMARK [-1][-]{part.1}{Prelude}{}
\BOOKMARK [0][-]{chapter.1}{Theme}{part.1}
\BOOKMARK [0][-]{chapter.2}{General properties}{part.1}
\BOOKMARK [1][-]{section.2.1}{Associative nature of thought}{chapter.2}
\BOOKMARK [2][-]{subsection.2.1.1}{Physiological reason}{section.2.1}
\BOOKMARK [2][-]{subsection.2.1.2}{Examples}{section.2.1}
\BOOKMARK [0][-]{chapter.3}{Approaches}{part.1}
\BOOKMARK [1][-]{section.3.1}{Comparison to computer}{chapter.3}
\BOOKMARK [1][-]{section.3.2}{Biology}{chapter.3}
\BOOKMARK [1][-]{section.3.3}{Behaviorism}{chapter.3}
\BOOKMARK [2][-]{subsection.3.3.1}{Academic history}{section.3.3}
\BOOKMARK [2][-]{subsection.3.3.2}{Basic scenario}{section.3.3}
\BOOKMARK [2][-]{subsection.3.3.3}{Avoidance of mentalist explanations}{section.3.3}
\BOOKMARK [3][-]{subsubsection.3.3.3.1}{Redefining emotion}{subsection.3.3.3}
\BOOKMARK [2][-]{subsection.3.3.4}{Control and prediction}{section.3.3}
\BOOKMARK [2][-]{subsection.3.3.5}{Methodology}{section.3.3}
\BOOKMARK [-1][-]{part.2}{Cognition}{}
\BOOKMARK [0][-]{chapter.4}{Sensory perception}{part.2}
\BOOKMARK [1][-]{section.4.1}{Automated processing}{chapter.4}
\BOOKMARK [2][-]{subsection.4.1.1}{Signal sparsity}{section.4.1}
\BOOKMARK [2][-]{subsection.4.1.2}{Perception at grosser levels}{section.4.1}
\BOOKMARK [3][-]{subsubsection.4.1.2.1}{Situation awareness}{subsection.4.1.2}
\BOOKMARK [3][-]{subsubsection.4.1.2.2}{Affects and actions}{subsection.4.1.2}
\BOOKMARK [1][-]{section.4.2}{Illusions}{chapter.4}
\BOOKMARK [1][-]{section.4.3}{Development and acuity}{chapter.4}
\BOOKMARK [2][-]{subsection.4.3.1}{Effect of activities}{section.4.3}
\BOOKMARK [2][-]{subsection.4.3.2}{Early childhood training}{section.4.3}
\BOOKMARK [0][-]{chapter.5}{Output/ Actuation}{part.2}
\BOOKMARK [0][-]{chapter.6}{Declarative Memory}{part.2}
\BOOKMARK [1][-]{section.6.1}{Procedural vs declarative knowledge}{chapter.6}
\BOOKMARK [1][-]{section.6.2}{Importance}{chapter.6}
\BOOKMARK [1][-]{section.6.3}{Classification, uses}{chapter.6}
\BOOKMARK [2][-]{subsection.6.3.1}{Working memory}{section.6.3}
\BOOKMARK [1][-]{section.6.4}{Memory updates with recall}{chapter.6}
\BOOKMARK [1][-]{section.6.5}{Long-term storage techniques}{chapter.6}
\BOOKMARK [2][-]{subsection.6.5.1}{Location method}{section.6.5}
\BOOKMARK [2][-]{subsection.6.5.2}{Mnemonics}{section.6.5}
\BOOKMARK [2][-]{subsection.6.5.3}{Exercises}{section.6.5}
\BOOKMARK [2][-]{subsection.6.5.4}{Repetition}{section.6.5}
\BOOKMARK [1][-]{section.6.6}{Recall techniques}{chapter.6}
\BOOKMARK [2][-]{subsection.6.6.1}{Priming}{section.6.6}
\BOOKMARK [1][-]{section.6.7}{Conneciton with age}{chapter.6}
\BOOKMARK [1][-]{section.6.8}{Effect of external memories}{chapter.6}
\BOOKMARK [0][-]{chapter.7}{Procedural memory}{part.2}
\BOOKMARK [1][-]{section.7.1}{Automaticity}{chapter.7}
\BOOKMARK [2][-]{subsection.7.1.1}{Examples}{section.7.1}
\BOOKMARK [2][-]{subsection.7.1.2}{Independence from working memory}{section.7.1}
\BOOKMARK [2][-]{subsection.7.1.3}{Automation of conscious skills}{section.7.1}
\BOOKMARK [1][-]{section.7.2}{Practice}{chapter.7}
\BOOKMARK [2][-]{subsection.7.2.1}{Deliberate practice}{section.7.2}
\BOOKMARK [2][-]{subsection.7.2.2}{Effect of sleep}{section.7.2}
\BOOKMARK [1][-]{section.7.3}{Feedback in skill development}{chapter.7}
\BOOKMARK [2][-]{subsection.7.3.1}{Attribution of feedback}{section.7.3}
\BOOKMARK [3][-]{subsubsection.7.3.1.1}{Role of reasoning}{subsection.7.3.1}
\BOOKMARK [2][-]{subsection.7.3.2}{Power of automatic attribution}{section.7.3}
\BOOKMARK [3][-]{subsubsection.7.3.2.1}{Grokking complex patterns}{subsection.7.3.2}
\BOOKMARK [3][-]{subsubsection.7.3.2.2}{Limitations}{subsection.7.3.2}
\BOOKMARK [3][-]{subsubsection.7.3.2.3}{Arousal attribution bias}{subsection.7.3.2}
\BOOKMARK [2][-]{subsection.7.3.3}{Reasoning based attribution}{section.7.3}
\BOOKMARK [3][-]{subsubsection.7.3.3.1}{Superstition}{subsection.7.3.3}
\BOOKMARK [1][-]{section.7.4}{Connection to age}{chapter.7}
\BOOKMARK [2][-]{subsection.7.4.1}{Early development skills}{section.7.4}
\BOOKMARK [0][-]{chapter.8}{Simulation and modeling}{part.2}
\BOOKMARK [1][-]{section.8.1}{Understanding, theorizing}{chapter.8}
\BOOKMARK [2][-]{subsection.8.1.1}{Role of proability theory}{section.8.1}
\BOOKMARK [2][-]{subsection.8.1.2}{Biases and heuristics}{section.8.1}
\BOOKMARK [3][-]{subsubsection.8.1.2.1}{Recall-ease heuristic}{subsection.8.1.2}
\BOOKMARK [3][-]{subsubsection.8.1.2.2}{Simulation ease heuristic}{subsection.8.1.2}
\BOOKMARK [3][-]{subsubsection.8.1.2.3}{Strength of preconceptions}{subsection.8.1.2}
\BOOKMARK [2][-]{subsection.8.1.3}{Sufficiency vs necessity}{section.8.1}
\BOOKMARK [1][-]{section.8.2}{Cognitive flexibility}{chapter.8}
\BOOKMARK [1][-]{section.8.3}{Intelligent animals' behavior}{chapter.8}
\BOOKMARK [2][-]{subsection.8.3.1}{Identity/ self-concept}{section.8.3}
\BOOKMARK [2][-]{subsection.8.3.2}{Biases}{section.8.3}
\BOOKMARK [1][-]{section.8.4}{Prediction}{chapter.8}
\BOOKMARK [2][-]{subsection.8.4.1}{Affective impact prediction}{section.8.4}
\BOOKMARK [3][-]{subsubsection.8.4.1.1}{Affective impact prediction error}{subsection.8.4.1}
\BOOKMARK [0][-]{chapter.9}{Evolutionary explantion}{part.2}
\BOOKMARK [0][-]{chapter.10}{Attention}{part.2}
\BOOKMARK [1][-]{section.10.1}{Types}{chapter.10}
\BOOKMARK [2][-]{subsection.10.1.1}{Number of tasks}{section.10.1}
\BOOKMARK [1][-]{section.10.2}{Impulsivity control}{chapter.10}
\BOOKMARK [2][-]{subsection.10.2.1}{Attention span}{section.10.2}
\BOOKMARK [2][-]{subsection.10.2.2}{Effect of tools and activities}{section.10.2}
\BOOKMARK [3][-]{subsubsection.10.2.2.1}{Hands}{subsection.10.2.2}
\BOOKMARK [3][-]{subsubsection.10.2.2.2}{Working on the web}{subsection.10.2.2}
\BOOKMARK [2][-]{subsection.10.2.3}{Environmental factors}{section.10.2}
\BOOKMARK [3][-]{subsubsection.10.2.3.1}{Number of distractors}{subsection.10.2.3}
\BOOKMARK [2][-]{subsection.10.2.4}{Connection with age}{section.10.2}
\BOOKMARK [1][-]{section.10.3}{Over the long term}{chapter.10}
\BOOKMARK [0][-]{chapter.11}{Decision: evaluation and comparison}{part.2}
\BOOKMARK [1][-]{section.11.1}{Reasoned vs automatic}{chapter.11}
\BOOKMARK [2][-]{subsection.11.1.1}{Preset Preferences}{section.11.1}
\BOOKMARK [2][-]{subsection.11.1.2}{Efficacy}{section.11.1}
\BOOKMARK [1][-]{section.11.2}{vs Awareness of decision}{chapter.11}
\BOOKMARK [1][-]{section.11.3}{Reasoning concepts}{chapter.11}
\BOOKMARK [2][-]{subsection.11.3.1}{Identity}{section.11.3}
\BOOKMARK [3][-]{subsubsection.11.3.1.1}{Fudge factor}{subsection.11.3.1}
\BOOKMARK [3][-]{subsubsection.11.3.1.2}{Effect of moral reminders}{subsection.11.3.1}
\BOOKMARK [2][-]{subsection.11.3.2}{Opportunity cost}{section.11.3}
\BOOKMARK [2][-]{subsection.11.3.3}{Tabulation}{section.11.3}
\BOOKMARK [2][-]{subsection.11.3.4}{Comparison with past evaluations}{section.11.3}
\BOOKMARK [1][-]{section.11.4}{General Properties}{chapter.11}
\BOOKMARK [2][-]{subsection.11.4.1}{Action-choices}{section.11.4}
\BOOKMARK [3][-]{subsubsection.11.4.1.1}{Loss aversion}{subsection.11.4.1}
\BOOKMARK [3][-]{subsubsection.11.4.1.2}{Immediate gratification bias}{subsection.11.4.1}
\BOOKMARK [2][-]{subsection.11.4.2}{General comparison}{section.11.4}
\BOOKMARK [3][-]{subsubsection.11.4.2.1}{Influence of history}{subsection.11.4.2}
\BOOKMARK [3][-]{subsubsection.11.4.2.2}{Relativity bias}{subsection.11.4.2}
\BOOKMARK [2][-]{subsection.11.4.3}{Comparing skill/ ability}{section.11.4}
\BOOKMARK [3][-]{subsubsection.11.4.3.1}{Illusory superiority/ inferiority}{subsection.11.4.3}
\BOOKMARK [3][-]{subsubsection.11.4.3.2}{Personality-attribution error}{subsection.11.4.3}
\BOOKMARK [3][-]{subsubsection.11.4.3.3}{Underestimation of luck, circumstances}{subsection.11.4.3}
\BOOKMARK [1][-]{section.11.5}{Quality depletion}{chapter.11}
\BOOKMARK [2][-]{subsection.11.5.1}{Examples}{section.11.5}
\BOOKMARK [0][-]{chapter.12}{Affect}{part.2}
\BOOKMARK [1][-]{section.12.1}{Distribution over actions/ thoughts}{chapter.12}
\BOOKMARK [2][-]{subsection.12.1.1}{Modes of cognition/ operation}{section.12.1}
\BOOKMARK [1][-]{section.12.2}{Flight or fight}{chapter.12}
\BOOKMARK [1][-]{section.12.3}{Stress}{chapter.12}
\BOOKMARK [2][-]{subsection.12.3.1}{Effects}{section.12.3}
\BOOKMARK [3][-]{subsubsection.12.3.1.1}{Performance}{subsection.12.3.1}
\BOOKMARK [3][-]{subsubsection.12.3.1.2}{Long term stress}{subsection.12.3.1}
\BOOKMARK [2][-]{subsection.12.3.2}{Common sources}{section.12.3}
\BOOKMARK [2][-]{subsection.12.3.3}{Common destressors}{section.12.3}
\BOOKMARK [2][-]{subsection.12.3.4}{Limiting the levels}{section.12.3}
\BOOKMARK [1][-]{section.12.4}{Emotion regulation}{chapter.12}
\BOOKMARK [-1][-]{part.3}{Behavior and action}{}
\BOOKMARK [0][-]{chapter.13}{Introduction}{part.3}
\BOOKMARK [1][-]{section.13.1}{Degree of automation}{chapter.13}
\BOOKMARK [2][-]{subsection.13.1.1}{Duration of executive function}{section.13.1}
\BOOKMARK [1][-]{section.13.2}{Short term executive function}{chapter.13}
\BOOKMARK [2][-]{subsection.13.2.1}{Hindu terminology}{section.13.2}
\BOOKMARK [2][-]{subsection.13.2.2}{Importance}{section.13.2}
\BOOKMARK [1][-]{section.13.3}{Long term effort}{chapter.13}
\BOOKMARK [2][-]{subsection.13.3.1}{Social encouragement/ approval}{section.13.3}
\BOOKMARK [3][-]{subsubsection.13.3.1.1}{Effect of praise}{subsection.13.3.1}
\BOOKMARK [3][-]{subsubsection.13.3.1.2}{Stereotype threat effect}{subsection.13.3.1}
\BOOKMARK [3][-]{subsubsection.13.3.1.3}{Weakness in pursuing public goals}{subsection.13.3.1}
\BOOKMARK [2][-]{subsection.13.3.2}{Reluctance to quit}{section.13.3}
\BOOKMARK [1][-]{section.13.4}{Addiction}{chapter.13}
