\BOOKMARK [0][-]{section*.1}{Contents}{}
\BOOKMARK [0][-]{chapter.1}{Prelude}{}
\BOOKMARK [1][-]{section.1.1}{Themes}{chapter.1}
\BOOKMARK [1][-]{section.1.2}{Research approach}{chapter.1}
\BOOKMARK [-1][-]{part.1}{Organisms}{}
\BOOKMARK [0][-]{chapter.2}{Introduction}{part.1}
\BOOKMARK [1][-]{section.2.1}{Defining life}{chapter.2}
\BOOKMARK [1][-]{section.2.2}{Phenes}{chapter.2}
\BOOKMARK [1][-]{section.2.3}{Origin and equilibria}{chapter.2}
\BOOKMARK [2][-]{subsection.2.3.1}{Natural selection}{section.2.3}
\BOOKMARK [0][-]{chapter.3}{Hereditary information}{part.1}
\BOOKMARK [1][-]{section.3.1}{Heridity}{chapter.3}
\BOOKMARK [1][-]{section.3.2}{Information type}{chapter.3}
\BOOKMARK [1][-]{section.3.3}{Chemical encoding, expression}{chapter.3}
\BOOKMARK [2][-]{subsection.3.3.1}{Genes}{section.3.3}
\BOOKMARK [3][-]{subsubsection.3.3.1.1}{Genome, genotype}{subsection.3.3.1}
\BOOKMARK [3][-]{subsubsection.3.3.1.2}{Gene expression}{subsection.3.3.1}
\BOOKMARK [2][-]{subsection.3.3.2}{Variation}{section.3.3}
\BOOKMARK [3][-]{subsubsection.3.3.2.1}{Types}{subsection.3.3.2}
\BOOKMARK [3][-]{subsubsection.3.3.2.2}{Source}{subsection.3.3.2}
\BOOKMARK [1][-]{section.3.4}{Variation}{chapter.3}
\BOOKMARK [2][-]{subsection.3.4.1}{Homology}{section.3.4}
\BOOKMARK [1][-]{section.3.5}{Human genome}{chapter.3}
\BOOKMARK [0][-]{chapter.4}{Cells, capsules}{part.1}
\BOOKMARK [1][-]{section.4.1}{Organelles}{chapter.4}
\BOOKMARK [2][-]{subsection.4.1.1}{Nucleus}{section.4.1}
\BOOKMARK [1][-]{section.4.2}{Cell}{chapter.4}
\BOOKMARK [2][-]{subsection.4.2.1}{Differentiation}{section.4.2}
\BOOKMARK [2][-]{subsection.4.2.2}{Reproduction}{section.4.2}
\BOOKMARK [3][-]{subsubsection.4.2.2.1}{Asexual reproduction}{subsection.4.2.2}
\BOOKMARK [3][-]{subsubsection.4.2.2.2}{Gamete formation}{subsection.4.2.2}
\BOOKMARK [3][-]{subsubsection.4.2.2.3}{Gamete combination}{subsection.4.2.2}
\BOOKMARK [1][-]{section.4.3}{Chromosome Structure}{chapter.4}
\BOOKMARK [2][-]{subsection.4.3.1}{Chromosome number}{section.4.3}
\BOOKMARK [2][-]{subsection.4.3.2}{Special chromosomes}{section.4.3}
\BOOKMARK [0][-]{chapter.5}{Evolutionary tree}{part.1}
\BOOKMARK [1][-]{section.5.1}{Species of cellular life}{chapter.5}
\BOOKMARK [-1][-]{part.2}{Adaptations}{}
\BOOKMARK [0][-]{chapter.6}{Locomotion}{part.2}
\BOOKMARK [0][-]{chapter.7}{Nutrient absorption}{part.2}
\BOOKMARK [0][-]{chapter.8}{Feeding}{part.2}
\BOOKMARK [1][-]{section.8.1}{Predation}{chapter.8}
\BOOKMARK [2][-]{subsection.8.1.1}{Catching food}{section.8.1}
\BOOKMARK [3][-]{subsubsection.8.1.1.1}{Baiting}{subsection.8.1.1}
\BOOKMARK [3][-]{subsubsection.8.1.1.2}{Overcoming a single prey}{subsection.8.1.1}
\BOOKMARK [3][-]{subsubsection.8.1.1.3}{Catching multiple individuals}{subsection.8.1.1}
\BOOKMARK [2][-]{subsection.8.1.2}{Protecting the food}{section.8.1}
\BOOKMARK [2][-]{subsection.8.1.3}{Digesting the food}{section.8.1}
\BOOKMARK [2][-]{subsection.8.1.4}{Camoflage adaptations}{section.8.1}
\BOOKMARK [1][-]{section.8.2}{Anti-predation adaptations}{chapter.8}
\BOOKMARK [2][-]{subsection.8.2.1}{Behaviors}{section.8.2}
\BOOKMARK [1][-]{section.8.3}{Symbiosis}{chapter.8}
\BOOKMARK [0][-]{chapter.9}{Social adaptations}{part.2}
\BOOKMARK [1][-]{section.9.1}{Kindness}{chapter.9}
\BOOKMARK [2][-]{subsection.9.1.1}{Reciprocal altruism}{section.9.1}
\BOOKMARK [2][-]{subsection.9.1.2}{Social reputation}{section.9.1}
\BOOKMARK [0][-]{chapter.10}{Reproduction}{part.2}
\BOOKMARK [1][-]{section.10.1}{Sexual vs asexual}{chapter.10}
\BOOKMARK [2][-]{subsection.10.1.1}{Sexual reproduction}{section.10.1}
\BOOKMARK [3][-]{subsubsection.10.1.1.1}{Combination of genes}{subsection.10.1.1}
\BOOKMARK [3][-]{subsubsection.10.1.1.2}{Static parts of the genome}{subsection.10.1.1}
\BOOKMARK [2][-]{subsection.10.1.2}{Asexual reproduction}{section.10.1}
\BOOKMARK [1][-]{section.10.2}{Fertilization organs}{chapter.10}
\BOOKMARK [0][-]{chapter.11}{Signalling chemicals}{part.2}
\BOOKMARK [1][-]{section.11.1}{Tracking time}{chapter.11}
\BOOKMARK [1][-]{section.11.2}{Learning, attention, reward}{chapter.11}
\BOOKMARK [2][-]{subsection.11.2.1}{Well-being, analgesia}{section.11.2}
\BOOKMARK [1][-]{section.11.3}{Empathy, social trust, reciprocation}{chapter.11}
\BOOKMARK [2][-]{subsection.11.3.1}{Inhibition}{section.11.3}
\BOOKMARK [1][-]{section.11.4}{Fight or flight}{chapter.11}
\BOOKMARK [-1][-]{part.3}{Physiology}{}
\BOOKMARK [0][-]{chapter.12}{Diseases}{part.3}
\BOOKMARK [1][-]{section.12.1}{Cancer}{chapter.12}
\BOOKMARK [0][-]{chapter.13}{Human nervous system}{part.3}
\BOOKMARK [1][-]{section.13.1}{Brain construction}{chapter.13}
\BOOKMARK [2][-]{subsection.13.1.1}{Wiring and insulation}{section.13.1}
\BOOKMARK [2][-]{subsection.13.1.2}{Plumbing}{section.13.1}
\BOOKMARK [2][-]{subsection.13.1.3}{Protection}{section.13.1}
\BOOKMARK [1][-]{section.13.2}{Brain parts and regions}{chapter.13}
\BOOKMARK [2][-]{subsection.13.2.1}{Connection to function}{section.13.2}
\BOOKMARK [2][-]{subsection.13.2.2}{Areas}{section.13.2}
\BOOKMARK [3][-]{subsubsection.13.2.2.1}{Close to brain stem}{subsection.13.2.2}
\BOOKMARK [3][-]{subsubsection.13.2.2.2}{Hippocampus}{subsection.13.2.2}
\BOOKMARK [1][-]{section.13.3}{Development stages}{chapter.13}
\BOOKMARK [2][-]{subsection.13.3.1}{Teenage}{section.13.3}
\BOOKMARK [1][-]{section.13.4}{Learning}{chapter.13}
\BOOKMARK [2][-]{subsection.13.4.1}{Fire together, wire together}{section.13.4}
\BOOKMARK [2][-]{subsection.13.4.2}{Sequence prediction}{section.13.4}
\BOOKMARK [-1][-]{part.4}{Ecology}{}
