\BOOKMARK [0][-]{section*.1}{Contents}{}
\BOOKMARK [0][-]{chapter.1}{Notation}{}
\BOOKMARK [0][-]{chapter.2}{Generate random bits}{}
\BOOKMARK [1][-]{section.2.1}{2-wise independent bits generation}{chapter.2}
\BOOKMARK [1][-]{section.2.2}{Pseudorandom generator G}{chapter.2}
\BOOKMARK [2][-]{subsection.2.2.1}{Hard function f}{section.2.2}
\BOOKMARK [2][-]{subsection.2.2.2}{Hard core function f}{section.2.2}
\BOOKMARK [2][-]{subsection.2.2.3}{BBS pseudorandom generator}{section.2.2}
\BOOKMARK [1][-]{section.2.3}{Pseudo random function family \(PFF\)}{chapter.2}
\BOOKMARK [2][-]{subsection.2.3.1}{Function family F}{section.2.3}
\BOOKMARK [2][-]{subsection.2.3.2}{Distinguisher D}{section.2.3}
\BOOKMARK [3][-]{subsubsection.2.3.2.1}{Indistinguishability}{subsection.2.3.2}
\BOOKMARK [2][-]{subsection.2.3.3}{Existance}{section.2.3}
\BOOKMARK [0][-]{chapter.3}{Sampling from distribution}{}
\BOOKMARK [1][-]{section.3.1}{Sampling a random variable X}{chapter.3}
\BOOKMARK [2][-]{subsection.3.1.1}{Problem}{section.3.1}
\BOOKMARK [3][-]{subsubsection.3.1.1.1}{Visualization}{subsection.3.1.1}
\BOOKMARK [3][-]{subsubsection.3.1.1.2}{Challenges}{subsection.3.1.1}
\BOOKMARK [2][-]{subsection.3.1.2}{Sampling some distributions}{section.3.1}
\BOOKMARK [3][-]{subsubsection.3.1.2.1}{Uniform distribution}{subsection.3.1.2}
\BOOKMARK [3][-]{subsubsection.3.1.2.2}{Discrete probability distribution}{subsection.3.1.2}
\BOOKMARK [3][-]{subsubsection.3.1.2.3}{Normal distribution}{subsection.3.1.2}
\BOOKMARK [1][-]{section.3.2}{Problems solved by sampling X}{chapter.3}
\BOOKMARK [2][-]{subsection.3.2.1}{The integration/ summation problem}{section.3.2}
\BOOKMARK [3][-]{subsubsection.3.2.1.1}{Find normalization const Z of Pr\(X\)}{subsection.3.2.1}
\BOOKMARK [3][-]{subsubsection.3.2.1.2}{Finding Pr\(T\) for hard to analyze T}{subsection.3.2.1}
\BOOKMARK [2][-]{subsection.3.2.2}{Optimization}{section.3.2}
\BOOKMARK [3][-]{subsubsection.3.2.2.1}{Optimization after summation}{subsection.3.2.2}
\BOOKMARK [2][-]{subsection.3.2.3}{Simulation}{section.3.2}
\BOOKMARK [1][-]{section.3.3}{Sampling Random vectors}{chapter.3}
\BOOKMARK [2][-]{subsection.3.3.1}{Arbitrary randomg vectors}{section.3.3}
\BOOKMARK [2][-]{subsection.3.3.2}{From graphical models}{section.3.3}
\BOOKMARK [3][-]{subsubsection.3.3.2.1}{Forward sampling for DAG's}{subsection.3.3.2}
\BOOKMARK [3][-]{subsubsection.3.3.2.2}{Undirected trees}{subsection.3.3.2}
\BOOKMARK [3][-]{subsubsection.3.3.2.3}{Factor trees}{subsection.3.3.2}
\BOOKMARK [2][-]{subsection.3.3.3}{Arbitrary undirected graphs}{section.3.3}
\BOOKMARK [1][-]{section.3.4}{Repeated Sampling}{chapter.3}
\BOOKMARK [2][-]{subsection.3.4.1}{Markov chain Stationary distribution}{section.3.4}
\BOOKMARK [3][-]{subsubsection.3.4.1.1}{Sampling from discrete distribution}{subsection.3.4.1}
\BOOKMARK [2][-]{subsection.3.4.2}{Repeated conditional sampling}{section.3.4}
\BOOKMARK [3][-]{subsubsection.3.4.2.1}{Algorithm}{subsection.3.4.2}
\BOOKMARK [3][-]{subsubsection.3.4.2.2}{Correctness}{subsection.3.4.2}
\BOOKMARK [3][-]{subsubsection.3.4.2.3}{Efficiency}{subsection.3.4.2}
\BOOKMARK [3][-]{subsubsection.3.4.2.4}{Modifications}{subsection.3.4.2}
\BOOKMARK [2][-]{subsection.3.4.3}{Block conditional sampling}{section.3.4}
\BOOKMARK [3][-]{subsubsection.3.4.3.1}{Algorithm}{subsection.3.4.3}
\BOOKMARK [3][-]{subsubsection.3.4.3.2}{Advantages}{subsection.3.4.3}
\BOOKMARK [1][-]{section.3.5}{Physics-inspired sampling}{chapter.3}
\BOOKMARK [2][-]{subsection.3.5.1}{Energy temperature analogy}{section.3.5}
\BOOKMARK [0][-]{chapter.4}{Inference}{}
\BOOKMARK [1][-]{section.4.1}{Inference problems}{chapter.4}
\BOOKMARK [2][-]{subsection.4.1.1}{Difficulty in calculating Pr\(X=x\)}{section.4.1}
\BOOKMARK [1][-]{section.4.2}{Inference by sampling}{chapter.4}
\BOOKMARK [2][-]{subsection.4.2.1}{Rejection sampling}{section.4.2}
\BOOKMARK [2][-]{subsection.4.2.2}{Set counting techniques}{section.4.2}
\BOOKMARK [1][-]{section.4.3}{Inference quality}{chapter.4}
\BOOKMARK [2][-]{subsection.4.3.1}{FPRAS for \(eps, d\) approx.}{section.4.3}
\BOOKMARK [2][-]{subsection.4.3.2}{Fully poly almost uniform samplers \(FPAUS\)}{section.4.3}
\BOOKMARK [0][-]{chapter.5}{Ways of making randomized algorithms}{}
\BOOKMARK [1][-]{section.5.1}{Algs for problems in the class RP}{chapter.5}
\BOOKMARK [2][-]{subsection.5.1.1}{Amplification of confidence of RP alg}{section.5.1}
\BOOKMARK [3][-]{subsubsection.5.1.1.1}{'Monte Carlo' search alg}{subsection.5.1.1}
\BOOKMARK [3][-]{subsubsection.5.1.1.2}{Negligible success probability }{subsection.5.1.1}
\BOOKMARK [2][-]{subsection.5.1.2}{'Las Vegas' search alg}{section.5.1}
\BOOKMARK [2][-]{subsection.5.1.3}{Disperser}{section.5.1}
\BOOKMARK [3][-]{subsubsection.5.1.3.1}{RP amplification}{subsection.5.1.3}
\BOOKMARK [1][-]{section.5.2}{BPP alg}{chapter.5}
\BOOKMARK [1][-]{section.5.3}{Random projections}{chapter.5}
\BOOKMARK [1][-]{section.5.4}{Fingerprinting}{chapter.5}
\BOOKMARK [2][-]{subsection.5.4.1}{Matrix multiplication check}{section.5.4}
\BOOKMARK [2][-]{subsection.5.4.2}{Codes and communication complexity}{section.5.4}
\BOOKMARK [2][-]{subsection.5.4.3}{String search}{section.5.4}
\BOOKMARK [0][-]{chapter.6}{Derandomization, explicit construction}{}
\BOOKMARK [1][-]{section.6.1}{Derandomization}{chapter.6}
\BOOKMARK [1][-]{section.6.2}{Explicit construction algorithms}{chapter.6}
\BOOKMARK [1][-]{section.6.3}{Sampling uniformly from unit sphere}{chapter.6}
\BOOKMARK [0][-]{chapter.7}{Approximation algorithms}{}
\BOOKMARK [1][-]{section.7.1}{LP based Approximation algorithms}{chapter.7}
\BOOKMARK [2][-]{subsection.7.1.1}{Vertex cover problem}{section.7.1}
\BOOKMARK [1][-]{section.7.2}{Semidefinite programming based approximation algs}{chapter.7}
\BOOKMARK [0][-]{chapter.8}{Applications}{}
\BOOKMARK [1][-]{section.8.1}{Perfect matchings}{chapter.8}
\BOOKMARK [2][-]{subsection.8.1.1}{Bipartite graph}{section.8.1}
\BOOKMARK [3][-]{subsubsection.8.1.1.1}{If pm not unique}{subsection.8.1.1}
\BOOKMARK [2][-]{subsection.8.1.2}{General graph}{section.8.1}
\BOOKMARK [0][-]{chapter.9}{Analysis of randomized algorithms}{}
\BOOKMARK [1][-]{section.9.1}{General Tricks}{chapter.9}
\BOOKMARK [1][-]{section.9.2}{Results}{chapter.9}
\BOOKMARK [0][-]{section*.5}{Bibliography}{}
