\BOOKMARK [0][-]{section*.1}{Contents}{}
\BOOKMARK [-1][-]{part.1}{Prelude}{}
\BOOKMARK [0][-]{chapter.1}{Notation}{part.1}
\BOOKMARK [0][-]{chapter.2}{Research Themes}{part.1}
\BOOKMARK [1][-]{section.2.1}{Characterization of research effort}{chapter.2}
\BOOKMARK [0][-]{chapter.3}{Algebra techniques}{part.1}
\BOOKMARK [1][-]{section.3.1}{Symbol manipulation, abstraction}{chapter.3}
\BOOKMARK [2][-]{subsection.3.1.1}{Abstraction: sub expressions}{section.3.1}
\BOOKMARK [1][-]{section.3.2}{Common proof techniques}{chapter.3}
\BOOKMARK [2][-]{subsection.3.2.1}{Contradiction}{section.3.2}
\BOOKMARK [-1][-]{part.2}{Sets}{}
\BOOKMARK [0][-]{chapter.4}{Set S}{part.2}
\BOOKMARK [1][-]{section.4.1}{Specification}{chapter.4}
\BOOKMARK [2][-]{subsection.4.1.1}{Variants}{section.4.1}
\BOOKMARK [1][-]{section.4.2}{Operations}{chapter.4}
\BOOKMARK [2][-]{subsection.4.2.1}{Product}{section.4.2}
\BOOKMARK [2][-]{subsection.4.2.2}{Disjoint union}{section.4.2}
\BOOKMARK [2][-]{subsection.4.2.3}{Properties}{section.4.2}
\BOOKMARK [1][-]{section.4.3}{Impossible sets}{chapter.4}
\BOOKMARK [1][-]{section.4.4}{Metric spaces and topology}{chapter.4}
\BOOKMARK [1][-]{section.4.5}{Partition of set S}{chapter.4}
\BOOKMARK [0][-]{chapter.5}{Orders over set S}{part.2}
\BOOKMARK [1][-]{section.5.1}{Total order}{chapter.5}
\BOOKMARK [2][-]{subsection.5.1.1}{Minimum element}{section.5.1}
\BOOKMARK [1][-]{section.5.2}{Partial order}{chapter.5}
\BOOKMARK [2][-]{subsection.5.2.1}{Minimal element}{section.5.2}
\BOOKMARK [1][-]{section.5.3}{Bounds on A, subset of S}{chapter.5}
\BOOKMARK [2][-]{subsection.5.3.1}{Difference from max and min}{section.5.3}
\BOOKMARK [2][-]{subsection.5.3.2}{Supremum property in S}{section.5.3}
\BOOKMARK [2][-]{subsection.5.3.3}{Examples}{section.5.3}
\BOOKMARK [1][-]{section.5.4}{Lattices}{chapter.5}
\BOOKMARK [1][-]{section.5.5}{Well founded order}{chapter.5}
\BOOKMARK [2][-]{subsection.5.5.1}{Mathematical induction proofs generalized}{section.5.5}
\BOOKMARK [0][-]{chapter.6}{Algebras over sets}{part.2}
\BOOKMARK [1][-]{section.6.1}{Boolean algebra over set X}{chapter.6}
\BOOKMARK [1][-]{section.6.2}{Sigma algebra S over set X}{chapter.6}
\BOOKMARK [2][-]{subsection.6.2.1}{Importance}{section.6.2}
\BOOKMARK [0][-]{chapter.7}{Size}{part.2}
\BOOKMARK [1][-]{section.7.1}{Measurable space}{chapter.7}
\BOOKMARK [2][-]{subsection.7.1.1}{Importance}{section.7.1}
\BOOKMARK [2][-]{subsection.7.1.2}{Product space}{section.7.1}
\BOOKMARK [1][-]{section.7.2}{Measure}{chapter.7}
\BOOKMARK [2][-]{subsection.7.2.1}{Minimal definition}{section.7.2}
\BOOKMARK [3][-]{subsubsection.7.2.1.1}{Motivation}{subsection.7.2.1}
\BOOKMARK [2][-]{subsection.7.2.2}{Special classes}{section.7.2}
\BOOKMARK [3][-]{subsubsection.7.2.2.1}{General additivity}{subsection.7.2.2}
\BOOKMARK [3][-]{subsubsection.7.2.2.2}{Finite measures}{subsection.7.2.2}
\BOOKMARK [3][-]{subsubsection.7.2.2.3}{Signed measure}{subsection.7.2.2}
\BOOKMARK [2][-]{subsection.7.2.3}{Null set, almost-everywhereness}{section.7.2}
\BOOKMARK [2][-]{subsection.7.2.4}{Size of the union and intersection}{section.7.2}
\BOOKMARK [3][-]{subsubsection.7.2.4.1}{Inclusion/ exclusion principle}{subsection.7.2.4}
\BOOKMARK [3][-]{subsubsection.7.2.4.2}{Bounds}{subsection.7.2.4}
\BOOKMARK [3][-]{subsubsection.7.2.4.3}{Generalization}{subsection.7.2.4}
\BOOKMARK [1][-]{section.7.3}{Counting measure}{chapter.7}
\BOOKMARK [2][-]{subsection.7.3.1}{Counting, combinatorics}{section.7.3}
\BOOKMARK [1][-]{section.7.4}{Cardinality}{chapter.7}
\BOOKMARK [2][-]{subsection.7.4.1}{Comparison by bijection}{section.7.4}
\BOOKMARK [2][-]{subsection.7.4.2}{Hierarchy of cardinal numbers}{section.7.4}
\BOOKMARK [1][-]{section.7.5}{Cardinalities of compared to N}{chapter.7}
\BOOKMARK [2][-]{subsection.7.5.1}{Countability}{section.7.5}
\BOOKMARK [2][-]{subsection.7.5.2}{Show uncountability}{section.7.5}
\BOOKMARK [2][-]{subsection.7.5.3}{Infinite \(sub\)sets' cardinality}{section.7.5}
\BOOKMARK [1][-]{section.7.6}{Product measure}{chapter.7}
\BOOKMARK [2][-]{subsection.7.6.1}{Importance}{section.7.6}
\BOOKMARK [2][-]{subsection.7.6.2}{Extension to bigger sigma algebra}{section.7.6}
\BOOKMARK [3][-]{subsubsection.7.6.2.1}{Importance}{subsection.7.6.2}
\BOOKMARK [1][-]{section.7.7}{Connecting measures}{chapter.7}
\BOOKMARK [2][-]{subsection.7.7.1}{Absolute continuity}{section.7.7}
\BOOKMARK [2][-]{subsection.7.7.2}{Inter-measure Derivative}{section.7.7}
\BOOKMARK [-1][-]{part.3}{Relations}{}
\BOOKMARK [0][-]{chapter.8}{Relations and functions}{part.3}
\BOOKMARK [1][-]{section.8.1}{Relations among n sets}{chapter.8}
\BOOKMARK [2][-]{subsection.8.1.1}{Definition}{section.8.1}
\BOOKMARK [2][-]{subsection.8.1.2}{Binary relation R on \(A, B\)}{section.8.1}
\BOOKMARK [3][-]{subsubsection.8.1.2.1}{Definitions/ views}{subsection.8.1.2}
\BOOKMARK [3][-]{subsubsection.8.1.2.2}{\(Co\)Domain}{subsection.8.1.2}
\BOOKMARK [3][-]{subsubsection.8.1.2.3}{Totality}{subsection.8.1.2}
\BOOKMARK [2][-]{subsection.8.1.3}{Endo-relations}{section.8.1}
\BOOKMARK [3][-]{subsubsection.8.1.3.1}{Equivalence}{subsection.8.1.3}
\BOOKMARK [3][-]{subsubsection.8.1.3.2}{Congruence}{subsection.8.1.3}
\BOOKMARK [3][-]{subsubsection.8.1.3.3}{Reduction and closure}{subsection.8.1.3}
\BOOKMARK [2][-]{subsection.8.1.4}{Functions on relation R: A to B}{section.8.1}
\BOOKMARK [3][-]{subsubsection.8.1.4.1}{Inverse}{subsection.8.1.4}
\BOOKMARK [1][-]{section.8.2}{Functions/ transformation f}{chapter.8}
\BOOKMARK [2][-]{subsection.8.2.1}{Partial function A to B}{section.8.2}
\BOOKMARK [3][-]{subsubsection.8.2.1.1}{Definition}{subsection.8.2.1}
\BOOKMARK [3][-]{subsubsection.8.2.1.2}{\(Co\)domain sets}{subsection.8.2.1}
\BOOKMARK [2][-]{subsection.8.2.2}{\(Total\) function}{section.8.2}
\BOOKMARK [2][-]{subsection.8.2.3}{Types}{section.8.2}
\BOOKMARK [2][-]{subsection.8.2.4}{Vector nature}{section.8.2}
\BOOKMARK [2][-]{subsection.8.2.5}{Domain: Interesting locations}{section.8.2}
\BOOKMARK [3][-]{subsubsection.8.2.5.1}{Level Set}{subsection.8.2.5}
\BOOKMARK [3][-]{subsubsection.8.2.5.2}{Fixed point}{subsection.8.2.5}
\BOOKMARK [2][-]{subsection.8.2.6}{Traits of functions from X to X}{section.8.2}
\BOOKMARK [2][-]{subsection.8.2.7}{Measurable function}{section.8.2}
\BOOKMARK [2][-]{subsection.8.2.8}{Function/ model family}{section.8.2}
\BOOKMARK [1][-]{section.8.3}{Sequence of maps to metric space}{chapter.8}
\BOOKMARK [2][-]{subsection.8.3.1}{Pointwise convergence on E}{section.8.3}
\BOOKMARK [2][-]{subsection.8.3.2}{Uniform convergence on E}{section.8.3}
\BOOKMARK [2][-]{subsection.8.3.3}{Interesting functions}{section.8.3}
\BOOKMARK [3][-]{subsubsection.8.3.3.1}{Important functions over R and C}{subsection.8.3.3}
\BOOKMARK [3][-]{subsubsection.8.3.3.2}{Sequence over S}{subsection.8.3.3}
\BOOKMARK [2][-]{subsection.8.3.4}{Randomized function}{section.8.3}
\BOOKMARK [3][-]{subsubsection.8.3.4.1}{Functions over vector spaces}{subsection.8.3.4}
\BOOKMARK [3][-]{subsubsection.8.3.4.2}{Functions defined over convex and affine spaces}{subsection.8.3.4}
\BOOKMARK [2][-]{subsection.8.3.5}{Function families and parameters}{section.8.3}
\BOOKMARK [2][-]{subsection.8.3.6}{Operators}{section.8.3}
\BOOKMARK [0][-]{chapter.9}{Category theory}{part.3}
\BOOKMARK [1][-]{section.9.1}{Abstraction}{chapter.9}
\BOOKMARK [1][-]{section.9.2}{Category}{chapter.9}
\BOOKMARK [1][-]{section.9.3}{Morphisms}{chapter.9}
\BOOKMARK [1][-]{section.9.4}{Functors}{chapter.9}
\BOOKMARK [-1][-]{part.4}{Sets with operations}{}
\BOOKMARK [0][-]{chapter.10}{Group}{part.4}
\BOOKMARK [1][-]{section.10.1}{Semigroup, monoid}{chapter.10}
\BOOKMARK [2][-]{subsection.10.1.1}{Function characteristics}{section.10.1}
\BOOKMARK [3][-]{subsubsection.10.1.1.1}{Subadditivity}{subsection.10.1.1}
\BOOKMARK [1][-]{section.10.2}{Group G}{chapter.10}
\BOOKMARK [2][-]{subsection.10.2.1}{Order of a group}{section.10.2}
\BOOKMARK [2][-]{subsection.10.2.2}{Subgroups}{section.10.2}
\BOOKMARK [3][-]{subsubsection.10.2.2.1}{Cosets of subgroup}{subsection.10.2.2}
\BOOKMARK [3][-]{subsubsection.10.2.2.2}{Cardinality}{subsection.10.2.2}
\BOOKMARK [3][-]{subsubsection.10.2.2.3}{Quotient/ factor group}{subsection.10.2.2}
\BOOKMARK [2][-]{subsection.10.2.3}{Multiplicative order ord\(a\) of element a}{section.10.2}
\BOOKMARK [2][-]{subsection.10.2.4}{Cyclic group G generated by a}{section.10.2}
\BOOKMARK [3][-]{subsubsection.10.2.4.1}{Number of generators}{subsection.10.2.4}
\BOOKMARK [3][-]{subsubsection.10.2.4.2}{Periodic group}{subsection.10.2.4}
\BOOKMARK [1][-]{section.10.3}{Group homomorphism}{chapter.10}
\BOOKMARK [0][-]{chapter.11}{Special groups}{part.4}
\BOOKMARK [1][-]{section.11.1}{Symmetric group on X}{chapter.11}
\BOOKMARK [1][-]{section.11.2}{Elliptic curve groups}{chapter.11}
\BOOKMARK [1][-]{section.11.3}{Bilinear groups}{chapter.11}
\BOOKMARK [0][-]{chapter.12}{Ring}{part.4}
\BOOKMARK [1][-]{section.12.1}{Ring}{chapter.12}
\BOOKMARK [2][-]{subsection.12.1.1}{Ideal I of Ring R}{section.12.1}
\BOOKMARK [2][-]{subsection.12.1.2}{Polynomial ring}{section.12.1}
\BOOKMARK [1][-]{section.12.2}{Field}{chapter.12}
\BOOKMARK [1][-]{section.12.3}{Polynomial representation of GF p n}{chapter.12}
\BOOKMARK [1][-]{section.12.4}{Ordered field}{chapter.12}
\BOOKMARK [1][-]{section.12.5}{Linear algebra over a field}{chapter.12}
