\BOOKMARK [0][-]{part.1}{I Movement, forces, work, energy}{}% 1
\BOOKMARK [1][-]{section.1}{Kinematics}{part.1}% 2
\BOOKMARK [1][-]{section.2}{Mechanics}{part.1}% 3
\BOOKMARK [2][-]{subsection.2.1}{Force}{section.2}% 4
\BOOKMARK [2][-]{subsection.2.2}{Modelling}{section.2}% 5
\BOOKMARK [2][-]{subsection.2.3}{Circular motion}{section.2}% 6
\BOOKMARK [1][-]{section.3}{Forces}{part.1}% 7
\BOOKMARK [2][-]{subsection.3.1}{Gravity}{section.3}% 8
\BOOKMARK [3][-]{subsubsection.3.1.1}{Newton's model}{subsection.3.1}% 9
\BOOKMARK [3][-]{subsubsection.3.1.2}{Curvature in space-time model}{subsection.3.1}% 10
\BOOKMARK [3][-]{subsubsection.3.1.3}{Application of Newton model}{subsection.3.1}% 11
\BOOKMARK [1][-]{section.4}{Energy}{part.1}% 12
\BOOKMARK [1][-]{section.5}{Thermodynamics}{part.1}% 13
\BOOKMARK [1][-]{section.6}{Electricity}{part.1}% 14
\BOOKMARK [2][-]{subsection.6.1}{Magnetism}{section.6}% 15
\BOOKMARK [1][-]{section.7}{Quantum mechanics}{part.1}% 16
\BOOKMARK [1][-]{section.8}{Relativity}{part.1}% 17
\BOOKMARK [0][-]{part.2}{II Modelling important situations}{}% 18
\BOOKMARK [1][-]{section.9}{Periodic Motion}{part.2}% 19
\BOOKMARK [1][-]{section.10}{Hydrodynamics}{part.2}% 20
\BOOKMARK [1][-]{section.11}{Electric circuits}{part.2}% 21
\BOOKMARK [1][-]{section.12}{Electronics}{part.2}% 22
