\BOOKMARK [0][-]{section*.1}{Contents}{}
\BOOKMARK [0][-]{chapter.1}{Representation}{}
\BOOKMARK [0][-]{chapter.2}{Themes}{}
\BOOKMARK [1][-]{section.2.1}{Problems}{chapter.2}
\BOOKMARK [2][-]{subsection.2.1.1}{Protocol design}{section.2.1}
\BOOKMARK [2][-]{subsection.2.1.2}{Analysis}{section.2.1}
\BOOKMARK [1][-]{section.2.2}{Distributed computing connection}{chapter.2}
\BOOKMARK [0][-]{chapter.3}{Layered, modularized software}{}
\BOOKMARK [1][-]{section.3.1}{Physical layer}{chapter.3}
\BOOKMARK [1][-]{section.3.2}{Network layer}{chapter.3}
\BOOKMARK [2][-]{subsection.3.2.1}{IP protocol}{section.3.2}
\BOOKMARK [3][-]{subsubsection.3.2.1.1}{Hierarchy of networks}{subsection.3.2.1}
\BOOKMARK [3][-]{subsubsection.3.2.1.2}{IPv4 addresses}{subsection.3.2.1}
\BOOKMARK [3][-]{subsubsection.3.2.1.3}{IPv6}{subsection.3.2.1}
\BOOKMARK [2][-]{subsection.3.2.2}{External link speed}{section.3.2}
\BOOKMARK [2][-]{subsection.3.2.3}{Mobile networks}{section.3.2}
\BOOKMARK [3][-]{subsubsection.3.2.3.1}{Standards}{subsection.3.2.3}
\BOOKMARK [1][-]{section.3.3}{Transport layer}{chapter.3}
\BOOKMARK [-1][-]{part.1}{Application layer}{}
\BOOKMARK [0][-]{chapter.4}{Domain name resolution}{part.1}
\BOOKMARK [1][-]{section.4.1}{Domain name}{chapter.4}
\BOOKMARK [2][-]{subsection.4.1.1}{Translation}{section.4.1}
\BOOKMARK [2][-]{subsection.4.1.2}{Hierarchy}{section.4.1}
\BOOKMARK [1][-]{section.4.2}{Registration}{chapter.4}
\BOOKMARK [2][-]{subsection.4.2.1}{Economics}{section.4.2}
\BOOKMARK [2][-]{subsection.4.2.2}{Whois}{section.4.2}
\BOOKMARK [0][-]{chapter.5}{Content delivery network}{part.1}
\BOOKMARK [0][-]{chapter.6}{http}{part.1}
\BOOKMARK [1][-]{section.6.1}{Web hosting services}{chapter.6}
\BOOKMARK [0][-]{chapter.7}{Web Services architecture}{part.1}
\BOOKMARK [1][-]{section.7.1}{Broker, provider, consumer}{chapter.7}
\BOOKMARK [0][-]{chapter.8}{Service oriented architecture \(SOA\)}{part.1}
