\BOOKMARK [0][-]{section*.1}{Contents}{}
\BOOKMARK [-1][-]{part.1}{Basic properties, normal forms}{}
\BOOKMARK [0][-]{chapter.1}{Notation and themes}{part.1}
\BOOKMARK [1][-]{section.1.1}{Themes}{chapter.1}
\BOOKMARK [0][-]{chapter.2}{Function Definition}{part.1}
\BOOKMARK [1][-]{section.2.1}{Boolean function}{chapter.2}
\BOOKMARK [2][-]{subsection.2.1.1}{Randomized boolean function}{section.2.1}
\BOOKMARK [1][-]{section.2.2}{Variables and their range}{chapter.2}
\BOOKMARK [2][-]{subsection.2.2.1}{Changing input basis}{section.2.2}
\BOOKMARK [2][-]{subsection.2.2.2}{Variables and literals}{section.2.2}
\BOOKMARK [0][-]{chapter.3}{Properties}{part.1}
\BOOKMARK [1][-]{section.3.1}{Dependence on input variables}{chapter.3}
\BOOKMARK [2][-]{subsection.3.1.1}{r-junta}{section.3.1}
\BOOKMARK [2][-]{subsection.3.1.2}{Monotone fn f}{section.3.1}
\BOOKMARK [3][-]{subsubsection.3.1.2.1}{Influence}{subsection.3.1.2}
\BOOKMARK [3][-]{subsubsection.3.1.2.2}{Total influence}{subsection.3.1.2}
\BOOKMARK [2][-]{subsection.3.1.3}{Fairness}{section.3.1}
\BOOKMARK [1][-]{section.3.2}{Combinatorial properties}{chapter.3}
\BOOKMARK [2][-]{subsection.3.2.1}{Sensitivity to bit i}{section.3.2}
\BOOKMARK [2][-]{subsection.3.2.2}{Noise sensitivity}{section.3.2}
\BOOKMARK [1][-]{section.3.3}{Expressiveness measures}{chapter.3}
\BOOKMARK [2][-]{subsection.3.3.1}{Count the number of f in C}{section.3.3}
\BOOKMARK [2][-]{subsection.3.3.2}{Dichotomy count fn}{section.3.3}
\BOOKMARK [3][-]{subsubsection.3.3.2.1}{Shattering and VCD d}{subsection.3.3.2}
\BOOKMARK [3][-]{subsubsection.3.3.2.2}{Bounding using the VCD}{subsection.3.3.2}
\BOOKMARK [2][-]{subsection.3.3.3}{Prove VCD\(C\) = d}{section.3.3}
\BOOKMARK [3][-]{subsubsection.3.3.3.1}{Lower bound}{subsection.3.3.3}
\BOOKMARK [3][-]{subsubsection.3.3.3.2}{Upper bound}{subsection.3.3.3}
\BOOKMARK [2][-]{subsection.3.3.4}{VCD's of some R}{section.3.3}
\BOOKMARK [0][-]{chapter.4}{Views and normal forms}{part.1}
\BOOKMARK [1][-]{section.4.1}{Views}{chapter.4}
\BOOKMARK [1][-]{section.4.2}{Normal forms}{chapter.4}
\BOOKMARK [2][-]{subsection.4.2.1}{Write as sign of multinomial of n variables}{section.4.2}
\BOOKMARK [2][-]{subsection.4.2.2}{k-DNF and k-CNF}{section.4.2}
\BOOKMARK [3][-]{subsubsection.4.2.2.1}{Derivation from truth tables.}{subsection.4.2.2}
\BOOKMARK [3][-]{subsubsection.4.2.2.2}{Connection between DNF and CNF.}{subsection.4.2.2}
\BOOKMARK [3][-]{subsubsection.4.2.2.3}{Minimization of number of terms}{subsection.4.2.2}
\BOOKMARK [3][-]{subsubsection.4.2.2.4}{DNF norm}{subsection.4.2.2}
\BOOKMARK [2][-]{subsection.4.2.3}{Size s DNF f}{section.4.2}
\BOOKMARK [3][-]{subsubsection.4.2.3.1}{DNF f to l-augmented Decision tree of rank }{subsection.4.2.3}
\BOOKMARK [3][-]{subsubsection.4.2.3.2}{DNF f to PTF}{subsection.4.2.3}
\BOOKMARK [3][-]{subsubsection.4.2.3.3}{Lower bounds on PTF degree}{subsection.4.2.3}
\BOOKMARK [2][-]{subsection.4.2.4}{Boolean circuits \(ckt\)}{section.4.2}
\BOOKMARK [3][-]{subsubsection.4.2.4.1}{Boolean formula f}{subsection.4.2.4}
\BOOKMARK [3][-]{subsubsection.4.2.4.2}{Balance tree-like circuits, reduce depth}{subsection.4.2.4}
\BOOKMARK [2][-]{subsection.4.2.5}{Turing machines}{section.4.2}
\BOOKMARK [0][-]{chapter.5}{Fourier analysis of boolean fn}{part.1}
\BOOKMARK [1][-]{section.5.1}{The function space for Uniform distribution}{chapter.5}
\BOOKMARK [2][-]{subsection.5.1.1}{Dimensionality}{section.5.1}
\BOOKMARK [2][-]{subsection.5.1.2}{Inner product}{section.5.1}
\BOOKMARK [3][-]{subsubsection.5.1.2.1}{The basis}{subsection.5.1.2}
\BOOKMARK [1][-]{section.5.2}{Transforms}{chapter.5}
\BOOKMARK [2][-]{subsection.5.2.1}{Discrete Fourier series}{section.5.2}
\BOOKMARK [2][-]{subsection.5.2.2}{Correlation / Discrete Fourier coefficient}{section.5.2}
\BOOKMARK [2][-]{subsection.5.2.3}{Fourier transform of f}{section.5.2}
\BOOKMARK [1][-]{section.5.3}{Estimating coefficients}{chapter.5}
\BOOKMARK [2][-]{subsection.5.3.1}{Estimate all Fourier coefficients of f using FFT}{section.5.3}
\BOOKMARK [2][-]{subsection.5.3.2}{Relationship with total influence}{section.5.3}
\BOOKMARK [2][-]{subsection.5.3.3}{Relationship with noise sensitivity}{section.5.3}
\BOOKMARK [2][-]{subsection.5.3.4}{Concentration in the spectrum}{section.5.3}
\BOOKMARK [3][-]{subsubsection.5.3.4.1}{\(eps, d\) concentrated function f}{subsection.5.3.4}
\BOOKMARK [2][-]{subsection.5.3.5}{Best fitting d degree polynomial}{section.5.3}
\BOOKMARK [2][-]{subsection.5.3.6}{t - sparse f}{section.5.3}
\BOOKMARK [3][-]{subsubsection.5.3.6.1}{Sparse approximator for any f}{subsection.5.3.6}
\BOOKMARK [3][-]{subsubsection.5.3.6.2}{Weak parity learning problem}{subsection.5.3.6}
\BOOKMARK [-1][-]{part.2}{Boolean function classes}{}
\BOOKMARK [0][-]{chapter.6}{Decision lists and trees}{part.2}
\BOOKMARK [1][-]{section.6.1}{Decision lists}{chapter.6}
\BOOKMARK [2][-]{subsection.6.1.1}{Generality}{section.6.1}
\BOOKMARK [1][-]{section.6.2}{Decision trees}{chapter.6}
\BOOKMARK [2][-]{subsection.6.2.1}{Power}{section.6.2}
\BOOKMARK [2][-]{subsection.6.2.2}{Evaluation and interpretation}{section.6.2}
\BOOKMARK [2][-]{subsection.6.2.3}{t augmented Decision tree}{section.6.2}
\BOOKMARK [2][-]{subsection.6.2.4}{Rank of decision trees}{section.6.2}
\BOOKMARK [2][-]{subsection.6.2.5}{Number of decision trees}{section.6.2}
\BOOKMARK [2][-]{subsection.6.2.6}{Rank r decision tree to r+1 decision list}{section.6.2}
\BOOKMARK [2][-]{subsection.6.2.7}{Decision tree to polysize DNF f}{section.6.2}
\BOOKMARK [2][-]{subsection.6.2.8}{Sparsity}{section.6.2}
\BOOKMARK [0][-]{chapter.7}{Other function classes}{part.2}
\BOOKMARK [1][-]{section.7.1}{Conjunctions and disjunctions}{chapter.7}
\BOOKMARK [1][-]{section.7.2}{Boolean functions from real valued functions}{chapter.7}
\BOOKMARK [1][-]{section.7.3}{Halfspace}{chapter.7}
\BOOKMARK [2][-]{subsection.7.3.1}{Intuition}{section.7.3}
\BOOKMARK [2][-]{subsection.7.3.2}{Noise sensitivity and Fourier concentration}{section.7.3}
\BOOKMARK [2][-]{subsection.7.3.3}{Conversion to PTF}{section.7.3}
\BOOKMARK [2][-]{subsection.7.3.4}{Make origin centered halfspace}{section.7.3}
\BOOKMARK [1][-]{section.7.4}{Automata}{chapter.7}
\BOOKMARK [2][-]{subsection.7.4.1}{Grammar}{section.7.4}
\BOOKMARK [3][-]{subsubsection.7.4.1.1}{Definition}{subsection.7.4.1}
\BOOKMARK [3][-]{subsubsection.7.4.1.2}{Parsing connection}{subsection.7.4.1}
\BOOKMARK [3][-]{subsubsection.7.4.1.3}{Characteristics}{subsection.7.4.1}
\BOOKMARK [3][-]{subsubsection.7.4.1.4}{Context free grammars}{subsection.7.4.1}
\BOOKMARK [3][-]{subsubsection.7.4.1.5}{Normal forms}{subsection.7.4.1}
\BOOKMARK [3][-]{subsubsection.7.4.1.6}{Other traits}{subsection.7.4.1}
\BOOKMARK [2][-]{subsection.7.4.2}{Regular expression}{section.7.4}
\BOOKMARK [3][-]{subsubsection.7.4.2.1}{Production rules}{subsection.7.4.2}
\BOOKMARK [3][-]{subsubsection.7.4.2.2}{Grouping}{subsection.7.4.2}
\BOOKMARK [3][-]{subsubsection.7.4.2.3}{Example}{subsection.7.4.2}
\BOOKMARK [2][-]{subsection.7.4.3}{Finite state automata}{section.7.4}
\BOOKMARK [3][-]{subsubsection.7.4.3.1}{States and transitions}{subsection.7.4.3}
\BOOKMARK [3][-]{subsubsection.7.4.3.2}{As a directed graph}{subsection.7.4.3}
\BOOKMARK [3][-]{subsubsection.7.4.3.3}{Acceptance}{subsection.7.4.3}
\BOOKMARK [3][-]{subsubsection.7.4.3.4}{Resources}{subsection.7.4.3}
\BOOKMARK [3][-]{subsubsection.7.4.3.5}{Expressiveness}{subsection.7.4.3}
\BOOKMARK [3][-]{subsubsection.7.4.3.6}{\(Non\) determinism}{subsection.7.4.3}
\BOOKMARK [2][-]{subsection.7.4.4}{Pushdown automata}{section.7.4}
\BOOKMARK [1][-]{section.7.5}{Polynomial Threshold functions \(d-PTF\)}{chapter.7}
\BOOKMARK [1][-]{section.7.6}{Neural network}{chapter.7}
\BOOKMARK [1][-]{section.7.7}{Important functions}{chapter.7}
\BOOKMARK [2][-]{subsection.7.7.1}{Parity function}{section.7.7}
\BOOKMARK [2][-]{subsection.7.7.2}{Majority function}{section.7.7}
\BOOKMARK [3][-]{subsubsection.7.7.2.1}{Noise sensitivity}{subsection.7.7.2}
\BOOKMARK [0][-]{section*.7}{Bibliography}{part.2}
