\BOOKMARK [-1][-]{part.1}{Function spaces and operators}{}
\BOOKMARK [0][-]{chapter.1}{Function space}{part.1}
\BOOKMARK [1][-]{section.1.1}{Notation}{chapter.1}
\BOOKMARK [1][-]{section.1.2}{Euclidean Vector spaces}{chapter.1}
\BOOKMARK [1][-]{section.1.3}{Metric space using Disagreement probability}{chapter.1}
\BOOKMARK [1][-]{section.1.4}{Measuring size of function class C}{chapter.1}
\BOOKMARK [2][-]{subsection.1.4.1}{For smooth functions: just measure size of the input space}{section.1.4}
\BOOKMARK [2][-]{subsection.1.4.2}{Relationship with vcd of related binary classifiers}{section.1.4}
\BOOKMARK [0][-]{chapter.2}{Operators}{part.1}
\BOOKMARK [1][-]{section.2.1}{Operator}{chapter.2}
\BOOKMARK [2][-]{subsection.2.1.1}{Eigenfunctions}{section.2.1}
\BOOKMARK [1][-]{section.2.2}{Differential operator}{chapter.2}
\BOOKMARK [2][-]{subsection.2.2.1}{Vector and matrix calculus operators}{section.2.2}
\BOOKMARK [2][-]{subsection.2.2.2}{Divergence operator}{section.2.2}
\BOOKMARK [2][-]{subsection.2.2.3}{Laplacian and Elliptic operators}{section.2.2}
\BOOKMARK [1][-]{section.2.3}{Integral operator}{chapter.2}
\BOOKMARK [2][-]{subsection.2.3.1}{Inverse Kernel}{section.2.3}
\BOOKMARK [2][-]{subsection.2.3.2}{Convolution}{section.2.3}
\BOOKMARK [2][-]{subsection.2.3.3}{K\(t, u\) as a basis function}{section.2.3}
\BOOKMARK [1][-]{section.2.4}{Some vector differential operators}{chapter.2}
\BOOKMARK [2][-]{subsection.2.4.1}{Jacobian matrix}{section.2.4}
\BOOKMARK [2][-]{subsection.2.4.2}{Hessian matrix}{section.2.4}
\BOOKMARK [0][-]{chapter.3}{Analysis of functions}{part.1}
\BOOKMARK [1][-]{section.3.1}{Polynomial fitting for continuous f\(x\)}{chapter.3}
\BOOKMARK [1][-]{section.3.2}{Fourier basis in the function space}{chapter.3}
\BOOKMARK [2][-]{subsection.3.2.1}{Fourier basis for 2 pi periodic functions}{section.3.2}
\BOOKMARK [3][-]{subsubsection.3.2.1.1}{Inner product}{subsection.3.2.1}
\BOOKMARK [3][-]{subsubsection.3.2.1.2}{Orthogonal basis}{subsection.3.2.1}
\BOOKMARK [2][-]{subsection.3.2.2}{Fourier basis for 2L periodic functions}{section.3.2}
\BOOKMARK [3][-]{subsubsection.3.2.2.1}{Inner product}{subsection.3.2.2}
\BOOKMARK [3][-]{subsubsection.3.2.2.2}{Orthogonal basis}{subsection.3.2.2}
\BOOKMARK [2][-]{subsection.3.2.3}{Fourier basis for N dimensional space}{section.3.2}
\BOOKMARK [3][-]{subsubsection.3.2.3.1}{Inner product}{subsection.3.2.3}
\BOOKMARK [3][-]{subsubsection.3.2.3.2}{Orthogonal basis}{subsection.3.2.3}
\BOOKMARK [2][-]{subsection.3.2.4}{Fourier Series}{section.3.2}
\BOOKMARK [2][-]{subsection.3.2.5}{Fourier basis for non periodic functions}{section.3.2}
\BOOKMARK [1][-]{section.3.3}{Fourier transforms}{chapter.3}
\BOOKMARK [2][-]{subsection.3.3.1}{Fourier Transform \(FT\)}{section.3.3}
\BOOKMARK [2][-]{subsection.3.3.2}{Discrete Fourier Transform \(DFT\)}{section.3.3}
\BOOKMARK [2][-]{subsection.3.3.3}{Fast Fourier Transform \(FFT\) alg}{section.3.3}
\BOOKMARK [3][-]{subsubsection.3.3.3.1}{Butterfly diagram}{subsection.3.3.3}
\BOOKMARK [3][-]{subsubsection.3.3.3.2}{Top down view}{subsection.3.3.3}
\BOOKMARK [1][-]{section.3.4}{Fourier analysis of Boolean fns}{chapter.3}
\BOOKMARK [1][-]{section.3.5}{Approximation of functions, interpolation}{chapter.3}
