\BOOKMARK [0][-]{section*.1}{Contents}{}
\BOOKMARK [-1][-]{part.1}{Introduction and problems}{}
\BOOKMARK [0][-]{chapter.1}{Research effort}{part.1}
\BOOKMARK [1][-]{section.1.1}{Characterization of research effort}{chapter.1}
\BOOKMARK [2][-]{subsection.1.1.1}{Identifying problems}{section.1.1}
\BOOKMARK [3][-]{subsubsection.1.1.1.1}{Working on established theoretical problems}{subsection.1.1.1}
\BOOKMARK [3][-]{subsubsection.1.1.1.2}{Finding problems from experimental areas}{subsection.1.1.1}
\BOOKMARK [3][-]{subsubsection.1.1.1.3}{Experimental algorithm design}{subsection.1.1.1}
\BOOKMARK [2][-]{subsection.1.1.2}{Design, then analyze algorithms}{section.1.1}
\BOOKMARK [3][-]{subsubsection.1.1.2.1}{Reasoning about resource bounds}{subsection.1.1.2}
\BOOKMARK [0][-]{chapter.2}{Problems}{part.1}
\BOOKMARK [1][-]{section.2.1}{Secretary problem}{chapter.2}
\BOOKMARK [1][-]{section.2.2}{Graph and network problems}{chapter.2}
\BOOKMARK [-1][-]{part.2}{Algorithm and data structure design}{}
\BOOKMARK [0][-]{chapter.3}{Algorithm design strategies}{part.2}
\BOOKMARK [1][-]{section.3.1}{Bottom up solution}{chapter.3}
\BOOKMARK [2][-]{subsection.3.1.1}{Time Analysis}{section.3.1}
\BOOKMARK [1][-]{section.3.2}{Greedy algorithms}{chapter.3}
\BOOKMARK [2][-]{subsection.3.2.1}{The matroid}{section.3.2}
\BOOKMARK [0][-]{chapter.4}{Abstract Data types and Data structures}{part.2}
\BOOKMARK [1][-]{section.4.1}{Abstract data types}{chapter.4}
\BOOKMARK [1][-]{section.4.2}{Data structure for the task}{chapter.4}
\BOOKMARK [0][-]{chapter.5}{Storing sequences}{part.2}
\BOOKMARK [1][-]{section.5.1}{Operations}{chapter.5}
\BOOKMARK [2][-]{subsection.5.1.1}{Low level operations}{section.5.1}
\BOOKMARK [2][-]{subsection.5.1.2}{Higher level operations}{section.5.1}
\BOOKMARK [1][-]{section.5.2}{Iterators}{chapter.5}
\BOOKMARK [1][-]{section.5.3}{Integer indexed Arrays}{chapter.5}
\BOOKMARK [2][-]{subsection.5.3.1}{General implementations}{section.5.3}
\BOOKMARK [2][-]{subsection.5.3.2}{Sequential locations implementation}{section.5.3}
\BOOKMARK [2][-]{subsection.5.3.3}{Array buffers}{section.5.3}
\BOOKMARK [1][-]{section.5.4}{Associative arrays}{chapter.5}
\BOOKMARK [2][-]{subsection.5.4.1}{Hash-fn map implementation}{section.5.4}
\BOOKMARK [3][-]{subsubsection.5.4.1.1}{Randomization}{subsection.5.4.1}
\BOOKMARK [2][-]{subsection.5.4.2}{Prefix tree/ treep}{section.5.4}
\BOOKMARK [3][-]{subsubsection.5.4.2.1}{Comparison to hash-fn map}{subsection.5.4.2}
\BOOKMARK [1][-]{section.5.5}{Linked list of node objects}{chapter.5}
\BOOKMARK [2][-]{subsection.5.5.1}{Array list comparison}{section.5.5}
\BOOKMARK [2][-]{subsection.5.5.2}{Doubly linked list}{section.5.5}
\BOOKMARK [1][-]{section.5.6}{Tree}{chapter.5}
\BOOKMARK [2][-]{subsection.5.6.1}{Traversals}{section.5.6}
\BOOKMARK [2][-]{subsection.5.6.2}{Search trees}{section.5.6}
\BOOKMARK [2][-]{subsection.5.6.3}{Heap}{section.5.6}
\BOOKMARK [0][-]{chapter.6}{Set}{part.2}
\BOOKMARK [1][-]{section.6.1}{Bit-set}{chapter.6}
\BOOKMARK [0][-]{chapter.7}{Sequence operations}{part.2}
\BOOKMARK [1][-]{section.7.1}{Membership query algorithms}{chapter.7}
\BOOKMARK [2][-]{subsection.7.1.1}{Over Associative arrays}{section.7.1}
\BOOKMARK [2][-]{subsection.7.1.2}{Fingerprinting}{section.7.1}
\BOOKMARK [2][-]{subsection.7.1.3}{Sequential search and sorting}{section.7.1}
\BOOKMARK [2][-]{subsection.7.1.4}{Balanced binary trees}{section.7.1}
\BOOKMARK [2][-]{subsection.7.1.5}{Binary search}{section.7.1}
\BOOKMARK [2][-]{subsection.7.1.6}{Splay tree}{section.7.1}
\BOOKMARK [2][-]{subsection.7.1.7}{Compression, allowing some fast operations}{section.7.1}
\BOOKMARK [1][-]{section.7.2}{List Sorting}{chapter.7}
\BOOKMARK [2][-]{subsection.7.2.1}{Assumptions}{section.7.2}
\BOOKMARK [2][-]{subsection.7.2.2}{Lower bounds}{section.7.2}
\BOOKMARK [2][-]{subsection.7.2.3}{Repeated partitioning sort}{section.7.2}
\BOOKMARK [3][-]{subsubsection.7.2.3.1}{Time complexity}{subsection.7.2.3}
\BOOKMARK [3][-]{subsubsection.7.2.3.2}{Improvements}{subsection.7.2.3}
\BOOKMARK [2][-]{subsection.7.2.4}{Merge sort}{section.7.2}
\BOOKMARK [3][-]{subsubsection.7.2.4.1}{Time complexity}{subsection.7.2.4}
\BOOKMARK [3][-]{subsubsection.7.2.4.2}{Space complexity}{subsection.7.2.4}
\BOOKMARK [2][-]{subsection.7.2.5}{Other Techniques}{section.7.2}
\BOOKMARK [1][-]{section.7.3}{Ordinal selection algorithms}{chapter.7}
\BOOKMARK [2][-]{subsection.7.3.1}{By Sorting}{section.7.3}
\BOOKMARK [2][-]{subsection.7.3.2}{By repeated partitioning}{section.7.3}
\BOOKMARK [3][-]{subsubsection.7.3.2.1}{Time complexity}{subsection.7.3.2}
\BOOKMARK [-1][-]{part.3}{Algorithm analysis}{}
\BOOKMARK [0][-]{chapter.8}{Analysis of algorithms}{part.3}
\BOOKMARK [1][-]{section.8.1}{Asymptotic behavior}{chapter.8}
\BOOKMARK [1][-]{section.8.2}{Amortized analysis}{chapter.8}
\BOOKMARK [0][-]{chapter.9}{Resources and their limitations}{part.3}
\BOOKMARK [1][-]{section.9.1}{Online vs offline algorithms}{chapter.9}
\BOOKMARK [1][-]{section.9.2}{Randomized algorithms}{chapter.9}
\BOOKMARK [1][-]{section.9.3}{Parallel algorithms}{chapter.9}
\BOOKMARK [1][-]{section.9.4}{Deal with memory limitations}{chapter.9}
