\BOOKMARK [0][-]{section*.1}{Contents}{}
\BOOKMARK [-1][-]{part.1}{General structure}{}
\BOOKMARK [0][-]{chapter.1}{Themes}{part.1}
\BOOKMARK [1][-]{section.1.1}{Human vs programming languages}{chapter.1}
\BOOKMARK [1][-]{section.1.2}{Descriptive vs prescriptive}{chapter.1}
\BOOKMARK [1][-]{section.1.3}{Example applications/ problems}{chapter.1}
\BOOKMARK [1][-]{section.1.4}{Ambiguity: main challenge}{chapter.1}
\BOOKMARK [1][-]{section.1.5}{Following research}{chapter.1}
\BOOKMARK [0][-]{chapter.2}{Language structure}{part.1}
\BOOKMARK [1][-]{section.2.1}{Sounds words sentences}{chapter.2}
\BOOKMARK [1][-]{section.2.2}{Word morphology}{chapter.2}
\BOOKMARK [2][-]{subsection.2.2.1}{Morpheme}{section.2.2}
\BOOKMARK [2][-]{subsection.2.2.2}{Inflection}{section.2.2}
\BOOKMARK [1][-]{section.2.3}{Word/ phrase roles/ categories}{chapter.2}
\BOOKMARK [2][-]{subsection.2.3.1}{Content vs function words}{section.2.3}
\BOOKMARK [2][-]{subsection.2.3.2}{Parts of speech}{section.2.3}
\BOOKMARK [2][-]{subsection.2.3.3}{Noun and verb sub-roles}{section.2.3}
\BOOKMARK [1][-]{section.2.4}{Semantics and ambiguity}{chapter.2}
\BOOKMARK [2][-]{subsection.2.4.1}{Word meaning ambiguity}{section.2.4}
\BOOKMARK [2][-]{subsection.2.4.2}{Sentence ambiguity}{section.2.4}
\BOOKMARK [1][-]{section.2.5}{Grammar}{chapter.2}
\BOOKMARK [0][-]{chapter.3}{Language and thought}{part.1}
\BOOKMARK [1][-]{section.3.1}{Complex thought and language}{chapter.3}
\BOOKMARK [2][-]{subsection.3.1.1}{Examples/ evidence}{section.3.1}
\BOOKMARK [1][-]{section.3.2}{World-view and language}{chapter.3}
\BOOKMARK [2][-]{subsection.3.2.1}{Examples}{section.3.2}
\BOOKMARK [1][-]{section.3.3}{Social interactions}{chapter.3}
\BOOKMARK [0][-]{chapter.4}{Models of communication}{part.1}
\BOOKMARK [1][-]{section.4.1}{Speech generation}{chapter.4}
\BOOKMARK [1][-]{section.4.2}{Speech comprehension}{chapter.4}
\BOOKMARK [2][-]{subsection.4.2.1}{Tasks}{section.4.2}
\BOOKMARK [2][-]{subsection.4.2.2}{Comprehenders: Manual vs automatic building}{section.4.2}
\BOOKMARK [3][-]{subsubsection.4.2.2.1}{Manual design}{subsection.4.2.2}
\BOOKMARK [3][-]{subsubsection.4.2.2.2}{Automatic learning}{subsection.4.2.2}
\BOOKMARK [2][-]{subsection.4.2.3}{Non-Modularity}{section.4.2}
\BOOKMARK [1][-]{section.4.3}{Part of speech tagging}{chapter.4}
\BOOKMARK [2][-]{subsection.4.3.1}{Problem}{section.4.3}
\BOOKMARK [2][-]{subsection.4.3.2}{Purpose}{section.4.3}
\BOOKMARK [2][-]{subsection.4.3.3}{Approaches}{section.4.3}
\BOOKMARK [3][-]{subsubsection.4.3.3.1}{Performance ideal}{subsection.4.3.3}
\BOOKMARK [2][-]{subsection.4.3.4}{Using a tagged sample}{section.4.3}
\BOOKMARK [3][-]{subsubsection.4.3.4.1}{Results}{subsection.4.3.4}
\BOOKMARK [0][-]{chapter.5}{Language models}{part.1}
\BOOKMARK [1][-]{section.5.1}{Definition}{chapter.5}
\BOOKMARK [1][-]{section.5.2}{Applications}{chapter.5}
\BOOKMARK [1][-]{section.5.3}{Multi-set of words model}{chapter.5}
\BOOKMARK [1][-]{section.5.4}{n-gram model}{chapter.5}
\BOOKMARK [2][-]{subsection.5.4.1}{Performance}{section.5.4}
\BOOKMARK [1][-]{section.5.5}{Finite state transducer \(FST\)}{chapter.5}
\BOOKMARK [2][-]{subsection.5.5.1}{Definition}{section.5.5}
\BOOKMARK [2][-]{subsection.5.5.2}{Transition graph}{section.5.5}
\BOOKMARK [-1][-]{part.2}{Languages}{}
\BOOKMARK [0][-]{chapter.6}{Activity language}{part.2}
\BOOKMARK [0][-]{chapter.7}{Japanese}{part.2}
\BOOKMARK [1][-]{section.7.1}{Sounds}{chapter.7}
\BOOKMARK [1][-]{section.7.2}{Words}{chapter.7}
\BOOKMARK [2][-]{subsection.7.2.1}{Noun Inflections}{section.7.2}
\BOOKMARK [2][-]{subsection.7.2.2}{Verb}{section.7.2}
\BOOKMARK [3][-]{subsubsection.7.2.2.1}{Adverbs}{subsection.7.2.2}
\BOOKMARK [1][-]{section.7.3}{Sentences}{chapter.7}
\BOOKMARK [2][-]{subsection.7.3.1}{Greetings/ politeness}{section.7.3}
\BOOKMARK [2][-]{subsection.7.3.2}{Questions and answers}{section.7.3}
\BOOKMARK [0][-]{chapter.8}{References}{part.2}
