\BOOKMARK [-1][-]{part.1}{Introduction}{}
\BOOKMARK [0][-]{chapter.1}{Notation}{part.1}
\BOOKMARK [0][-]{chapter.2}{Themes}{part.1}
\BOOKMARK [0][-]{chapter.3}{Information}{part.1}
\BOOKMARK [1][-]{section.3.1}{Self Information of an event}{chapter.3}
\BOOKMARK [2][-]{subsection.3.1.1}{As code-length for recording event}{section.3.1}
\BOOKMARK [3][-]{subsubsection.3.1.1.1}{Coding problem}{subsection.3.1.1}
\BOOKMARK [3][-]{subsubsection.3.1.1.2}{Coding algorithm}{subsection.3.1.1}
\BOOKMARK [2][-]{subsection.3.1.2}{Unit}{section.3.1}
\BOOKMARK [1][-]{section.3.2}{Entropy of an RV X}{chapter.3}
\BOOKMARK [2][-]{subsection.3.2.1}{Definition}{section.3.2}
\BOOKMARK [3][-]{subsubsection.3.2.1.1}{Desired properties}{subsection.3.2.1}
\BOOKMARK [3][-]{subsubsection.3.2.1.2}{As expected surprisal}{subsection.3.2.1}
\BOOKMARK [3][-]{subsubsection.3.2.1.3}{Extension to 0 values}{subsection.3.2.1}
\BOOKMARK [2][-]{subsection.3.2.2}{Expected Information/ code-length}{section.3.2}
\BOOKMARK [3][-]{subsubsection.3.2.2.1}{Cross entropy}{subsection.3.2.2}
\BOOKMARK [2][-]{subsection.3.2.3}{As cross entropy relative to U}{section.3.2}
\BOOKMARK [2][-]{subsection.3.2.4}{Concavity in case of discrete distribution p}{section.3.2}
\BOOKMARK [2][-]{subsection.3.2.5}{Asymptotic equipartition property \(AEP\)}{section.3.2}
\BOOKMARK [1][-]{section.3.3}{Joint and cross entropy}{chapter.3}
\BOOKMARK [2][-]{subsection.3.3.1}{Joint entropy}{section.3.3}
\BOOKMARK [2][-]{subsection.3.3.2}{Cross entropy}{section.3.3}
\BOOKMARK [1][-]{section.3.4}{Conditional entropy of X given Y}{chapter.3}
\BOOKMARK [1][-]{section.3.5}{Mutual information of X wrt Y}{chapter.3}
\BOOKMARK [2][-]{subsection.3.5.1}{As deviation from independent distribution}{section.3.5}
\BOOKMARK [2][-]{subsection.3.5.2}{Conditional Mutual information wrt Z}{section.3.5}
\BOOKMARK [1][-]{section.3.6}{Other information metrics}{chapter.3}
\BOOKMARK [1][-]{section.3.7}{Communication complexity}{chapter.3}
\BOOKMARK [2][-]{subsection.3.7.1}{The problem}{section.3.7}
\BOOKMARK [2][-]{subsection.3.7.2}{Applications}{section.3.7}
\BOOKMARK [2][-]{subsection.3.7.3}{The communication protocol tree}{section.3.7}
\BOOKMARK [2][-]{subsection.3.7.4}{Deterministic vs randomized protocols}{section.3.7}
\BOOKMARK [2][-]{subsection.3.7.5}{Computing f for k input pairs}{section.3.7}
\BOOKMARK [2][-]{subsection.3.7.6}{Examples}{section.3.7}
\BOOKMARK [3][-]{subsubsection.3.7.6.1}{Checking equality}{subsection.3.7.6}
\BOOKMARK [-1][-]{part.2}{Coding}{}
\BOOKMARK [0][-]{chapter.4}{Fingerprinting}{part.2}
\BOOKMARK [1][-]{section.4.1}{Chinese reminder code}{chapter.4}
\BOOKMARK [2][-]{subsection.4.1.1}{Checking equality}{section.4.1}
\BOOKMARK [1][-]{section.4.2}{Univar polynomial code}{chapter.4}
\BOOKMARK [2][-]{subsection.4.2.1}{Checking equality}{section.4.2}
\BOOKMARK [1][-]{section.4.3}{Multivar polynomial code}{chapter.4}
\BOOKMARK [0][-]{chapter.5}{Source coding}{part.2}
\BOOKMARK [0][-]{chapter.6}{Channel Codes}{part.2}
\BOOKMARK [1][-]{section.6.1}{Code design}{chapter.6}
\BOOKMARK [1][-]{section.6.2}{Modelling a channel}{chapter.6}
\BOOKMARK [2][-]{subsection.6.2.1}{Channel capacity}{section.6.2}
\BOOKMARK [2][-]{subsection.6.2.2}{Binary symmetric channel}{section.6.2}
\BOOKMARK [2][-]{subsection.6.2.3}{Erasure channel}{section.6.2}
\BOOKMARK [1][-]{section.6.3}{Model message distribution}{chapter.6}
\BOOKMARK [1][-]{section.6.4}{Tolerating errors}{chapter.6}
\BOOKMARK [2][-]{subsection.6.4.1}{ARQ}{section.6.4}
\BOOKMARK [2][-]{subsection.6.4.2}{Forward error correction}{section.6.4}
\BOOKMARK [2][-]{subsection.6.4.3}{Decoding}{section.6.4}
\BOOKMARK [2][-]{subsection.6.4.4}{Joint source-channel coding}{section.6.4}
\BOOKMARK [1][-]{section.6.5}{Properties}{chapter.6}
\BOOKMARK [2][-]{subsection.6.5.1}{Minimum Hamming Distance d}{section.6.5}
\BOOKMARK [2][-]{subsection.6.5.2}{Code rate}{section.6.5}
\BOOKMARK [1][-]{section.6.6}{Types}{chapter.6}
\BOOKMARK [2][-]{subsection.6.6.1}{Block vs Convolutional codes}{section.6.6}
\BOOKMARK [2][-]{subsection.6.6.2}{Bound on code size of block codes}{section.6.6}
\BOOKMARK [2][-]{subsection.6.6.3}{w error correcting code}{section.6.6}
\BOOKMARK [2][-]{subsection.6.6.4}{Cyclic code}{section.6.6}
\BOOKMARK [0][-]{chapter.7}{[n, k, d] Linear code C}{part.2}
\BOOKMARK [1][-]{section.7.1}{A linear subspace of valid codes}{chapter.7}
\BOOKMARK [2][-]{subsection.7.1.1}{Basis codes}{section.7.1}
\BOOKMARK [2][-]{subsection.7.1.2}{Random [n, k] code}{section.7.1}
\BOOKMARK [1][-]{section.7.2}{Decoding}{chapter.7}
\BOOKMARK [2][-]{subsection.7.2.1}{[p, q] regular code}{section.7.2}
\BOOKMARK [2][-]{subsection.7.2.2}{Decoding}{section.7.2}
\BOOKMARK [2][-]{subsection.7.2.3}{As inference over factor graph}{section.7.2}
