\BOOKMARK [0][-]{chapter.1}{Notation}{}
\BOOKMARK [0][-]{chapter.2}{Themes}{}
\BOOKMARK [1][-]{section.2.1}{Network protocol security}{chapter.2}
\BOOKMARK [1][-]{section.2.2}{Applications}{chapter.2}
\BOOKMARK [1][-]{section.2.3}{Characterization of research effort}{chapter.2}
\BOOKMARK [2][-]{subsection.2.3.1}{General strategy}{section.2.3}
\BOOKMARK [0][-]{chapter.3}{Secure communcation over insecure channel}{}
\BOOKMARK [1][-]{section.3.1}{Problem}{chapter.3}
\BOOKMARK [2][-]{subsection.3.1.1}{Unbounded adversary}{section.3.1}
\BOOKMARK [3][-]{subsubsection.3.1.1.1}{One time pad}{subsection.3.1.1}
\BOOKMARK [2][-]{subsection.3.1.2}{Bounded adversary}{section.3.1}
\BOOKMARK [2][-]{subsection.3.1.3}{Passive adversary}{section.3.1}
\BOOKMARK [2][-]{subsection.3.1.4}{Active adversary}{section.3.1}
\BOOKMARK [2][-]{subsection.3.1.5}{Collusion attacks}{section.3.1}
\BOOKMARK [1][-]{section.3.2}{Proving security/ vulnerability}{chapter.3}
\BOOKMARK [2][-]{subsection.3.2.1}{Security from evesdropping}{section.3.2}
\BOOKMARK [2][-]{subsection.3.2.2}{Specify scheme}{section.3.2}
\BOOKMARK [2][-]{subsection.3.2.3}{General strategy}{section.3.2}
\BOOKMARK [3][-]{subsubsection.3.2.3.1}{Make security game}{subsection.3.2.3}
\BOOKMARK [3][-]{subsubsection.3.2.3.2}{Show success of attack wnnp}{subsection.3.2.3}
\BOOKMARK [2][-]{subsection.3.2.4}{Show equivalence of 2 models of security}{section.3.2}
\BOOKMARK [2][-]{subsection.3.2.5}{Using hardness assumptions to prove security}{section.3.2}
\BOOKMARK [3][-]{subsubsection.3.2.5.1}{Tightness of assumption}{subsection.3.2.5}
\BOOKMARK [2][-]{subsection.3.2.6}{Security from weaker adversaries}{section.3.2}
\BOOKMARK [1][-]{section.3.3}{Private key encryption}{chapter.3}
\BOOKMARK [2][-]{subsection.3.3.1}{Substitution cipher}{section.3.3}
\BOOKMARK [1][-]{section.3.4}{Public key cryptography}{chapter.3}
\BOOKMARK [2][-]{subsection.3.4.1}{Weak definition}{section.3.4}
\BOOKMARK [2][-]{subsection.3.4.2}{Strong defnition: blinding messages}{section.3.4}
\BOOKMARK [2][-]{subsection.3.4.3}{Hybrid cryptography}{section.3.4}
\BOOKMARK [2][-]{subsection.3.4.4}{Semantic security: chosen plaintext attack \(CPA\)}{section.3.4}
\BOOKMARK [2][-]{subsection.3.4.5}{Semantic security from CCA}{section.3.4}
\BOOKMARK [2][-]{subsection.3.4.6}{Hybrid proofs}{section.3.4}
\BOOKMARK [2][-]{subsection.3.4.7}{RSA}{section.3.4}
\BOOKMARK [2][-]{subsection.3.4.8}{ElGamal}{section.3.4}
\BOOKMARK [3][-]{subsubsection.3.4.8.1}{Security from CPA if DDH hard}{subsection.3.4.8}
\BOOKMARK [3][-]{subsubsection.3.4.8.2}{Vulnerability when DDH broken}{subsection.3.4.8}
\BOOKMARK [3][-]{subsubsection.3.4.8.3}{CCA vulnerability}{subsection.3.4.8}
\BOOKMARK [2][-]{subsection.3.4.9}{CCA secure scheme from IBE scheme}{section.3.4}
\BOOKMARK [3][-]{subsubsection.3.4.9.1}{Speed}{subsection.3.4.9}
\BOOKMARK [2][-]{subsection.3.4.10}{DLA based cryptosystem}{section.3.4}
\BOOKMARK [2][-]{subsection.3.4.11}{Applications}{section.3.4}
\BOOKMARK [1][-]{section.3.5}{Key exchange}{chapter.3}
\BOOKMARK [2][-]{subsection.3.5.1}{Diffie Hellman \(DH\)}{section.3.5}
\BOOKMARK [2][-]{subsection.3.5.2}{3 party key exchange}{section.3.5}
\BOOKMARK [1][-]{section.3.6}{Access control}{chapter.3}
\BOOKMARK [2][-]{subsection.3.6.1}{Role based access control}{section.3.6}
\BOOKMARK [2][-]{subsection.3.6.2}{Sharing a secret}{section.3.6}
\BOOKMARK [1][-]{section.3.7}{Broadcast encryption}{chapter.3}
\BOOKMARK [2][-]{subsection.3.7.1}{CPA Security}{section.3.7}
\BOOKMARK [2][-]{subsection.3.7.2}{BB IBE based scheme}{section.3.7}
\BOOKMARK [2][-]{subsection.3.7.3}{Security against q-BDHE}{section.3.7}
\BOOKMARK [2][-]{subsection.3.7.4}{Piracy of broadcast system}{section.3.7}
\BOOKMARK [0][-]{chapter.4}{Match public keys with identity}{}
\BOOKMARK [1][-]{section.4.1}{Identity based encryption \(IBE\)}{chapter.4}
\BOOKMARK [2][-]{subsection.4.1.1}{Security}{section.4.1}
\BOOKMARK [3][-]{subsubsection.4.1.1.1}{Semantic security under CPA}{subsection.4.1.1}
\BOOKMARK [3][-]{subsubsection.4.1.1.2}{Security under the random oracle model}{subsection.4.1.1}
\BOOKMARK [3][-]{subsubsection.4.1.1.3}{Selective security under CPA}{subsection.4.1.1}
\BOOKMARK [3][-]{subsubsection.4.1.1.4}{Main challenges in proofs}{subsection.4.1.1}
\BOOKMARK [2][-]{subsection.4.1.2}{Applications}{section.4.1}
\BOOKMARK [2][-]{subsection.4.1.3}{Disadvantages}{section.4.1}
\BOOKMARK [2][-]{subsection.4.1.4}{Boneh Franklin \(BF\) system}{section.4.1}
\BOOKMARK [3][-]{subsubsection.4.1.4.1}{Security against CPA under Random Oracle model}{subsection.4.1.4}
\BOOKMARK [2][-]{subsection.4.1.5}{Boneh Boyen}{section.4.1}
\BOOKMARK [3][-]{subsubsection.4.1.5.1}{Selective security under CPA}{subsection.4.1.5}
\BOOKMARK [2][-]{subsection.4.1.6}{Waters cryptosystem}{section.4.1}
\BOOKMARK [2][-]{subsection.4.1.7}{Non pairing based IBE cryptosystems}{section.4.1}
\BOOKMARK [0][-]{chapter.5}{Authentication}{}
\BOOKMARK [1][-]{section.5.1}{Using assymetric key cryptography}{chapter.5}
\BOOKMARK [1][-]{section.5.2}{Using a password}{chapter.5}
\BOOKMARK [2][-]{subsection.5.2.1}{One-time passwords}{section.5.2}
\BOOKMARK [1][-]{section.5.3}{Signing public messages, and their authentication}{chapter.5}
\BOOKMARK [2][-]{subsection.5.3.1}{Existantial unforgeability under chosen message attack}{section.5.3}
\BOOKMARK [3][-]{subsubsection.5.3.1.1}{Main challenges in proofs}{subsection.5.3.1}
\BOOKMARK [3][-]{subsubsection.5.3.1.2}{Weak signature scheme}{subsection.5.3.1}
\BOOKMARK [3][-]{subsubsection.5.3.1.3}{One-time signature scheme}{subsection.5.3.1}
\BOOKMARK [3][-]{subsubsection.5.3.1.4}{Unforgability using weak and one-time signatures W, O}{subsection.5.3.1}
\BOOKMARK [2][-]{subsection.5.3.2}{Schnorr signature}{section.5.3}
\BOOKMARK [3][-]{subsubsection.5.3.2.1}{Unforgeability under random oracle assumption}{subsection.5.3.2}
\BOOKMARK [2][-]{subsection.5.3.3}{RSA signature}{section.5.3}
\BOOKMARK [3][-]{subsubsection.5.3.3.1}{Unforgeability under random oracle assumption}{subsection.5.3.3}
\BOOKMARK [2][-]{subsection.5.3.4}{Signature from GHR}{section.5.3}
\BOOKMARK [3][-]{subsubsection.5.3.4.1}{Unforgeability under weak signauture scheme}{subsection.5.3.4}
\BOOKMARK [2][-]{subsection.5.3.5}{Signature from BF IBE}{section.5.3}
\BOOKMARK [3][-]{subsubsection.5.3.5.1}{Unforgeability using random oracle}{subsection.5.3.5}
\BOOKMARK [2][-]{subsection.5.3.6}{Signature from any IBE}{section.5.3}
\BOOKMARK [2][-]{subsection.5.3.7}{Aggregate signatures}{section.5.3}
\BOOKMARK [3][-]{subsubsection.5.3.7.1}{Unforgability of aggregate signatures}{subsection.5.3.7}
\BOOKMARK [3][-]{subsubsection.5.3.7.2}{Aggregate signature using BLS}{subsection.5.3.7}
\BOOKMARK [2][-]{subsection.5.3.8}{Applications}{section.5.3}
\BOOKMARK [3][-]{subsubsection.5.3.8.1}{Certificate chains for PK's}{subsection.5.3.8}
\BOOKMARK [1][-]{section.5.4}{Proof of storage}{chapter.5}
\BOOKMARK [2][-]{subsection.5.4.1}{Based on Erasure code}{section.5.4}
\BOOKMARK [0][-]{chapter.6}{Other problems}{}
\BOOKMARK [1][-]{section.6.1}{Code obfuscation}{chapter.6}
\BOOKMARK [2][-]{subsection.6.1.1}{Point functionss}{section.6.1}
\BOOKMARK [1][-]{section.6.2}{0 knowledge proofs}{chapter.6}
\BOOKMARK [2][-]{subsection.6.2.1}{0 knowledge proofs of membership \040for NP complete languages}{section.6.2}
\BOOKMARK [1][-]{section.6.3}{Oblivious transfer OT}{chapter.6}
\BOOKMARK [0][-]{chapter.7}{Cryptographic primitives}{}
\BOOKMARK [1][-]{section.7.1}{Collision resistant hash function}{chapter.7}
\BOOKMARK [1][-]{section.7.2}{Strength of hardness assumptions}{chapter.7}
\BOOKMARK [2][-]{subsection.7.2.1}{To show weakness ..}{section.7.2}
\BOOKMARK [2][-]{subsection.7.2.2}{Hierarchy of strength}{section.7.2}
\BOOKMARK [1][-]{section.7.3}{Candidate one way functions}{chapter.7}
\BOOKMARK [1][-]{section.7.4}{One way functions based on Factoring}{chapter.7}
\BOOKMARK [2][-]{subsection.7.4.1}{Hard core predicate h for one way functions F}{section.7.4}
\BOOKMARK [1][-]{section.7.5}{Group theoretic functions}{chapter.7}
\BOOKMARK [2][-]{subsection.7.5.1}{Number theoretic groups}{section.7.5}
\BOOKMARK [2][-]{subsection.7.5.2}{Elliptic curve groups}{section.7.5}
\BOOKMARK [2][-]{subsection.7.5.3}{Discrete logarithm \(DL\)}{section.7.5}
\BOOKMARK [2][-]{subsection.7.5.4}{Computational Diffie Hellman \(CDH\)}{section.7.5}
\BOOKMARK [2][-]{subsection.7.5.5}{Decisional Diffie Hellman}{section.7.5}
\BOOKMARK [2][-]{subsection.7.5.6}{Decisional linear assumption \(DLA\)}{section.7.5}
\BOOKMARK [1][-]{section.7.6}{Group with efficiently computable bilinear map e}{chapter.7}
\BOOKMARK [2][-]{subsection.7.6.1}{Bilinear DDH \(BDDH\)}{section.7.6}
\BOOKMARK [2][-]{subsection.7.6.2}{q-BDHE}{section.7.6}
\BOOKMARK [1][-]{section.7.7}{Information theoretic one way functions}{chapter.7}
\BOOKMARK [1][-]{section.7.8}{Assumptions from learning theory}{chapter.7}
\BOOKMARK [1][-]{section.7.9}{Lattice based cryptography}{chapter.7}
\BOOKMARK [1][-]{section.7.10}{Trapdoor one way function}{chapter.7}
\BOOKMARK [2][-]{subsection.7.10.1}{RSA hardness assumption}{section.7.10}
\BOOKMARK [3][-]{subsubsection.7.10.1.1}{Discrete cube root}{subsection.7.10.1}
\BOOKMARK [3][-]{subsubsection.7.10.1.2}{Circuits to compute RSA fn: Iterated products problem}{subsection.7.10.1}
\BOOKMARK [3][-]{subsubsection.7.10.1.3}{Strong/ Flexible RSA assumption}{subsection.7.10.1}
\BOOKMARK [0][-]{section*.2}{Bibliography}{}
