\BOOKMARK [0][-]{chapter.1}{Themes}{}% 1
\BOOKMARK [-1][-]{part.1}{Macroeconomics}{}% 2
\BOOKMARK [0][-]{chapter.2}{Goods and services}{part.1}% 3
\BOOKMARK [1][-]{section.2.1}{Public goods}{chapter.2}% 4
\BOOKMARK [2][-]{subsection.2.1.1}{Traits}{section.2.1}% 5
\BOOKMARK [3][-]{subsubsection.2.1.1.1}{Non-exclusion}{subsection.2.1.1}% 6
\BOOKMARK [3][-]{subsubsection.2.1.1.2}{Non-rivalry}{subsection.2.1.1}% 7
\BOOKMARK [2][-]{subsection.2.1.2}{Examples}{section.2.1}% 8
\BOOKMARK [2][-]{subsection.2.1.3}{Funding}{section.2.1}% 9
\BOOKMARK [3][-]{subsubsection.2.1.3.1}{Private sponsorship}{subsection.2.1.3}% 10
\BOOKMARK [2][-]{subsection.2.1.4}{Media}{section.2.1}% 11
\BOOKMARK [3][-]{subsubsection.2.1.4.1}{Videos}{subsection.2.1.4}% 12
\BOOKMARK [3][-]{subsubsection.2.1.4.2}{Books}{subsection.2.1.4}% 13
\BOOKMARK [1][-]{section.2.2}{Private}{chapter.2}% 14
\BOOKMARK [2][-]{subsection.2.2.1}{Access vs ownership}{section.2.2}% 15
\BOOKMARK [2][-]{subsection.2.2.2}{Price and rationing}{section.2.2}% 16
\BOOKMARK [3][-]{subsubsection.2.2.2.1}{Rationing}{subsection.2.2.2}% 17
\BOOKMARK [3][-]{subsubsection.2.2.2.2}{Price rationing}{subsection.2.2.2}% 18
\BOOKMARK [3][-]{subsubsection.2.2.2.3}{Non-price rationing}{subsection.2.2.2}% 19
\BOOKMARK [2][-]{subsection.2.2.3}{Swaps/ barter}{section.2.2}% 20
\BOOKMARK [0][-]{chapter.3}{Money}{part.1}% 21
\BOOKMARK [1][-]{section.3.1}{Money and value}{chapter.3}% 22
\BOOKMARK [2][-]{subsection.3.1.1}{Value of money, goods}{section.3.1}% 23
\BOOKMARK [2][-]{subsection.3.1.2}{Currency}{section.3.1}% 24
\BOOKMARK [1][-]{section.3.2}{Creation/ destruction}{chapter.3}% 25
\BOOKMARK [2][-]{subsection.3.2.1}{Interest rates}{section.3.2}% 26
\BOOKMARK [2][-]{subsection.3.2.2}{Economic behavior altered}{section.3.2}% 27
\BOOKMARK [1][-]{section.3.3}{Counterfeiting}{chapter.3}% 28
\BOOKMARK [1][-]{section.3.4}{Currency History}{chapter.3}% 29
\BOOKMARK [2][-]{subsection.3.4.1}{Gold standard}{section.3.4}% 30
\BOOKMARK [0][-]{chapter.4}{Economic growth}{part.1}% 31
\BOOKMARK [1][-]{section.4.1}{Economic value indicators}{chapter.4}% 32
\BOOKMARK [2][-]{subsection.4.1.1}{Gross domestic product}{section.4.1}% 33
\BOOKMARK [3][-]{subsubsection.4.1.1.1}{As a summary}{subsection.4.1.1}% 34
\BOOKMARK [3][-]{subsubsection.4.1.1.2}{Comparison with GPA}{subsection.4.1.1}% 35
\BOOKMARK [3][-]{subsubsection.4.1.1.3}{Avoiding overcounting}{subsection.4.1.1}% 36
\BOOKMARK [3][-]{subsubsection.4.1.1.4}{Environmental costs}{subsection.4.1.1}% 37
\BOOKMARK [1][-]{section.4.2}{Booms and busts}{chapter.4}% 38
\BOOKMARK [2][-]{subsection.4.2.1}{Boom}{section.4.2}% 39
\BOOKMARK [2][-]{subsection.4.2.2}{Bust}{section.4.2}% 40
\BOOKMARK [3][-]{subsubsection.4.2.2.1}{Market causes and reactions}{subsection.4.2.2}% 41
\BOOKMARK [3][-]{subsubsection.4.2.2.2}{Reaction of banks}{subsection.4.2.2}% 42
\BOOKMARK [3][-]{subsubsection.4.2.2.3}{Business response}{subsection.4.2.2}% 43
\BOOKMARK [3][-]{subsubsection.4.2.2.4}{Consumer behavior}{subsection.4.2.2}% 44
\BOOKMARK [3][-]{subsubsection.4.2.2.5}{Impact on prices}{subsection.4.2.2}% 45
\BOOKMARK [3][-]{subsubsection.4.2.2.6}{Recovery}{subsection.4.2.2}% 46
\BOOKMARK [3][-]{subsubsection.4.2.2.7}{International Contagion}{subsection.4.2.2}% 47
\BOOKMARK [1][-]{section.4.3}{Investment}{chapter.4}% 48
\BOOKMARK [2][-]{subsection.4.3.1}{Consumer demand and public debt}{section.4.3}% 49
\BOOKMARK [2][-]{subsection.4.3.2}{High public debt}{section.4.3}% 50
\BOOKMARK [2][-]{subsection.4.3.3}{Global savings}{section.4.3}% 51
\BOOKMARK [1][-]{section.4.4}{Disadvantages}{chapter.4}% 52
\BOOKMARK [2][-]{subsection.4.4.1}{Social costs}{section.4.4}% 53
\BOOKMARK [2][-]{subsection.4.4.2}{Inflation}{section.4.4}% 54
\BOOKMARK [3][-]{subsubsection.4.4.2.1}{Growth imbalance}{subsection.4.4.2}% 55
\BOOKMARK [1][-]{section.4.5}{Effect of local disasters}{chapter.4}% 56
\BOOKMARK [1][-]{section.4.6}{Financial crises}{chapter.4}% 57
\BOOKMARK [2][-]{subsection.4.6.1}{1929: great depression}{section.4.6}% 58
\BOOKMARK [3][-]{subsubsection.4.6.1.1}{Importance}{subsection.4.6.1}% 59
\BOOKMARK [3][-]{subsubsection.4.6.1.2}{Boom + bubbles}{subsection.4.6.1}% 60
\BOOKMARK [3][-]{subsubsection.4.6.1.3}{Bust, credit crisis}{subsection.4.6.1}% 61
\BOOKMARK [3][-]{subsubsection.4.6.1.4}{Deflationary cycle}{subsection.4.6.1}% 62
\BOOKMARK [3][-]{subsubsection.4.6.1.5}{Hoarding savings}{subsection.4.6.1}% 63
\BOOKMARK [3][-]{subsubsection.4.6.1.6}{Wrong fixes}{subsection.4.6.1}% 64
\BOOKMARK [3][-]{subsubsection.4.6.1.7}{Ditching gold standard}{subsection.4.6.1}% 65
\BOOKMARK [3][-]{subsubsection.4.6.1.8}{New deal 1}{subsection.4.6.1}% 66
\BOOKMARK [2][-]{subsection.4.6.2}{2008: sub-prime mortgages}{section.4.6}% 67
\BOOKMARK [3][-]{subsubsection.4.6.2.1}{Bad credit}{subsection.4.6.2}% 68
\BOOKMARK [3][-]{subsubsection.4.6.2.2}{Credit default swaps}{subsection.4.6.2}% 69
\BOOKMARK [3][-]{subsubsection.4.6.2.3}{Consequences}{subsection.4.6.2}% 70
\BOOKMARK [3][-]{subsubsection.4.6.2.4}{Mitigation}{subsection.4.6.2}% 71
\BOOKMARK [3][-]{subsubsection.4.6.2.5}{Devaluation}{subsection.4.6.2}% 72
\BOOKMARK [0][-]{chapter.5}{Government}{part.1}% 73
\BOOKMARK [1][-]{section.5.1}{Services}{chapter.5}% 74
\BOOKMARK [1][-]{section.5.2}{Design}{chapter.5}% 75
\BOOKMARK [2][-]{subsection.5.2.1}{Branches}{section.5.2}% 76
\BOOKMARK [2][-]{subsection.5.2.2}{Importance}{section.5.2}% 77
\BOOKMARK [2][-]{subsection.5.2.3}{Legislature}{section.5.2}% 78
\BOOKMARK [3][-]{subsubsection.5.2.3.1}{Lobbying}{subsection.5.2.3}% 79
\BOOKMARK [1][-]{section.5.3}{Formation}{chapter.5}% 80
\BOOKMARK [2][-]{subsection.5.3.1}{Monarchy}{section.5.3}% 81
\BOOKMARK [2][-]{subsection.5.3.2}{Democracy}{section.5.3}% 82
\BOOKMARK [1][-]{section.5.4}{Income}{chapter.5}% 83
\BOOKMARK [2][-]{subsection.5.4.1}{Taxation}{section.5.4}% 84
\BOOKMARK [3][-]{subsubsection.5.4.1.1}{Taxation rate and service level}{subsection.5.4.1}% 85
\BOOKMARK [3][-]{subsubsection.5.4.1.2}{Capital gains}{subsection.5.4.1}% 86
\BOOKMARK [2][-]{subsection.5.4.2}{Tax rate discrimination}{section.5.4}% 87
\BOOKMARK [3][-]{subsubsection.5.4.2.1}{Based on residence}{subsection.5.4.2}% 88
\BOOKMARK [3][-]{subsubsection.5.4.2.2}{Progressive taxation}{subsection.5.4.2}% 89
\BOOKMARK [2][-]{subsection.5.4.3}{Sales tax rate discrimination}{section.5.4}% 90
\BOOKMARK [2][-]{subsection.5.4.4}{Tax code ideals}{section.5.4}% 91
\BOOKMARK [3][-]{subsubsection.5.4.4.1}{Simplicity and loopholes}{subsection.5.4.4}% 92
\BOOKMARK [3][-]{subsubsection.5.4.4.2}{Focus on consumption and pollution}{subsection.5.4.4}% 93
\BOOKMARK [2][-]{subsection.5.4.5}{Natural resources}{section.5.4}% 94
\BOOKMARK [3][-]{subsubsection.5.4.5.1}{Renter economies}{subsection.5.4.5}% 95
\BOOKMARK [2][-]{subsection.5.4.6}{Import tariff}{section.5.4}% 96
\BOOKMARK [3][-]{subsubsection.5.4.6.1}{Design factors}{subsection.5.4.6}% 97
\BOOKMARK [3][-]{subsubsection.5.4.6.2}{Enforcement}{subsection.5.4.6}% 98
\BOOKMARK [1][-]{section.5.5}{Budget deficits}{chapter.5}% 99
\BOOKMARK [2][-]{subsection.5.5.1}{Quantification}{section.5.5}% 100
\BOOKMARK [2][-]{subsection.5.5.2}{Expectations without willingness to spend}{section.5.5}% 101
\BOOKMARK [2][-]{subsection.5.5.3}{Long term solution}{section.5.5}% 102
\BOOKMARK [3][-]{subsubsection.5.5.3.1}{Increase burden on the rich}{subsection.5.5.3}% 103
\BOOKMARK [2][-]{subsection.5.5.4}{Short term solution}{section.5.5}% 104
\BOOKMARK [3][-]{subsubsection.5.5.4.1}{Sovereign debt}{subsection.5.5.4}% 105
\BOOKMARK [2][-]{subsection.5.5.5}{Defaults}{section.5.5}% 106
\BOOKMARK [3][-]{subsubsection.5.5.5.1}{Default Consequences}{subsection.5.5.5}% 107
\BOOKMARK [3][-]{subsubsection.5.5.5.2}{Rescue}{subsection.5.5.5}% 108
\BOOKMARK [1][-]{section.5.6}{Corruption, inefficiency}{chapter.5}% 109
\BOOKMARK [2][-]{subsection.5.6.1}{Bad expectations}{section.5.6}% 110
\BOOKMARK [1][-]{section.5.7}{Law enforcement}{chapter.5}% 111
\BOOKMARK [1][-]{section.5.8}{Health care}{chapter.5}% 112
\BOOKMARK [2][-]{subsection.5.8.1}{Universal health care}{section.5.8}% 113
\BOOKMARK [3][-]{subsubsection.5.8.1.1}{Quality}{subsection.5.8.1}% 114
\BOOKMARK [3][-]{subsubsection.5.8.1.2}{Delays, overuse}{subsection.5.8.1}% 115
\BOOKMARK [2][-]{subsection.5.8.2}{Insurance based care}{section.5.8}% 116
\BOOKMARK [3][-]{subsubsection.5.8.2.1}{Systemic Inefficiency}{subsection.5.8.2}% 117
\BOOKMARK [3][-]{subsubsection.5.8.2.2}{USA}{subsection.5.8.2}% 118
\BOOKMARK [1][-]{section.5.9}{Education}{chapter.5}% 119
\BOOKMARK [2][-]{subsection.5.9.1}{Schools}{section.5.9}% 120
\BOOKMARK [2][-]{subsection.5.9.2}{Tuition}{section.5.9}% 121
\BOOKMARK [2][-]{subsection.5.9.3}{Higher education}{section.5.9}% 122
\BOOKMARK [1][-]{section.5.10}{Business attraction}{chapter.5}% 123
\BOOKMARK [2][-]{subsection.5.10.1}{Luring away businesses}{section.5.10}% 124
\BOOKMARK [2][-]{subsection.5.10.2}{Entrepreneurship}{section.5.10}% 125
\BOOKMARK [3][-]{subsubsection.5.10.2.1}{Effect of taxes}{subsection.5.10.2}% 126
\BOOKMARK [0][-]{chapter.6}{Business regulation}{part.1}% 127
\BOOKMARK [1][-]{section.6.1}{Competition promotion}{chapter.6}% 128
\BOOKMARK [2][-]{subsection.6.1.1}{Illegal activities}{section.6.1}% 129
\BOOKMARK [3][-]{subsubsection.6.1.1.1}{Disadvantaging competition}{subsection.6.1.1}% 130
\BOOKMARK [3][-]{subsubsection.6.1.1.2}{Cartel formation}{subsection.6.1.1}% 131
\BOOKMARK [3][-]{subsubsection.6.1.1.3}{Interoperability prevention}{subsection.6.1.1}% 132
\BOOKMARK [3][-]{subsubsection.6.1.1.4}{Mergers/ acquisition for monopoly}{subsection.6.1.1}% 133
\BOOKMARK [2][-]{subsection.6.1.2}{Regulation}{section.6.1}% 134
\BOOKMARK [1][-]{section.6.2}{Foreign political regulation}{chapter.6}% 135
\BOOKMARK [2][-]{subsection.6.2.1}{Boycotts}{section.6.2}% 136
\BOOKMARK [3][-]{subsubsection.6.2.1.1}{Economic embargos}{subsection.6.2.1}% 137
\BOOKMARK [3][-]{subsubsection.6.2.1.2}{Travel restrictions}{subsection.6.2.1}% 138
\BOOKMARK [1][-]{section.6.3}{Credit rating of individuals}{chapter.6}% 139
\BOOKMARK [2][-]{subsection.6.3.1}{Growth}{section.6.3}% 140
\BOOKMARK [0][-]{chapter.7}{Negotiable instruments trading}{part.1}% 141
\BOOKMARK [1][-]{section.7.1}{Negotiable instruments}{chapter.7}% 142
\BOOKMARK [2][-]{subsection.7.1.1}{Creating securities}{section.7.1}% 143
\BOOKMARK [3][-]{subsubsection.7.1.1.1}{Underwriting}{subsection.7.1.1}% 144
\BOOKMARK [3][-]{subsubsection.7.1.1.2}{Fiduciary duty}{subsection.7.1.1}% 145
\BOOKMARK [2][-]{subsection.7.1.2}{Bonds}{section.7.1}% 146
\BOOKMARK [3][-]{subsubsection.7.1.2.1}{Mortgage backed securities}{subsection.7.1.2}% 147
\BOOKMARK [3][-]{subsubsection.7.1.2.2}{Insurance/ betting against}{subsection.7.1.2}% 148
\BOOKMARK [1][-]{section.7.2}{Value, valuers}{chapter.7}% 149
\BOOKMARK [2][-]{subsection.7.2.1}{Beliefs and market positions}{section.7.2}% 150
\BOOKMARK [2][-]{subsection.7.2.2}{Jitters}{section.7.2}% 151
\BOOKMARK [3][-]{subsubsection.7.2.2.1}{Human instincts and biases}{subsection.7.2.2}% 152
\BOOKMARK [2][-]{subsection.7.2.3}{Comparative measures}{section.7.2}% 153
\BOOKMARK [3][-]{subsubsection.7.2.3.1}{P/E ratio}{subsection.7.2.3}% 154
\BOOKMARK [3][-]{subsubsection.7.2.3.2}{Price / book value \(P/B\) ratio}{subsection.7.2.3}% 155
\BOOKMARK [3][-]{subsubsection.7.2.3.3}{Risks}{subsection.7.2.3}% 156
\BOOKMARK [1][-]{section.7.3}{Trading infrastructure}{chapter.7}% 157
\BOOKMARK [2][-]{subsection.7.3.1}{Securities Exchanges}{section.7.3}% 158
\BOOKMARK [2][-]{subsection.7.3.2}{Brokerage}{section.7.3}% 159
\BOOKMARK [3][-]{subsubsection.7.3.2.1}{Regulation}{subsection.7.3.2}% 160
\BOOKMARK [3][-]{subsubsection.7.3.2.2}{Using leverage}{subsection.7.3.2}% 161
\BOOKMARK [3][-]{subsubsection.7.3.2.3}{Quality}{subsection.7.3.2}% 162
\BOOKMARK [2][-]{subsection.7.3.3}{Insider trading}{section.7.3}% 163
\BOOKMARK [1][-]{section.7.4}{Buying and selling}{chapter.7}% 164
\BOOKMARK [2][-]{subsection.7.4.1}{Market price order}{section.7.4}% 165
\BOOKMARK [3][-]{subsubsection.7.4.1.1}{Market price trigger}{subsection.7.4.1}% 166
\BOOKMARK [3][-]{subsubsection.7.4.1.2}{Market opening/ closing trigger}{subsection.7.4.1}% 167
\BOOKMARK [2][-]{subsection.7.4.2}{Price Limit order}{section.7.4}% 168
\BOOKMARK [3][-]{subsubsection.7.4.2.1}{Market price trigger}{subsection.7.4.2}% 169
\BOOKMARK [2][-]{subsection.7.4.3}{Order size and price}{section.7.4}% 170
\BOOKMARK [1][-]{section.7.5}{Multi-step Trading strategies}{chapter.7}% 171
\BOOKMARK [2][-]{subsection.7.5.1}{Duration}{section.7.5}% 172
\BOOKMARK [2][-]{subsection.7.5.2}{Buy, sell}{section.7.5}% 173
\BOOKMARK [2][-]{subsection.7.5.3}{Borrow, sell, buy, return}{section.7.5}% 174
\BOOKMARK [2][-]{subsection.7.5.4}{Sector ETF + company trading.}{section.7.5}% 175
\BOOKMARK [1][-]{section.7.6}{Future trading contract}{chapter.7}% 176
\BOOKMARK [2][-]{subsection.7.6.1}{Anticipated trade}{section.7.6}% 177
\BOOKMARK [3][-]{subsubsection.7.6.1.1}{Motivation}{subsection.7.6.1}% 178
\BOOKMARK [3][-]{subsubsection.7.6.1.2}{Effect on evaluation}{subsection.7.6.1}% 179
\BOOKMARK [1][-]{section.7.7}{Buy/sell options}{chapter.7}% 180
\BOOKMARK [2][-]{subsection.7.7.1}{Definition}{section.7.7}% 181
\BOOKMARK [3][-]{subsubsection.7.7.1.1}{Premium}{subsection.7.7.1}% 182
\BOOKMARK [3][-]{subsubsection.7.7.1.2}{Expiration day}{subsection.7.7.1}% 183
\BOOKMARK [2][-]{subsection.7.7.2}{Notation}{section.7.7}% 184
\BOOKMARK [2][-]{subsection.7.7.3}{Options exchange}{section.7.7}% 185
\BOOKMARK [2][-]{subsection.7.7.4}{Exercising options}{section.7.7}% 186
\BOOKMARK [3][-]{subsubsection.7.7.4.1}{Effective time}{subsection.7.7.4}% 187
\BOOKMARK [3][-]{subsubsection.7.7.4.2}{Settlement type}{subsection.7.7.4}% 188
\BOOKMARK [3][-]{subsubsection.7.7.4.3}{Clearing, assignment}{subsection.7.7.4}% 189
\BOOKMARK [3][-]{subsubsection.7.7.4.4}{Frequency}{subsection.7.7.4}% 190
\BOOKMARK [2][-]{subsection.7.7.5}{Motivation}{section.7.7}% 191
\BOOKMARK [2][-]{subsection.7.7.6}{Basic trades}{section.7.7}% 192
\BOOKMARK [3][-]{subsubsection.7.7.6.1}{Risk and return}{subsection.7.7.6}% 193
\BOOKMARK [3][-]{subsubsection.7.7.6.2}{Covered options}{subsection.7.7.6}% 194
\BOOKMARK [2][-]{subsection.7.7.7}{Vertical Spreads}{section.7.7}% 195
\BOOKMARK [3][-]{subsubsection.7.7.7.1}{Definition}{subsection.7.7.7}% 196
\BOOKMARK [3][-]{subsubsection.7.7.7.2}{Exercising strategy}{subsection.7.7.7}% 197
\BOOKMARK [3][-]{subsubsection.7.7.7.3}{Plots: inference}{subsection.7.7.7}% 198
\BOOKMARK [3][-]{subsubsection.7.7.7.4}{Risk and return}{subsection.7.7.7}% 199
\BOOKMARK [3][-]{subsubsection.7.7.7.5}{Types}{subsection.7.7.7}% 200
\BOOKMARK [2][-]{subsection.7.7.8}{Straddles}{section.7.7}% 201
\BOOKMARK [3][-]{subsubsection.7.7.8.1}{Risk and returns}{subsection.7.7.8}% 202
\BOOKMARK [0][-]{chapter.8}{Commodities}{part.1}% 203
\BOOKMARK [1][-]{section.8.1}{Price trends}{chapter.8}% 204
\BOOKMARK [2][-]{subsection.8.1.1}{Long term investment suitability}{section.8.1}% 205
\BOOKMARK [1][-]{section.8.2}{Oil}{chapter.8}% 206
\BOOKMARK [1][-]{section.8.3}{Precious metals}{chapter.8}% 207
\BOOKMARK [1][-]{section.8.4}{Rare earth elements}{chapter.8}% 208
\BOOKMARK [0][-]{chapter.9}{Critical goods}{part.1}% 209
\BOOKMARK [1][-]{section.9.1}{Foreign currency}{chapter.9}% 210
\BOOKMARK [2][-]{subsection.9.1.1}{Shortage}{section.9.1}% 211
\BOOKMARK [3][-]{subsubsection.9.1.1.1}{Cause}{subsection.9.1.1}% 212
\BOOKMARK [3][-]{subsubsection.9.1.1.2}{Consequences}{subsection.9.1.1}% 213
\BOOKMARK [2][-]{subsection.9.1.2}{Response}{section.9.1}% 214
\BOOKMARK [3][-]{subsubsection.9.1.2.1}{Immediate loan}{subsection.9.1.2}% 215
\BOOKMARK [3][-]{subsubsection.9.1.2.2}{Long-term solution}{subsection.9.1.2}% 216
\BOOKMARK [-1][-]{part.2}{Behavior of economic agents}{}% 217
\BOOKMARK [0][-]{chapter.10}{Organizations}{part.2}% 218
\BOOKMARK [1][-]{section.10.1}{Mission}{chapter.10}% 219
\BOOKMARK [0][-]{chapter.11}{Businesses: general mechanism}{part.2}% 220
\BOOKMARK [1][-]{section.11.1}{Ownership}{chapter.11}% 221
\BOOKMARK [2][-]{subsection.11.1.1}{Shares/ Equity}{section.11.1}% 222
\BOOKMARK [3][-]{subsubsection.11.1.1.1}{Public offerings}{subsection.11.1.1}% 223
\BOOKMARK [3][-]{subsubsection.11.1.1.2}{Dividing profit}{subsection.11.1.1}% 224
\BOOKMARK [3][-]{subsubsection.11.1.1.3}{Market capitalization}{subsection.11.1.1}% 225
\BOOKMARK [3][-]{subsubsection.11.1.1.4}{Privileges}{subsection.11.1.1}% 226
\BOOKMARK [2][-]{subsection.11.1.2}{Succession}{section.11.1}% 227
\BOOKMARK [3][-]{subsubsection.11.1.2.1}{Professional management}{subsection.11.1.2}% 228
\BOOKMARK [3][-]{subsubsection.11.1.2.2}{Nepotism}{subsection.11.1.2}% 229
\BOOKMARK [1][-]{section.11.2}{Starting and funding business}{chapter.11}% 230
\BOOKMARK [2][-]{subsection.11.2.1}{Funding business}{section.11.2}% 231
\BOOKMARK [3][-]{subsubsection.11.2.1.1}{Prototyping}{subsection.11.2.1}% 232
\BOOKMARK [3][-]{subsubsection.11.2.1.2}{Launch}{subsection.11.2.1}% 233
\BOOKMARK [3][-]{subsubsection.11.2.1.3}{Expansion}{subsection.11.2.1}% 234
\BOOKMARK [3][-]{subsubsection.11.2.1.4}{Long-term Borrowing}{subsection.11.2.1}% 235
\BOOKMARK [3][-]{subsubsection.11.2.1.5}{Short-term borrowing}{subsection.11.2.1}% 236
\BOOKMARK [3][-]{subsubsection.11.2.1.6}{Leverage}{subsection.11.2.1}% 237
\BOOKMARK [1][-]{section.11.3}{Bankruptcy}{chapter.11}% 238
\BOOKMARK [2][-]{subsection.11.3.1}{Rescue}{section.11.3}% 239
\BOOKMARK [3][-]{subsubsection.11.3.1.1}{Motivation}{subsection.11.3.1}% 240
\BOOKMARK [3][-]{subsubsection.11.3.1.2}{Overpaying for bad assets}{subsection.11.3.1}% 241
\BOOKMARK [3][-]{subsubsection.11.3.1.3}{Stock injection}{subsection.11.3.1}% 242
\BOOKMARK [3][-]{subsubsection.11.3.1.4}{Disadvantages}{subsection.11.3.1}% 243
\BOOKMARK [0][-]{chapter.12}{Labor}{part.2}% 244
\BOOKMARK [1][-]{section.12.1}{Hiring in businesses}{chapter.12}% 245
\BOOKMARK [2][-]{subsection.12.1.1}{Selectivity}{section.12.1}% 246
\BOOKMARK [2][-]{subsection.12.1.2}{Process}{section.12.1}% 247
\BOOKMARK [3][-]{subsubsection.12.1.2.1}{Screening rounds}{subsection.12.1.2}% 248
\BOOKMARK [3][-]{subsubsection.12.1.2.2}{Technical interviews}{subsection.12.1.2}% 249
\BOOKMARK [3][-]{subsubsection.12.1.2.3}{Big-boss interview}{subsection.12.1.2}% 250
\BOOKMARK [2][-]{subsection.12.1.3}{Candidate's strategy}{section.12.1}% 251
\BOOKMARK [3][-]{subsubsection.12.1.3.1}{Attitude}{subsection.12.1.3}% 252
\BOOKMARK [3][-]{subsubsection.12.1.3.2}{Answers and limits}{subsection.12.1.3}% 253
\BOOKMARK [3][-]{subsubsection.12.1.3.3}{Judging potential employers}{subsection.12.1.3}% 254
\BOOKMARK [3][-]{subsubsection.12.1.3.4}{Salary negotiation}{subsection.12.1.3}% 255
\BOOKMARK [1][-]{section.12.2}{Motivation}{chapter.12}% 256
\BOOKMARK [1][-]{section.12.3}{Variation parameters}{chapter.12}% 257
\BOOKMARK [2][-]{subsection.12.3.1}{Employment term}{section.12.3}% 258
\BOOKMARK [2][-]{subsection.12.3.2}{Mobility}{section.12.3}% 259
\BOOKMARK [2][-]{subsection.12.3.3}{Working conditions}{section.12.3}% 260
\BOOKMARK [2][-]{subsection.12.3.4}{Remuneration}{section.12.3}% 261
\BOOKMARK [1][-]{section.12.4}{Labor unions}{chapter.12}% 262
\BOOKMARK [2][-]{subsection.12.4.1}{Breakdown of negotiations}{section.12.4}% 263
\BOOKMARK [2][-]{subsection.12.4.2}{Administration, financing, membership}{section.12.4}% 264
\BOOKMARK [0][-]{chapter.13}{Intermediary trading}{part.2}% 265
\BOOKMARK [1][-]{section.13.1}{Role in markets}{chapter.13}% 266
\BOOKMARK [2][-]{subsection.13.1.1}{Liquidity, cost}{section.13.1}% 267
\BOOKMARK [1][-]{section.13.2}{Quote}{chapter.13}% 268
\BOOKMARK [1][-]{section.13.3}{Charts}{chapter.13}% 269
\BOOKMARK [2][-]{subsection.13.3.1}{Price vs time}{section.13.3}% 270
\BOOKMARK [3][-]{subsubsection.13.3.1.1}{Stock price: piecewise line}{subsection.13.3.1}% 271
\BOOKMARK [3][-]{subsubsection.13.3.1.2}{Stock price: candlesticks}{subsection.13.3.1}% 272
\BOOKMARK [3][-]{subsubsection.13.3.1.3}{Trend lines}{subsection.13.3.1}% 273
\BOOKMARK [3][-]{subsubsection.13.3.1.4}{Moving averages}{subsection.13.3.1}% 274
\BOOKMARK [3][-]{subsubsection.13.3.1.5}{Futures price}{subsection.13.3.1}% 275
\BOOKMARK [2][-]{subsection.13.3.2}{Running strength index \(RSI\)}{section.13.3}% 276
\BOOKMARK [3][-]{subsubsection.13.3.2.1}{Moving average convergance/ divergence\(MACD\)}{subsection.13.3.2}% 277
\BOOKMARK [2][-]{subsection.13.3.3}{Volume histogram}{section.13.3}% 278
\BOOKMARK [1][-]{section.13.4}{Patterns}{chapter.13}% 279
\BOOKMARK [2][-]{subsection.13.4.1}{Reliability}{section.13.4}% 280
\BOOKMARK [2][-]{subsection.13.4.2}{Types}{section.13.4}% 281
\BOOKMARK [2][-]{subsection.13.4.3}{Ticks}{section.13.4}% 282
\BOOKMARK [2][-]{subsection.13.4.4}{Triangle}{section.13.4}% 283
\BOOKMARK [3][-]{subsubsection.13.4.4.1}{Ascending}{subsection.13.4.4}% 284
\BOOKMARK [3][-]{subsubsection.13.4.4.2}{Descending}{subsection.13.4.4}% 285
\BOOKMARK [3][-]{subsubsection.13.4.4.3}{Symmetric}{subsection.13.4.4}% 286
\BOOKMARK [3][-]{subsubsection.13.4.4.4}{Wedge}{subsection.13.4.4}% 287
\BOOKMARK [2][-]{subsection.13.4.5}{Head and shoulders}{section.13.4}% 288
\BOOKMARK [1][-]{section.13.5}{Equity trading}{chapter.13}% 289
\BOOKMARK [2][-]{subsection.13.5.1}{Insurance against loss}{section.13.5}% 290
\BOOKMARK [1][-]{section.13.6}{Options trading}{chapter.13}% 291
\BOOKMARK [2][-]{subsection.13.6.1}{Strike price from chart}{section.13.6}% 292
\BOOKMARK [0][-]{chapter.14}{Consumption}{part.2}% 293
\BOOKMARK [1][-]{section.14.1}{Conspicuous consumption}{chapter.14}% 294
\BOOKMARK [2][-]{subsection.14.1.1}{Green consumption}{section.14.1}% 295
\BOOKMARK [0][-]{chapter.15}{Investing}{part.2}% 296
\BOOKMARK [1][-]{section.15.1}{Core idea}{chapter.15}% 297
\BOOKMARK [1][-]{section.15.2}{Future Discount factor}{chapter.15}% 298
\BOOKMARK [2][-]{subsection.15.2.1}{Among individuals}{section.15.2}% 299
\BOOKMARK [2][-]{subsection.15.2.2}{Organizations}{section.15.2}% 300
\BOOKMARK [1][-]{section.15.3}{Profit/ risk potential}{chapter.15}% 301
\BOOKMARK [2][-]{subsection.15.3.1}{Dividend yield vs growth}{section.15.3}% 302
\BOOKMARK [3][-]{subsubsection.15.3.1.1}{Total returns}{subsection.15.3.1}% 303
\BOOKMARK [2][-]{subsection.15.3.2}{Risk and return-advantage types}{section.15.3}% 304
\BOOKMARK [3][-]{subsubsection.15.3.2.1}{Credit default risk}{subsection.15.3.2}% 305
\BOOKMARK [3][-]{subsubsection.15.3.2.2}{Interest rate increase risk}{subsection.15.3.2}% 306
\BOOKMARK [3][-]{subsubsection.15.3.2.3}{Concentration risk}{subsection.15.3.2}% 307
\BOOKMARK [3][-]{subsubsection.15.3.2.4}{Small business risk}{subsection.15.3.2}% 308
\BOOKMARK [3][-]{subsubsection.15.3.2.5}{Foreign currency risk}{subsection.15.3.2}% 309
\BOOKMARK [3][-]{subsubsection.15.3.2.6}{Emerging markets risk}{subsection.15.3.2}% 310
\BOOKMARK [3][-]{subsubsection.15.3.2.7}{Geographical risk}{subsection.15.3.2}% 311
\BOOKMARK [3][-]{subsubsection.15.3.2.8}{Leverage risk}{subsection.15.3.2}% 312
\BOOKMARK [2][-]{subsection.15.3.3}{Risk measures}{section.15.3}% 313
\BOOKMARK [3][-]{subsubsection.15.3.3.1}{Correlation}{subsection.15.3.3}% 314
\BOOKMARK [3][-]{subsubsection.15.3.3.2}{Curve based}{subsection.15.3.3}% 315
\BOOKMARK [3][-]{subsubsection.15.3.3.3}{Volatility}{subsection.15.3.3}% 316
\BOOKMARK [2][-]{subsection.15.3.4}{Security analysis}{section.15.3}% 317
\BOOKMARK [3][-]{subsubsection.15.3.4.1}{Mutual fund Ratings}{subsection.15.3.4}% 318
\BOOKMARK [1][-]{section.15.4}{Portfolio design}{chapter.15}% 319
\BOOKMARK [2][-]{subsection.15.4.1}{Investment horizon}{section.15.4}% 320
\BOOKMARK [3][-]{subsubsection.15.4.1.1}{Connection to risk}{subsection.15.4.1}% 321
\BOOKMARK [3][-]{subsubsection.15.4.1.2}{Long term investing}{subsection.15.4.1}% 322
\BOOKMARK [2][-]{subsection.15.4.2}{Betting on broad swathes of the economy}{section.15.4}% 323
\BOOKMARK [2][-]{subsection.15.4.3}{Value investing}{section.15.4}% 324
\BOOKMARK [3][-]{subsubsection.15.4.3.1}{Identifying value securities}{subsection.15.4.3}% 325
\BOOKMARK [3][-]{subsubsection.15.4.3.2}{Focus on differentiation}{subsection.15.4.3}% 326
\BOOKMARK [2][-]{subsection.15.4.4}{Tuning portfolio based on situations}{section.15.4}% 327
\BOOKMARK [3][-]{subsubsection.15.4.4.1}{Credit crisis}{subsection.15.4.4}% 328
\BOOKMARK [3][-]{subsubsection.15.4.4.2}{Raw material price increase}{subsection.15.4.4}% 329
\BOOKMARK [3][-]{subsubsection.15.4.4.3}{Common under-performance}{subsection.15.4.4}% 330
\BOOKMARK [1][-]{section.15.5}{Common avenues}{chapter.15}% 331
\BOOKMARK [2][-]{subsection.15.5.1}{Broad investment in chosen sectors}{section.15.5}% 332
\BOOKMARK [3][-]{subsubsection.15.5.1.1}{Picking a sector}{subsection.15.5.1}% 333
\BOOKMARK [3][-]{subsubsection.15.5.1.2}{ETF investing}{subsection.15.5.1}% 334
\BOOKMARK [2][-]{subsection.15.5.2}{Currency trading}{section.15.5}% 335
\BOOKMARK [2][-]{subsection.15.5.3}{Bonds}{section.15.5}% 336
\BOOKMARK [3][-]{subsubsection.15.5.3.1}{Bond ladder}{subsection.15.5.3}% 337
\BOOKMARK [1][-]{section.15.6}{Purchase and selling}{chapter.15}% 338
\BOOKMARK [2][-]{subsection.15.6.1}{Deciding a fair price}{section.15.6}% 339
\BOOKMARK [2][-]{subsection.15.6.2}{Using options}{section.15.6}% 340
\BOOKMARK [2][-]{subsection.15.6.3}{Memorylessness}{section.15.6}% 341
\BOOKMARK [2][-]{subsection.15.6.4}{Timing}{section.15.6}% 342
\BOOKMARK [3][-]{subsubsection.15.6.4.1}{Bubble-bursts}{subsection.15.6.4}% 343
\BOOKMARK [3][-]{subsubsection.15.6.4.2}{Short-term jitters}{subsection.15.6.4}% 344
\BOOKMARK [3][-]{subsubsection.15.6.4.3}{Criticism}{subsection.15.6.4}% 345
\BOOKMARK [1][-]{section.15.7}{Investment/ mutual funds}{chapter.15}% 346
\BOOKMARK [2][-]{subsection.15.7.1}{Relying on experts or algorithms}{section.15.7}% 347
\BOOKMARK [2][-]{subsection.15.7.2}{Fees}{section.15.7}% 348
\BOOKMARK [3][-]{subsubsection.15.7.2.1}{Fee types}{subsection.15.7.2}% 349
\BOOKMARK [2][-]{subsection.15.7.3}{Rating}{section.15.7}% 350
\BOOKMARK [2][-]{subsection.15.7.4}{Allocation disclosure}{section.15.7}% 351
\BOOKMARK [3][-]{subsubsection.15.7.4.1}{Net Asset value \(NAV\)}{subsection.15.7.4}% 352
\BOOKMARK [2][-]{subsection.15.7.5}{Exchange Traded Funds \(ETF's\)}{section.15.7}% 353
\BOOKMARK [3][-]{subsubsection.15.7.5.1}{Inverse funds}{subsection.15.7.5}% 354
\BOOKMARK [3][-]{subsubsection.15.7.5.2}{Leveraged}{subsection.15.7.5}% 355
\BOOKMARK [3][-]{subsubsection.15.7.5.3}{USA examples}{subsection.15.7.5}% 356
\BOOKMARK [3][-]{subsubsection.15.7.5.4}{Indian market}{subsection.15.7.5}% 357
\BOOKMARK [2][-]{subsection.15.7.6}{Money market funds}{section.15.7}% 358
\BOOKMARK [2][-]{subsection.15.7.7}{Critique}{section.15.7}% 359
\BOOKMARK [3][-]{subsubsection.15.7.7.1}{Overhead}{subsection.15.7.7}% 360
\BOOKMARK [3][-]{subsubsection.15.7.7.2}{Dumb allocation, individual greed}{subsection.15.7.7}% 361
\BOOKMARK [1][-]{section.15.8}{Personal/ Family finance}{chapter.15}% 362
\BOOKMARK [2][-]{subsection.15.8.1}{Importance of planning}{section.15.8}% 363
\BOOKMARK [2][-]{subsection.15.8.2}{Goals}{section.15.8}% 364
\BOOKMARK [3][-]{subsubsection.15.8.2.1}{Lifestyle post-retirement}{subsection.15.8.2}% 365
\BOOKMARK [2][-]{subsection.15.8.3}{Changes in portfolio over time}{section.15.8}% 366
\BOOKMARK [1][-]{section.15.9}{Tax on capital gains}{chapter.15}% 367
\BOOKMARK [2][-]{subsection.15.9.1}{Retirement, medical, education funds}{section.15.9}% 368
\BOOKMARK [3][-]{subsubsection.15.9.1.1}{Taxation-deferred funds}{subsection.15.9.1}% 369
\BOOKMARK [3][-]{subsubsection.15.9.1.2}{Profit-tax free funds}{subsection.15.9.1}% 370
\BOOKMARK [3][-]{subsubsection.15.9.1.3}{Tax-free funds}{subsection.15.9.1}% 371
\BOOKMARK [0][-]{chapter.16}{Philanthropy}{part.2}% 372
\BOOKMARK [1][-]{section.16.1}{Donation}{chapter.16}% 373
\BOOKMARK [2][-]{subsection.16.1.1}{USA}{section.16.1}% 374
\BOOKMARK [1][-]{section.16.2}{Quality}{chapter.16}% 375
\BOOKMARK [2][-]{subsection.16.2.1}{Parameters}{section.16.2}% 376
\BOOKMARK [0][-]{chapter.17}{Copyrights, patents and trademarks}{part.2}% 377
\BOOKMARK [1][-]{section.17.1}{Patents}{chapter.17}% 378
\BOOKMARK [-1][-]{part.3}{Particular businesses}{}% 379
\BOOKMARK [0][-]{chapter.18}{Money lending}{part.3}% 380
\BOOKMARK [1][-]{section.18.1}{Operation}{chapter.18}% 381
\BOOKMARK [2][-]{subsection.18.1.1}{Capital}{section.18.1}% 382
\BOOKMARK [2][-]{subsection.18.1.2}{Liabilities/ Borrowed money}{section.18.1}% 383
\BOOKMARK [3][-]{subsubsection.18.1.2.1}{Compounding}{subsection.18.1.2}% 384
\BOOKMARK [2][-]{subsection.18.1.3}{Assets/ Lent money}{section.18.1}% 385
\BOOKMARK [2][-]{subsection.18.1.4}{Balance sheet}{section.18.1}% 386
\BOOKMARK [1][-]{section.18.2}{Defaulters}{chapter.18}% 387
\BOOKMARK [2][-]{subsection.18.2.1}{Recovery attempts}{section.18.2}% 388
\BOOKMARK [3][-]{subsubsection.18.2.1.1}{Collateral}{subsection.18.2.1}% 389
\BOOKMARK [3][-]{subsubsection.18.2.1.2}{Insurance}{subsection.18.2.1}% 390
\BOOKMARK [2][-]{subsection.18.2.2}{Reduced capital}{section.18.2}% 391
\BOOKMARK [1][-]{section.18.3}{Insolvency consequences}{chapter.18}% 392
\BOOKMARK [2][-]{subsection.18.3.1}{Guarantees}{section.18.3}% 393
\BOOKMARK [2][-]{subsection.18.3.2}{Economic consequences}{section.18.3}% 394
\BOOKMARK [2][-]{subsection.18.3.3}{Government rescue}{section.18.3}% 395
\BOOKMARK [1][-]{section.18.4}{Deposit account services}{chapter.18}% 396
\BOOKMARK [2][-]{subsection.18.4.1}{Fees}{section.18.4}% 397
\BOOKMARK [3][-]{subsubsection.18.4.1.1}{Service quality trade-off}{subsection.18.4.1}% 398
\BOOKMARK [2][-]{subsection.18.4.2}{Limited withdrawal accounts}{section.18.4}% 399
\BOOKMARK [2][-]{subsection.18.4.3}{Term deposits}{section.18.4}% 400
\BOOKMARK [3][-]{subsubsection.18.4.3.1}{Recurring/ periodic deposit}{subsection.18.4.3}% 401
\BOOKMARK [2][-]{subsection.18.4.4}{Checking account}{section.18.4}% 402
\BOOKMARK [3][-]{subsubsection.18.4.4.1}{Check redemption}{subsection.18.4.4}% 403
\BOOKMARK [3][-]{subsubsection.18.4.4.2}{Fee avoidance conditions}{subsection.18.4.4}% 404
\BOOKMARK [2][-]{subsection.18.4.5}{Automatic/ remote tellers}{section.18.4}% 405
\BOOKMARK [3][-]{subsubsection.18.4.5.1}{ATM's}{subsection.18.4.5}% 406
\BOOKMARK [3][-]{subsubsection.18.4.5.2}{Remote deposits}{subsection.18.4.5}% 407
\BOOKMARK [2][-]{subsection.18.4.6}{Bill payment}{section.18.4}% 408
\BOOKMARK [2][-]{subsection.18.4.7}{Electronic Fund transfer \(EFT\)}{section.18.4}% 409
\BOOKMARK [3][-]{subsubsection.18.4.7.1}{ACH}{subsection.18.4.7}% 410
\BOOKMARK [3][-]{subsubsection.18.4.7.2}{Wiring money}{subsection.18.4.7}% 411
\BOOKMARK [1][-]{section.18.5}{Foreign deposit accounts in India}{chapter.18}% 412
\BOOKMARK [2][-]{subsection.18.5.1}{FCNR Deposits}{section.18.5}% 413
\BOOKMARK [2][-]{subsection.18.5.2}{NRE rupee Accounts}{section.18.5}% 414
\BOOKMARK [2][-]{subsection.18.5.3}{NRO rupee Accounts}{section.18.5}% 415
\BOOKMARK [2][-]{subsection.18.5.4}{Investment routing}{section.18.5}% 416
\BOOKMARK [0][-]{chapter.19}{Manufacturing}{part.3}% 417
\BOOKMARK [1][-]{section.19.1}{Process design: Productivity and quality}{chapter.19}% 418
\BOOKMARK [2][-]{subsection.19.1.1}{Quality/ quantity trade-off}{section.19.1}% 419
\BOOKMARK [2][-]{subsection.19.1.2}{Supplier coordination}{section.19.1}% 420
\BOOKMARK [2][-]{subsection.19.1.3}{Teamwork}{section.19.1}% 421
\BOOKMARK [2][-]{subsection.19.1.4}{Continuous improvement}{section.19.1}% 422
\BOOKMARK [1][-]{section.19.2}{Quality check}{chapter.19}% 423
\BOOKMARK [0][-]{chapter.20}{Food production}{part.3}% 424
\BOOKMARK [1][-]{section.20.1}{Agriculture}{chapter.20}% 425
\BOOKMARK [2][-]{subsection.20.1.1}{Resources}{section.20.1}% 426
\BOOKMARK [1][-]{section.20.2}{Artificial production}{chapter.20}% 427
\BOOKMARK [1][-]{section.20.3}{Demand and supply}{chapter.20}% 428
\BOOKMARK [2][-]{subsection.20.3.1}{Past}{section.20.3}% 429
\BOOKMARK [2][-]{subsection.20.3.2}{Forecast}{section.20.3}% 430
\BOOKMARK [3][-]{subsubsection.20.3.2.1}{Water scarcity}{subsection.20.3.2}% 431
\BOOKMARK [3][-]{subsubsection.20.3.2.2}{Land scarcity}{subsection.20.3.2}% 432
\BOOKMARK [3][-]{subsubsection.20.3.2.3}{Climate change}{subsection.20.3.2}% 433
\BOOKMARK [1][-]{section.20.4}{Role of nations}{chapter.20}% 434
\BOOKMARK [0][-]{chapter.21}{Insurance}{part.3}% 435
\BOOKMARK [1][-]{section.21.1}{Functioning}{chapter.21}% 436
\BOOKMARK [2][-]{subsection.21.1.1}{As security}{section.21.1}% 437
\BOOKMARK [2][-]{subsection.21.1.2}{Risks to unowned entities}{section.21.1}% 438
\BOOKMARK [1][-]{section.21.2}{Health insurance}{chapter.21}% 439
\BOOKMARK [2][-]{subsection.21.2.1}{Negotiation with care providers}{section.21.2}% 440
\BOOKMARK [2][-]{subsection.21.2.2}{Unscrupulous practices}{section.21.2}% 441
\BOOKMARK [3][-]{subsubsection.21.2.2.1}{Refusal of insurance}{subsection.21.2.2}% 442
\BOOKMARK [3][-]{subsubsection.21.2.2.2}{Denial of treatment}{subsection.21.2.2}% 443
\BOOKMARK [3][-]{subsubsection.21.2.2.3}{Regulation}{subsection.21.2.2}% 444
\BOOKMARK [2][-]{subsection.21.2.3}{Generic vs branded medicine}{section.21.2}% 445
\BOOKMARK [2][-]{subsection.21.2.4}{Policy-types}{section.21.2}% 446
\BOOKMARK [3][-]{subsubsection.21.2.4.1}{Benefits: fixed vs comprehensive}{subsection.21.2.4}% 447
\BOOKMARK [3][-]{subsubsection.21.2.4.2}{Deductibles and premiums}{subsection.21.2.4}% 448
\BOOKMARK [3][-]{subsubsection.21.2.4.3}{Claims processing}{subsection.21.2.4}% 449
\BOOKMARK [3][-]{subsubsection.21.2.4.4}{Multiple policies}{subsection.21.2.4}% 450
\BOOKMARK [3][-]{subsubsection.21.2.4.5}{Renewal restrictions}{subsection.21.2.4}% 451
\BOOKMARK [2][-]{subsection.21.2.5}{For visitors/ travellers}{section.21.2}% 452
\BOOKMARK [3][-]{subsubsection.21.2.5.1}{Buying choices}{subsection.21.2.5}% 453
\BOOKMARK [0][-]{chapter.22}{Arbitrage}{part.3}% 454
\BOOKMARK [0][-]{chapter.23}{Payment services}{part.3}% 455
\BOOKMARK [1][-]{section.23.1}{Credit cards}{chapter.23}% 456
\BOOKMARK [2][-]{subsection.23.1.1}{Advantages to customer}{section.23.1}% 457
\BOOKMARK [3][-]{subsubsection.23.1.1.1}{Official expenses}{subsection.23.1.1}% 458
\BOOKMARK [1][-]{section.23.2}{Debit cards}{chapter.23}% 459
\BOOKMARK [1][-]{section.23.3}{Intermediate services}{chapter.23}% 460
\BOOKMARK [0][-]{chapter.24}{Goods distribution}{part.3}% 461
\BOOKMARK [1][-]{section.24.1}{Retail vs wholesale}{chapter.24}% 462
\BOOKMARK [1][-]{section.24.2}{Price discrimination}{chapter.24}% 463
\BOOKMARK [2][-]{subsection.24.2.1}{Haggling}{section.24.2}% 464
\BOOKMARK [2][-]{subsection.24.2.2}{Special discounts}{section.24.2}% 465
\BOOKMARK [2][-]{subsection.24.2.3}{Store sale}{section.24.2}% 466
\BOOKMARK [3][-]{subsubsection.24.2.3.1}{Illusory discounts}{subsection.24.2.3}% 467
\BOOKMARK [2][-]{subsection.24.2.4}{Coupons}{section.24.2}% 468
\BOOKMARK [1][-]{section.24.3}{Sales techniques}{chapter.24}% 469
\BOOKMARK [2][-]{subsection.24.3.1}{Salesmen}{section.24.3}% 470
\BOOKMARK [3][-]{subsubsection.24.3.1.1}{Pitching}{subsection.24.3.1}% 471
\BOOKMARK [3][-]{subsubsection.24.3.1.2}{Sales-tricks}{subsection.24.3.1}% 472
\BOOKMARK [2][-]{subsection.24.3.2}{Other incentives}{section.24.3}% 473
\BOOKMARK [1][-]{section.24.4}{Internet retailers}{chapter.24}% 474
\BOOKMARK [1][-]{section.24.5}{Returns policy}{chapter.24}% 475
\BOOKMARK [1][-]{section.24.6}{Electronics retail}{chapter.24}% 476
\BOOKMARK [2][-]{subsection.24.6.1}{Pressure for low prices}{section.24.6}% 477
\BOOKMARK [3][-]{subsubsection.24.6.1.1}{Short life-span}{subsection.24.6.1}% 478
\BOOKMARK [3][-]{subsubsection.24.6.1.2}{Competition}{subsection.24.6.1}% 479
\BOOKMARK [0][-]{chapter.25}{Online reselling infrastructure}{part.3}% 480
\BOOKMARK [1][-]{section.25.1}{Fraud}{chapter.25}% 481
\BOOKMARK [1][-]{section.25.2}{Revenue sources}{chapter.25}% 482
\BOOKMARK [1][-]{section.25.3}{Set-time auctions}{chapter.25}% 483
\BOOKMARK [2][-]{subsection.25.3.1}{Pricing assistance}{section.25.3}% 484
\BOOKMARK [2][-]{subsection.25.3.2}{Underselling avoidance}{section.25.3}% 485
\BOOKMARK [2][-]{subsection.25.3.3}{Bidding services}{section.25.3}% 486
\BOOKMARK [1][-]{section.25.4}{Bid-price auction}{chapter.25}% 487
\BOOKMARK [0][-]{chapter.26}{Advertising}{part.3}% 488
\BOOKMARK [1][-]{section.26.1}{Fundamentals}{chapter.26}% 489
\BOOKMARK [2][-]{subsection.26.1.1}{Placement and position}{section.26.1}% 490
\BOOKMARK [1][-]{section.26.2}{Coupon distribution}{chapter.26}% 491
\BOOKMARK [1][-]{section.26.3}{Web content-driven advertising}{chapter.26}% 492
\BOOKMARK [2][-]{subsection.26.3.1}{Advertisement types}{section.26.3}% 493
\BOOKMARK [2][-]{subsection.26.3.2}{Ad-Placement services}{section.26.3}% 494
\BOOKMARK [3][-]{subsubsection.26.3.2.1}{Display auctions}{subsection.26.3.2}% 495
\BOOKMARK [2][-]{subsection.26.3.3}{Search engine results}{section.26.3}% 496
\BOOKMARK [3][-]{subsubsection.26.3.3.1}{Search phrase targeting}{subsection.26.3.3}% 497
\BOOKMARK [3][-]{subsubsection.26.3.3.2}{Case study}{subsection.26.3.3}% 498
\BOOKMARK [0][-]{chapter.27}{Gambling}{part.3}% 499
\BOOKMARK [1][-]{section.27.1}{Bet contract}{chapter.27}% 500
\BOOKMARK [2][-]{subsection.27.1.1}{2 outcomes}{section.27.1}% 501
\BOOKMARK [3][-]{subsubsection.27.1.1.1}{Viability of the bet}{subsection.27.1.1}% 502
\BOOKMARK [3][-]{subsubsection.27.1.1.2}{Odds}{subsection.27.1.1}% 503
\BOOKMARK [2][-]{subsection.27.1.2}{Multiple outcomes}{section.27.1}% 504
\BOOKMARK [2][-]{subsection.27.1.3}{Betting pool contracts}{section.27.1}% 505
\BOOKMARK [3][-]{subsubsection.27.1.3.1}{Unfixed odds contract}{subsection.27.1.3}% 506
\BOOKMARK [2][-]{subsection.27.1.4}{Accounting Infrastructure}{section.27.1}% 507
\BOOKMARK [3][-]{subsubsection.27.1.4.1}{Fixed odds contract}{subsection.27.1.4}% 508
\BOOKMARK [1][-]{section.27.2}{Binary bet exchange}{chapter.27}% 509
\BOOKMARK [2][-]{subsection.27.2.1}{Contracts, final settlement}{section.27.2}% 510
\BOOKMARK [3][-]{subsubsection.27.2.1.1}{Share trade representation}{subsection.27.2.1}% 511
\BOOKMARK [2][-]{subsection.27.2.2}{Probability evaluation}{section.27.2}% 512
\BOOKMARK [3][-]{subsubsection.27.2.2.1}{The problem}{subsection.27.2.2}% 513
\BOOKMARK [3][-]{subsubsection.27.2.2.2}{Diversity benefits}{subsection.27.2.2}% 514
\BOOKMARK [3][-]{subsubsection.27.2.2.3}{Unfulfilled orders}{subsection.27.2.2}% 515
\BOOKMARK [0][-]{chapter.28}{Air carriers}{part.3}% 516
\BOOKMARK [1][-]{section.28.1}{Factors affecting price}{chapter.28}% 517
\BOOKMARK [2][-]{subsection.28.1.1}{Travel date/ day}{section.28.1}% 518
\BOOKMARK [2][-]{subsection.28.1.2}{Airport demand/ competition}{section.28.1}% 519
\BOOKMARK [2][-]{subsection.28.1.3}{Operation costs}{section.28.1}% 520
\BOOKMARK [3][-]{subsubsection.28.1.3.1}{Fuel costs}{subsection.28.1.3}% 521
\BOOKMARK [3][-]{subsubsection.28.1.3.2}{Cheap international airlines}{subsection.28.1.3}% 522
\BOOKMARK [1][-]{section.28.2}{Alliances}{chapter.28}% 523
\BOOKMARK [1][-]{section.28.3}{Customer retention programs}{chapter.28}% 524
\BOOKMARK [2][-]{subsection.28.3.1}{Rewards}{section.28.3}% 525
\BOOKMARK [1][-]{section.28.4}{Related businesses}{chapter.28}% 526
\BOOKMARK [0][-]{chapter.29}{Travel agencies}{part.3}% 527
\BOOKMARK [1][-]{section.29.1}{Hotel reservations}{chapter.29}% 528
\BOOKMARK [1][-]{section.29.2}{Air-Ticket sales}{chapter.29}% 529
\BOOKMARK [2][-]{subsection.29.2.1}{For travel inside USA}{section.29.2}% 530
\BOOKMARK [2][-]{subsection.29.2.2}{Agents}{section.29.2}% 531
\BOOKMARK [1][-]{section.29.3}{Car rentals}{chapter.29}% 532
\BOOKMARK [0][-]{chapter.30}{Communication networks}{part.3}% 533
\BOOKMARK [1][-]{section.30.1}{Mobile connections}{chapter.30}% 534
\BOOKMARK [2][-]{subsection.30.1.1}{Prepaid services}{section.30.1}% 535
\BOOKMARK [2][-]{subsection.30.1.2}{Postpaid services}{section.30.1}% 536
\BOOKMARK [3][-]{subsubsection.30.1.2.1}{Contracts}{subsection.30.1.2}% 537
\BOOKMARK [0][-]{chapter.31}{Crime}{part.3}% 538
\BOOKMARK [-1][-]{part.4}{Economy/ sector outlooks}{}% 539
\BOOKMARK [0][-]{chapter.32}{USA}{part.4}% 540
\BOOKMARK [1][-]{section.32.1}{General economy}{chapter.32}% 541
\BOOKMARK [1][-]{section.32.2}{Industry}{chapter.32}% 542
\BOOKMARK [2][-]{subsection.32.2.1}{Manufacturing}{section.32.2}% 543
\BOOKMARK [1][-]{section.32.3}{Public debt, consumption}{chapter.32}% 544
\BOOKMARK [2][-]{subsection.32.3.1}{Decreasing income for many}{section.32.3}% 545
\BOOKMARK [3][-]{subsubsection.32.3.1.1}{Low unskilled labor opportunities}{subsection.32.3.1}% 546
\BOOKMARK [2][-]{subsection.32.3.2}{High expenses}{section.32.3}% 547
\BOOKMARK [1][-]{section.32.4}{Government debt}{chapter.32}% 548
\BOOKMARK [2][-]{subsection.32.4.1}{Deficit and response}{section.32.4}% 549
\BOOKMARK [3][-]{subsubsection.32.4.1.1}{Political deadlock}{subsection.32.4.1}% 550
\BOOKMARK [2][-]{subsection.32.4.2}{Lenders}{section.32.4}% 551
\BOOKMARK [1][-]{section.32.5}{Dollar}{chapter.32}% 552
\BOOKMARK [0][-]{chapter.33}{Japan}{part.4}% 553
\BOOKMARK [1][-]{section.33.1}{Deficit}{chapter.33}% 554
\BOOKMARK [0][-]{chapter.34}{Europe}{part.4}% 555
\BOOKMARK [1][-]{section.34.1}{Economic union}{chapter.34}% 556
\BOOKMARK [2][-]{subsection.34.1.1}{Euro}{section.34.1}% 557
\BOOKMARK [1][-]{section.34.2}{Strength of economies}{chapter.34}% 558
\BOOKMARK [2][-]{subsection.34.2.1}{Germany}{section.34.2}% 559
\BOOKMARK [2][-]{subsection.34.2.2}{Switzerland}{section.34.2}% 560
\BOOKMARK [1][-]{section.34.3}{Sovereigns' economic viability}{chapter.34}% 561
\BOOKMARK [2][-]{subsection.34.3.1}{Financially strong sovereigns}{section.34.3}% 562
\BOOKMARK [3][-]{subsubsection.34.3.1.1}{German income}{subsection.34.3.1}% 563
\BOOKMARK [3][-]{subsubsection.34.3.1.2}{France}{subsection.34.3.1}% 564
\BOOKMARK [2][-]{subsection.34.3.2}{Financially weak sovereigns}{section.34.3}% 565
\BOOKMARK [3][-]{subsubsection.34.3.2.1}{Greece, Portugal}{subsection.34.3.2}% 566
\BOOKMARK [3][-]{subsubsection.34.3.2.2}{Ireland}{subsection.34.3.2}% 567
\BOOKMARK [3][-]{subsubsection.34.3.2.3}{Iceland}{subsection.34.3.2}% 568
\BOOKMARK [0][-]{chapter.35}{China}{part.4}% 569
\BOOKMARK [1][-]{section.35.1}{Manufacturing}{chapter.35}% 570
\BOOKMARK [1][-]{section.35.2}{Media}{chapter.35}% 571
\BOOKMARK [1][-]{section.35.3}{Middle class}{chapter.35}% 572
\BOOKMARK [1][-]{section.35.4}{Yuan}{chapter.35}% 573
\BOOKMARK [2][-]{subsection.35.4.1}{Lending}{section.35.4}% 574
\BOOKMARK [1][-]{section.35.5}{Culture}{chapter.35}% 575
\BOOKMARK [2][-]{subsection.35.5.1}{Politics}{section.35.5}% 576
\BOOKMARK [2][-]{subsection.35.5.2}{Religion}{section.35.5}% 577
\BOOKMARK [0][-]{chapter.36}{India}{part.4}% 578
