\BOOKMARK [0][-]{section*.1}{Contents}{}
\BOOKMARK [-1][-]{part.1}{Introduction}{}
\BOOKMARK [0][-]{chapter.1}{Themes}{part.1}
\BOOKMARK [1][-]{section.1.1}{References}{chapter.1}
\BOOKMARK [1][-]{section.1.2}{Themes}{chapter.1}
\BOOKMARK [2][-]{subsection.1.2.1}{Related surveys}{section.1.2}
\BOOKMARK [1][-]{section.1.3}{Characterization of research effort}{chapter.1}
\BOOKMARK [0][-]{chapter.2}{Notation}{part.1}
\BOOKMARK [-1][-]{part.2}{Vectors and vector spaces}{}
\BOOKMARK [0][-]{chapter.3}{Vectors and their combinations}{part.2}
\BOOKMARK [1][-]{section.3.1}{Definition, basic operations}{chapter.3}
\BOOKMARK [2][-]{subsection.3.1.1}{Addition, scalar multiplication}{section.3.1}
\BOOKMARK [1][-]{section.3.2}{Geometric model: coefficient sequence}{chapter.3}
\BOOKMARK [2][-]{subsection.3.2.1}{As a combination of standard basis vectors}{section.3.2}
\BOOKMARK [2][-]{subsection.3.2.2}{Standard basis models what?}{section.3.2}
\BOOKMARK [2][-]{subsection.3.2.3}{Equivalent representations of the same point}{section.3.2}
\BOOKMARK [1][-]{section.3.3}{Combinations of vectors}{chapter.3}
\BOOKMARK [2][-]{subsection.3.3.1}{Linear combination}{section.3.3}
\BOOKMARK [2][-]{subsection.3.3.2}{Conic/ non-ve combination}{section.3.3}
\BOOKMARK [2][-]{subsection.3.3.3}{Affine combination}{section.3.3}
\BOOKMARK [2][-]{subsection.3.3.4}{Convex combination}{section.3.3}
\BOOKMARK [0][-]{chapter.4}{Interpretations, applications}{part.2}
\BOOKMARK [1][-]{section.4.1}{Modelling the real world}{chapter.4}
\BOOKMARK [1][-]{section.4.2}{Functions as vectors}{chapter.4}
\BOOKMARK [2][-]{subsection.4.2.1}{Using coefficients}{section.4.2}
\BOOKMARK [2][-]{subsection.4.2.2}{Using the domain}{section.4.2}
\BOOKMARK [0][-]{chapter.5}{Vector sets}{part.2}
\BOOKMARK [1][-]{section.5.1}{Properties}{chapter.5}
\BOOKMARK [2][-]{subsection.5.1.1}{Linear independence}{section.5.1}
\BOOKMARK [2][-]{subsection.5.1.2}{Associated hyperplanes}{section.5.1}
\BOOKMARK [1][-]{section.5.2}{Span of vectors in S}{chapter.5}
\BOOKMARK [1][-]{section.5.3}{Affine set X}{chapter.5}
\BOOKMARK [2][-]{subsection.5.3.1}{Affine hull of S}{section.5.3}
\BOOKMARK [1][-]{section.5.4}{Convex cone C}{chapter.5}
\BOOKMARK [2][-]{subsection.5.4.1}{Pointed cone C}{section.5.4}
\BOOKMARK [2][-]{subsection.5.4.2}{Proper cone C}{section.5.4}
\BOOKMARK [2][-]{subsection.5.4.3}{Norm cones}{section.5.4}
\BOOKMARK [2][-]{subsection.5.4.4}{Dual .. of cone C}{section.5.4}
\BOOKMARK [0][-]{chapter.6}{Convex set}{part.2}
\BOOKMARK [1][-]{section.6.1}{Containment of convex combinations}{chapter.6}
\BOOKMARK [2][-]{subsection.6.1.1}{Containment of line-segments}{section.6.1}
\BOOKMARK [1][-]{section.6.2}{Properties}{chapter.6}
\BOOKMARK [2][-]{subsection.6.2.1}{Extreme points of convex set S}{section.6.2}
\BOOKMARK [2][-]{subsection.6.2.2}{Separating hyperplane}{section.6.2}
\BOOKMARK [2][-]{subsection.6.2.3}{Supporting hyperplane}{section.6.2}
\BOOKMARK [2][-]{subsection.6.2.4}{Intersection of supporting half-spaces}{section.6.2}
\BOOKMARK [2][-]{subsection.6.2.5}{As domain of special barrier functionals}{section.6.2}
\BOOKMARK [1][-]{section.6.3}{Convex hull of a set of points X in a real vector space V}{chapter.6}
\BOOKMARK [1][-]{section.6.4}{Check convexity}{chapter.6}
\BOOKMARK [2][-]{subsection.6.4.1}{Functions which preserve convexity in image, inverse image}{section.6.4}
\BOOKMARK [2][-]{subsection.6.4.2}{Convexity preserving operations}{section.6.4}
\BOOKMARK [2][-]{subsection.6.4.3}{Important convex sets}{section.6.4}
\BOOKMARK [0][-]{chapter.7}{Vector spaces and subtypes}{part.2}
\BOOKMARK [1][-]{section.7.1}{Vector space V over field F}{chapter.7}
\BOOKMARK [1][-]{section.7.2}{Inner product space}{chapter.7}
\BOOKMARK [1][-]{section.7.3}{Normed vector space}{chapter.7}
\BOOKMARK [2][-]{subsection.7.3.1}{Lebesgue space}{section.7.3}
\BOOKMARK [1][-]{section.7.4}{Banach space}{chapter.7}
\BOOKMARK [1][-]{section.7.5}{Hilbert space}{chapter.7}
\BOOKMARK [0][-]{chapter.8}{Common vector spaces}{part.2}
\BOOKMARK [1][-]{section.8.1}{Complex vector space}{chapter.8}
\BOOKMARK [1][-]{section.8.2}{Functional space V}{chapter.8}
\BOOKMARK [2][-]{subsection.8.2.1}{f\(\) as dom\(f\) dim vector}{section.8.2}
\BOOKMARK [2][-]{subsection.8.2.2}{Standard basis functionals}{section.8.2}
\BOOKMARK [2][-]{subsection.8.2.3}{Restriction to finite length}{section.8.2}
\BOOKMARK [2][-]{subsection.8.2.4}{Other representations}{section.8.2}
\BOOKMARK [1][-]{section.8.3}{Euclidian space}{chapter.8}
\BOOKMARK [2][-]{subsection.8.3.1}{Geometric properties}{section.8.3}
\BOOKMARK [2][-]{subsection.8.3.2}{Box measure}{section.8.3}
\BOOKMARK [3][-]{subsubsection.8.3.2.1}{Definition}{subsection.8.3.2}
\BOOKMARK [3][-]{subsubsection.8.3.2.2}{Properties}{subsection.8.3.2}
\BOOKMARK [1][-]{section.8.4}{Dual vector space ..}{chapter.8}
\BOOKMARK [2][-]{subsection.8.4.1}{Basis: ..}{section.8.4}
\BOOKMARK [0][-]{chapter.9}{Topological properties of space V}{part.2}
\BOOKMARK [1][-]{section.9.1}{Properties of ..}{chapter.9}
\BOOKMARK [2][-]{subsection.9.1.1}{Completeness of ..}{section.9.1}
\BOOKMARK [1][-]{section.9.2}{Dimension of V}{chapter.9}
\BOOKMARK [1][-]{section.9.3}{Basis of vector space V}{chapter.9}
\BOOKMARK [2][-]{subsection.9.3.1}{Orthonormal and standard basis}{section.9.3}
\BOOKMARK [1][-]{section.9.4}{Subspaces}{chapter.9}
\BOOKMARK [2][-]{subsection.9.4.1}{Membership conditions}{section.9.4}
\BOOKMARK [2][-]{subsection.9.4.2}{Invariant subspace}{section.9.4}
\BOOKMARK [0][-]{chapter.10}{Inner products, norms}{part.2}
\BOOKMARK [1][-]{section.10.1}{Inner products}{chapter.10}
\BOOKMARK [2][-]{subsection.10.1.1}{Properties}{section.10.1}
\BOOKMARK [3][-]{subsubsection.10.1.1.1}{Orthogonality}{subsection.10.1.1}
\BOOKMARK [3][-]{subsubsection.10.1.1.2}{Associated norm}{subsection.10.1.1}
\BOOKMARK [3][-]{subsubsection.10.1.1.3}{2-norm Bound on size}{subsection.10.1.1}
\BOOKMARK [3][-]{subsubsection.10.1.1.4}{General norm-bound on size}{subsection.10.1.1}
\BOOKMARK [2][-]{subsection.10.1.2}{Standard inner product}{section.10.1}
\BOOKMARK [3][-]{subsubsection.10.1.2.1}{Geometric interpretation}{subsection.10.1.2}
\BOOKMARK [2][-]{subsection.10.1.3}{In function spaces}{section.10.1}
\BOOKMARK [2][-]{subsection.10.1.4}{Orthogonality}{section.10.1}
\BOOKMARK [2][-]{subsection.10.1.5}{Weighted Inner product}{section.10.1}
\BOOKMARK [2][-]{subsection.10.1.6}{Specify inner product using Gram matrix G}{section.10.1}
\BOOKMARK [1][-]{section.10.2}{Norms}{chapter.10}
\BOOKMARK [2][-]{subsection.10.2.1}{Semi-norm properties}{section.10.2}
\BOOKMARK [2][-]{subsection.10.2.2}{Norm: Defining properties}{section.10.2}
\BOOKMARK [2][-]{subsection.10.2.3}{Variants}{section.10.2}
\BOOKMARK [3][-]{subsubsection.10.2.3.1}{Absolute norms}{subsection.10.2.3}
\BOOKMARK [2][-]{subsection.10.2.4}{Dual norm of pre-norm f}{section.10.2}
\BOOKMARK [3][-]{subsubsection.10.2.4.1}{Normness proof}{subsection.10.2.4}
\BOOKMARK [3][-]{subsubsection.10.2.4.2}{Geometric view}{subsection.10.2.4}
\BOOKMARK [3][-]{subsubsection.10.2.4.3}{Importance}{subsection.10.2.4}
\BOOKMARK [3][-]{subsubsection.10.2.4.4}{Common dual norms}{subsection.10.2.4}
\BOOKMARK [2][-]{subsection.10.2.5}{Properties}{section.10.2}
\BOOKMARK [3][-]{subsubsection.10.2.5.1}{New norms out of old}{subsection.10.2.5}
\BOOKMARK [3][-]{subsubsection.10.2.5.2}{Convexity of the norm function}{subsection.10.2.5}
\BOOKMARK [3][-]{subsubsection.10.2.5.3}{The closed unit ball}{subsection.10.2.5}
\BOOKMARK [3][-]{subsubsection.10.2.5.4}{Isometry for a norm}{subsection.10.2.5}
\BOOKMARK [3][-]{subsubsection.10.2.5.5}{Equivalence of norms in finite dimension}{subsection.10.2.5}
\BOOKMARK [2][-]{subsection.10.2.6}{p norm for p atleast 1}{section.10.2}
\BOOKMARK [3][-]{subsubsection.10.2.6.1}{Normness proof}{subsection.10.2.6}
\BOOKMARK [3][-]{subsubsection.10.2.6.2}{The closed unit ball}{subsection.10.2.6}
\BOOKMARK [3][-]{subsubsection.10.2.6.3}{2 norm}{subsection.10.2.6}
\BOOKMARK [3][-]{subsubsection.10.2.6.4}{1, infty norms}{subsection.10.2.6}
\BOOKMARK [2][-]{subsection.10.2.7}{Lp norms in function spaces Wrt measure p}{section.10.2}
\BOOKMARK [2][-]{subsection.10.2.8}{.. non-norms}{section.10.2}
\BOOKMARK [3][-]{subsubsection.10.2.8.1}{Zero \(not a\) norm}{subsection.10.2.8}
\BOOKMARK [2][-]{subsection.10.2.9}{Weighted p norm}{section.10.2}
\BOOKMARK [2][-]{subsection.10.2.10}{Non-norm from convex function f}{section.10.2}
\BOOKMARK [-1][-]{part.3}{Vector functionals}{}
\BOOKMARK [0][-]{chapter.11}{Functionals and scalar functions over vector spaces}{part.3}
\BOOKMARK [1][-]{section.11.1}{Introduction}{chapter.11}
\BOOKMARK [2][-]{subsection.11.1.1}{Definition}{section.11.1}
\BOOKMARK [2][-]{subsection.11.1.2}{Restriction to a line}{section.11.1}
\BOOKMARK [3][-]{subsubsection.11.1.2.1}{Importance}{subsection.11.1.2}
\BOOKMARK [1][-]{section.11.2}{Properties}{chapter.11}
\BOOKMARK [2][-]{subsection.11.2.1}{Superclasses}{section.11.2}
\BOOKMARK [2][-]{subsection.11.2.2}{Conjugate of f}{section.11.2}
\BOOKMARK [2][-]{subsection.11.2.3}{Algebraic properties}{section.11.2}
\BOOKMARK [3][-]{subsubsection.11.2.3.1}{Minimax vs maximin}{subsection.11.2.3}
\BOOKMARK [3][-]{subsubsection.11.2.3.2}{Homogeneity with degree a}{subsection.11.2.3}
\BOOKMARK [2][-]{subsection.11.2.4}{Domain: Important domains}{section.11.2}
\BOOKMARK [3][-]{subsubsection.11.2.4.1}{Sub-level set}{subsection.11.2.4}
\BOOKMARK [3][-]{subsubsection.11.2.4.2}{Stationary point}{subsection.11.2.4}
\BOOKMARK [3][-]{subsubsection.11.2.4.3}{Critical points}{subsection.11.2.4}
\BOOKMARK [3][-]{subsubsection.11.2.4.4}{Equivalence}{subsection.11.2.4}
\BOOKMARK [3][-]{subsubsection.11.2.4.5}{Associated sets: Epigraph and subgraph}{subsection.11.2.4}
\BOOKMARK [1][-]{section.11.3}{Topological properties of functionals}{chapter.11}
\BOOKMARK [2][-]{subsection.11.3.1}{Visualization}{section.11.3}
\BOOKMARK [3][-]{subsubsection.11.3.1.1}{Plot in d+1 dim}{subsection.11.3.1}
\BOOKMARK [3][-]{subsubsection.11.3.1.2}{Contour surfaces in d dim}{subsection.11.3.1}
\BOOKMARK [2][-]{subsection.11.3.2}{Bounding steepness}{section.11.3}
\BOOKMARK [2][-]{subsection.11.3.3}{Measure flexibility}{section.11.3}
\BOOKMARK [1][-]{section.11.4}{Sequences, series of functionals on metric space X}{chapter.11}
\BOOKMARK [2][-]{subsection.11.4.1}{\(Weierstrass\) M test}{section.11.4}
\BOOKMARK [2][-]{subsection.11.4.2}{Space C\(X\) of continuous bounded complex valued fns on X}{section.11.4}
\BOOKMARK [2][-]{subsection.11.4.3}{f as limit of uniformly convergent sequence of polynomials}{section.11.4}
\BOOKMARK [0][-]{chapter.12}{Differential function}{part.3}
\BOOKMARK [1][-]{section.12.1}{Definition}{chapter.12}
\BOOKMARK [2][-]{subsection.12.1.1}{Fixed direction differential fn}{section.12.1}
\BOOKMARK [3][-]{subsubsection.12.1.1.1}{Affine approximation view}{subsection.12.1.1}
\BOOKMARK [3][-]{subsubsection.12.1.1.2}{R to R case}{subsection.12.1.1}
\BOOKMARK [2][-]{subsection.12.1.2}{Directional differentiability}{section.12.1}
\BOOKMARK [2][-]{subsection.12.1.3}{Continuous differentiability}{section.12.1}
\BOOKMARK [3][-]{subsubsection.12.1.3.1}{Connection to directional differentiability}{subsection.12.1.3}
\BOOKMARK [2][-]{subsection.12.1.4}{Matrix functionals}{section.12.1}
\BOOKMARK [1][-]{section.12.2}{Linearity}{chapter.12}
\BOOKMARK [1][-]{section.12.3}{Connection to partial derivatives}{chapter.12}
\BOOKMARK [2][-]{subsection.12.3.1}{Notation}{section.12.3}
\BOOKMARK [3][-]{subsubsection.12.3.1.1}{Note about representation}{subsection.12.3.1}
\BOOKMARK [2][-]{subsection.12.3.2}{D\(f\) as a Vector field}{section.12.3}
\BOOKMARK [2][-]{subsection.12.3.3}{C1 smoothness}{section.12.3}
\BOOKMARK [3][-]{subsubsection.12.3.3.1}{Differentiability vs smoothness}{subsection.12.3.3}
\BOOKMARK [2][-]{subsection.12.3.4}{In contour graph}{section.12.3}
\BOOKMARK [2][-]{subsection.12.3.5}{In the plot}{section.12.3}
\BOOKMARK [1][-]{section.12.4}{Subgradients at convex points}{chapter.12}
\BOOKMARK [1][-]{section.12.5}{Differential operator}{chapter.12}
\BOOKMARK [2][-]{subsection.12.5.1}{Derivatives of important functionals}{section.12.5}
\BOOKMARK [3][-]{subsubsection.12.5.1.1}{Linear functionals}{subsection.12.5.1}
\BOOKMARK [3][-]{subsubsection.12.5.1.2}{Quadratic functionals}{subsection.12.5.1}
\BOOKMARK [1][-]{section.12.6}{Higher order differential functions}{chapter.12}
\BOOKMARK [2][-]{subsection.12.6.1}{Definition}{section.12.6}
\BOOKMARK [3][-]{subsubsection.12.6.1.1}{Linear map from V}{subsection.12.6.1}
\BOOKMARK [3][-]{subsubsection.12.6.1.2}{Directional higher order differential fn}{subsection.12.6.1}
\BOOKMARK [3][-]{subsubsection.12.6.1.3}{Multi-Linear map from V-k}{subsection.12.6.1}
\BOOKMARK [2][-]{subsection.12.6.2}{Properties}{section.12.6}
\BOOKMARK [3][-]{subsubsection.12.6.2.1}{Symmetry}{subsection.12.6.2}
\BOOKMARK [3][-]{subsubsection.12.6.2.2}{Wrt basis vectors}{subsection.12.6.2}
\BOOKMARK [2][-]{subsection.12.6.3}{Tensor representation}{section.12.6}
\BOOKMARK [3][-]{subsubsection.12.6.3.1}{2nd order case}{subsection.12.6.3}
\BOOKMARK [1][-]{section.12.7}{Polynomial approximation}{chapter.12}
\BOOKMARK [2][-]{subsection.12.7.1}{Polynomial approximation series}{section.12.7}
\BOOKMARK [3][-]{subsubsection.12.7.1.1}{Multi-index notation}{subsection.12.7.1}
\BOOKMARK [2][-]{subsection.12.7.2}{Connection with extreme values}{section.12.7}
\BOOKMARK [0][-]{chapter.13}{Convexity and functionals}{part.3}
\BOOKMARK [1][-]{section.13.1}{Convex functional f}{chapter.13}
\BOOKMARK [2][-]{subsection.13.1.1}{Domain, definitions}{section.13.1}
\BOOKMARK [3][-]{subsubsection.13.1.1.1}{Smoothness along line segment in the domain}{subsection.13.1.1}
\BOOKMARK [3][-]{subsubsection.13.1.1.2}{Extension of domain}{subsection.13.1.1}
\BOOKMARK [2][-]{subsection.13.1.2}{Strict and strong convexity}{section.13.1}
\BOOKMARK [3][-]{subsubsection.13.1.2.1}{Strict convexity}{subsection.13.1.2}
\BOOKMARK [3][-]{subsubsection.13.1.2.2}{Strong convexity with constant m}{subsection.13.1.2}
\BOOKMARK [2][-]{subsection.13.1.3}{f restricted to a line}{section.13.1}
\BOOKMARK [2][-]{subsection.13.1.4}{Gradient tests}{section.13.1}
\BOOKMARK [3][-]{subsubsection.13.1.4.1}{First order condition}{subsection.13.1.4}
\BOOKMARK [3][-]{subsubsection.13.1.4.2}{First order condition for non-smooth f}{subsection.13.1.4}
\BOOKMARK [3][-]{subsubsection.13.1.4.3}{Second order condition}{subsection.13.1.4}
\BOOKMARK [2][-]{subsection.13.1.5}{Supporting hyperplane to the epigraph}{section.13.1}
\BOOKMARK [3][-]{subsubsection.13.1.5.1}{Differntiable f}{subsection.13.1.5}
\BOOKMARK [3][-]{subsubsection.13.1.5.2}{Non differentiable convex f: subdifferentials!}{subsection.13.1.5}
\BOOKMARK [2][-]{subsection.13.1.6}{Supporting hyperplanes to sublevel sets}{section.13.1}
\BOOKMARK [2][-]{subsection.13.1.7}{Finding Subdifferentials}{section.13.1}
\BOOKMARK [3][-]{subsubsection.13.1.7.1}{Unlike finding gradients}{subsection.13.1.7}
\BOOKMARK [3][-]{subsubsection.13.1.7.2}{Of non-negative linear combo}{subsection.13.1.7}
\BOOKMARK [3][-]{subsubsection.13.1.7.3}{Of f\(Ax + b\)}{subsection.13.1.7}
\BOOKMARK [3][-]{subsubsection.13.1.7.4}{Of max of functionals}{subsection.13.1.7}
\BOOKMARK [3][-]{subsubsection.13.1.7.5}{Subdifferentials of norms}{subsection.13.1.7}
\BOOKMARK [2][-]{subsection.13.1.8}{Operations which preserve convexity}{section.13.1}
\BOOKMARK [3][-]{subsubsection.13.1.8.1}{Sum, max}{subsection.13.1.8}
\BOOKMARK [3][-]{subsubsection.13.1.8.2}{Minimization over some dimensions}{subsection.13.1.8}
\BOOKMARK [3][-]{subsubsection.13.1.8.3}{Composition with affine transform}{subsection.13.1.8}
\BOOKMARK [3][-]{subsubsection.13.1.8.4}{Other compositions}{subsection.13.1.8}
\BOOKMARK [3][-]{subsubsection.13.1.8.5}{Transformations}{subsection.13.1.8}
\BOOKMARK [2][-]{subsection.13.1.9}{Important instances}{section.13.1}
\BOOKMARK [3][-]{subsubsection.13.1.9.1}{In R}{subsection.13.1.9}
\BOOKMARK [3][-]{subsubsection.13.1.9.2}{Matrix functionals}{subsection.13.1.9}
\BOOKMARK [3][-]{subsubsection.13.1.9.3}{Log sum exponents}{subsection.13.1.9}
\BOOKMARK [3][-]{subsubsection.13.1.9.4}{Other examples}{subsection.13.1.9}
\BOOKMARK [3][-]{subsubsection.13.1.9.5}{Convex quadratic functionals}{subsection.13.1.9}
\BOOKMARK [1][-]{section.13.2}{Other Functional-classes defined using convexity}{chapter.13}
\BOOKMARK [2][-]{subsection.13.2.1}{Concave functionals}{section.13.2}
\BOOKMARK [2][-]{subsection.13.2.2}{Linear functionals}{section.13.2}
\BOOKMARK [2][-]{subsection.13.2.3}{Quasi-convex functionals}{section.13.2}
\BOOKMARK [3][-]{subsubsection.13.2.3.1}{Convex sublevel sets}{subsection.13.2.3}
\BOOKMARK [3][-]{subsubsection.13.2.3.2}{Smoothness along line segment in the domain}{subsection.13.2.3}
\BOOKMARK [3][-]{subsubsection.13.2.3.3}{First order condition}{subsection.13.2.3}
\BOOKMARK [3][-]{subsubsection.13.2.3.4}{Importance}{subsection.13.2.3}
\BOOKMARK [2][-]{subsection.13.2.4}{Log concave functional f}{section.13.2}
\BOOKMARK [3][-]{subsubsection.13.2.4.1}{Importance}{subsection.13.2.4}
\BOOKMARK [3][-]{subsubsection.13.2.4.2}{Properties}{subsection.13.2.4}
\BOOKMARK [0][-]{chapter.14}{Homogenous forms}{part.3}
\BOOKMARK [1][-]{section.14.1}{As Polynomials}{chapter.14}
\BOOKMARK [2][-]{subsection.14.1.1}{Importance}{section.14.1}
\BOOKMARK [1][-]{section.14.2}{Quadratic form}{chapter.14}
\BOOKMARK [2][-]{subsection.14.2.1}{Representation}{section.14.2}
\BOOKMARK [2][-]{subsection.14.2.2}{Symmetrification}{section.14.2}
\BOOKMARK [2][-]{subsection.14.2.3}{Connection to triple matrix product}{section.14.2}
\BOOKMARK [1][-]{section.14.3}{Generalizations}{chapter.14}
\BOOKMARK [2][-]{subsection.14.3.1}{Monomial}{section.14.3}
\BOOKMARK [2][-]{subsection.14.3.2}{Posynomial}{section.14.3}
\BOOKMARK [0][-]{chapter.15}{Other Important functional classes}{part.3}
\BOOKMARK [1][-]{section.15.1}{Important functionals}{chapter.15}
\BOOKMARK [2][-]{subsection.15.1.1}{Radial basis functionals}{section.15.1}
\BOOKMARK [2][-]{subsection.15.1.2}{Barrier functional}{section.15.1}
\BOOKMARK [1][-]{section.15.2}{Kernel function k}{chapter.15}
\BOOKMARK [2][-]{subsection.15.2.1}{Importance}{section.15.2}
\BOOKMARK [2][-]{subsection.15.2.2}{Kernel fn}{section.15.2}
\BOOKMARK [3][-]{subsubsection.15.2.2.1}{Association with kernels of integral transforms}{subsection.15.2.2}
\BOOKMARK [2][-]{subsection.15.2.3}{Kernel properties}{section.15.2}
\BOOKMARK [2][-]{subsection.15.2.4}{Some kernels}{section.15.2}
\BOOKMARK [3][-]{subsubsection.15.2.4.1}{Gaussian kernel}{subsection.15.2.4}
\BOOKMARK [1][-]{section.15.3}{Self concordance}{chapter.15}
\BOOKMARK [2][-]{subsection.15.3.1}{Definition}{section.15.3}
\BOOKMARK [3][-]{subsubsection.15.3.1.1}{R to R functions}{subsection.15.3.1}
\BOOKMARK [3][-]{subsubsection.15.3.1.2}{Functionals: restriction to a line}{subsection.15.3.1}
\BOOKMARK [2][-]{subsection.15.3.2}{Examples in R}{section.15.3}
\BOOKMARK [2][-]{subsection.15.3.3}{Invariance to operations}{section.15.3}
\BOOKMARK [2][-]{subsection.15.3.4}{Importance}{section.15.3}
\BOOKMARK [-1][-]{part.4}{Vector functions and relations}{}
\BOOKMARK [0][-]{chapter.16}{Vector-valued functions}{part.4}
\BOOKMARK [1][-]{section.16.1}{Functions across vector spaces}{chapter.16}
\BOOKMARK [2][-]{subsection.16.1.1}{Functional sequence view}{section.16.1}
\BOOKMARK [1][-]{section.16.2}{Properties}{chapter.16}
\BOOKMARK [2][-]{subsection.16.2.1}{Topological properties}{section.16.2}
\BOOKMARK [2][-]{subsection.16.2.2}{Linearity}{section.16.2}
\BOOKMARK [3][-]{subsubsection.16.2.2.1}{Bilinearity}{subsection.16.2.2}
\BOOKMARK [2][-]{subsection.16.2.3}{Generalized convexity}{section.16.2}
\BOOKMARK [0][-]{chapter.17}{Differential function}{part.4}
\BOOKMARK [1][-]{section.17.1}{Directional differential function at x}{chapter.17}
\BOOKMARK [1][-]{section.17.2}{Derivative matrix}{chapter.17}
\BOOKMARK [2][-]{subsection.17.2.1}{Motivation using directional derivatives}{section.17.2}
\BOOKMARK [2][-]{subsection.17.2.2}{Arrangement as rows}{section.17.2}
\BOOKMARK [2][-]{subsection.17.2.3}{Note about dimensions}{section.17.2}
\BOOKMARK [1][-]{section.17.3}{Differential operator}{chapter.17}
\BOOKMARK [2][-]{subsection.17.3.1}{Row-valued functions}{section.17.3}
\BOOKMARK [2][-]{subsection.17.3.2}{Product of functions}{section.17.3}
\BOOKMARK [2][-]{subsection.17.3.3}{Composition of functions: chain rule}{section.17.3}
\BOOKMARK [3][-]{subsubsection.17.3.3.1}{Directional differential functions}{subsection.17.3.3}
\BOOKMARK [3][-]{subsubsection.17.3.3.2}{In matrix representation}{subsection.17.3.3}
\BOOKMARK [2][-]{subsection.17.3.4}{Linear and constant functions}{section.17.3}
\BOOKMARK [1][-]{section.17.4}{Non-triviality of inversion}{chapter.17}
\BOOKMARK [0][-]{chapter.18}{Notable types}{part.4}
\BOOKMARK [1][-]{section.18.1}{Functions over N: Sequences of vectors}{chapter.18}
\BOOKMARK [2][-]{subsection.18.1.1}{Convergence}{section.18.1}
\BOOKMARK [1][-]{section.18.2}{Curve}{chapter.18}
\BOOKMARK [2][-]{subsection.18.2.1}{Plane curves}{section.18.2}
\BOOKMARK [3][-]{subsubsection.18.2.1.1}{Elliptic curve}{subsection.18.2.1}
\BOOKMARK [3][-]{subsubsection.18.2.1.2}{..}{subsection.18.2.1}
\BOOKMARK [1][-]{section.18.3}{Other V to V functions}{chapter.18}
\BOOKMARK [2][-]{subsection.18.3.1}{Linear function}{section.18.3}
\BOOKMARK [2][-]{subsection.18.3.2}{Generalized projection operation}{section.18.3}
\BOOKMARK [2][-]{subsection.18.3.3}{Perspective function}{section.18.3}
\BOOKMARK [2][-]{subsection.18.3.4}{Linear fractional fn}{section.18.3}
\BOOKMARK [2][-]{subsection.18.3.5}{Affine functions between vector spaces}{section.18.3}
\BOOKMARK [2][-]{subsection.18.3.6}{Soft-thresholding operator}{section.18.3}
\BOOKMARK [0][-]{chapter.19}{Relations over vector spaces}{part.4}
\BOOKMARK [1][-]{section.19.1}{Majorization}{chapter.19}
\BOOKMARK [2][-]{subsection.19.1.1}{Interleaving}{section.19.1}
\BOOKMARK [2][-]{subsection.19.1.2}{Connection with stochastic matrices}{section.19.1}
\BOOKMARK [2][-]{subsection.19.1.3}{Weak majorization}{section.19.1}
\BOOKMARK [3][-]{subsubsection.19.1.3.1}{Connection with stochatic matrices}{subsection.19.1.3}
\BOOKMARK [2][-]{subsection.19.1.4}{Weak Majorization and convex increasing fn}{section.19.1}
\BOOKMARK [0][-]{section*.30}{Bibliography}{part.4}
