\BOOKMARK [0][-]{section*.1}{Contents}{}
\BOOKMARK [-1][-]{part.1}{Themes}{}
\BOOKMARK [0][-]{section.0.1}{Characterization of research effort}{part.1}
\BOOKMARK [-1][-]{part.2}{Computational biochemistry}{}
\BOOKMARK [0][-]{section.0.2}{Protein structure prediction}{part.2}
\BOOKMARK [1][-]{subsection.0.2.1}{Protein structure}{section.0.2}
\BOOKMARK [2][-]{subsubsection.0.2.1.1}{Nature of movement}{subsection.0.2.1}
\BOOKMARK [3][-]{subsubsection.0.2.1.2}{Folding in nature}{subsubsection.0.2.1.1}
\BOOKMARK [2][-]{subsection.0.2.2}{Importance}{subsection.0.2.1}
\BOOKMARK [2][-]{subsection.0.2.3}{Approaches}{subsection.0.2.1}
\BOOKMARK [1][-]{section.0.3}{Protein flexibility analysis}{section.0.2}
\BOOKMARK [-1][-]{part.3}{Genomics}{}
\BOOKMARK [0][-]{chapter.1}{Sequencing}{part.3}
\BOOKMARK [1][-]{section.1.1}{Shortgun sequencing}{chapter.1}
\BOOKMARK [1][-]{section.1.2}{Social impact}{chapter.1}
\BOOKMARK [2][-]{subsection.1.2.1}{Forensics}{section.1.2}
\BOOKMARK [2][-]{subsection.1.2.2}{Personalized medicine}{section.1.2}
\BOOKMARK [3][-]{subsubsection.1.2.2.1}{Risk identification}{subsection.1.2.2}
\BOOKMARK [3][-]{subsubsection.1.2.2.2}{Better diagnosis}{subsection.1.2.2}
\BOOKMARK [2][-]{subsection.1.2.3}{History and legal issues}{section.1.2}
\BOOKMARK [0][-]{chapter.2}{Regulatory networks}{part.3}
\BOOKMARK [-1][-]{part.4}{Computational neuroscience}{}
\BOOKMARK [0][-]{section.2.1}{Sensory cortex: functioning and structure}{part.4}
\BOOKMARK [-1][-]{part.5}{Phylogenetics}{}
\BOOKMARK [-1][-]{part.6}{Understanding animal behavior}{}
\BOOKMARK [0][-]{section.2.2}{Themes}{part.6}
